2023-03-20 10:30:58,404 WARN [http-nio-8080-exec-5] o.t.s.p.AbstractStandardFragmentInsertionTagProcessor [AbstractStandardFragmentInsertionTagProcessor.java:385] [THYMELEAF][http-nio-8080-exec-5][/site/setting] Deprecated unwrapped fragment expression "index::header" found in template /site/setting, line 15, col 38. Please use the complete syntax of fragment expressions instead ("~{index::header}"). The old, unwrapped syntax for fragment expressions will be removed in future versions of Thymeleaf.
2023-03-20 11:19:42,121 WARN [http-nio-8080-exec-2] o.t.s.p.AbstractStandardFragmentInsertionTagProcessor [AbstractStandardFragmentInsertionTagProcessor.java:385] [THYMELEAF][http-nio-8080-exec-2][/site/login] Deprecated unwrapped fragment expression "index::header" found in template /site/login, line 15, col 37. Please use the complete syntax of fragment expressions instead ("~{index::header}"). The old, unwrapped syntax for fragment expressions will be removed in future versions of Thymeleaf.
2023-03-20 11:37:13,192 WARN [http-nio-8080-exec-1] o.t.s.p.AbstractStandardFragmentInsertionTagProcessor [AbstractStandardFragmentInsertionTagProcessor.java:385] [THYMELEAF][http-nio-8080-exec-1][/site/forget] Deprecated unwrapped fragment expression "index::header" found in template /site/forget, line 15, col 38. Please use the complete syntax of fragment expressions instead ("~{index::header}"). The old, unwrapped syntax for fragment expressions will be removed in future versions of Thymeleaf.
2023-03-20 14:33:19,954 WARN [main] o.s.b.t.j.DuplicateJsonObjectContextCustomizerFactory$DuplicateJsonObjectContextCustomizer [DuplicateJsonObjectContextCustomizerFactory.java:78] 

Found multiple occurrences of org.json.JSONObject on the class path:

	jar:file:/Users/zhikaixu/.m2/repository/com/vaadin/external/google/android-json/0.0.20131108.vaadin1/android-json-0.0.20131108.vaadin1.jar!/org/json/JSONObject.class
	jar:file:/Users/zhikaixu/.m2/repository/org/json/json/20210307/json-20210307.jar!/org/json/JSONObject.class

You may wish to exclude one of them to ensure predictable runtime behavior

2023-03-20 14:42:19,024 WARN [main] o.s.b.t.j.DuplicateJsonObjectContextCustomizerFactory$DuplicateJsonObjectContextCustomizer [DuplicateJsonObjectContextCustomizerFactory.java:78] 

Found multiple occurrences of org.json.JSONObject on the class path:

	jar:file:/Users/zhikaixu/.m2/repository/com/vaadin/external/google/android-json/0.0.20131108.vaadin1/android-json-0.0.20131108.vaadin1.jar!/org/json/JSONObject.class
	jar:file:/Users/zhikaixu/.m2/repository/org/json/json/20210307/json-20210307.jar!/org/json/JSONObject.class

You may wish to exclude one of them to ensure predictable runtime behavior

2023-03-20 14:42:42,798 WARN [http-nio-8080-exec-7] o.t.s.p.AbstractStandardFragmentInsertionTagProcessor [AbstractStandardFragmentInsertionTagProcessor.java:385] [THYMELEAF][http-nio-8080-exec-7][/site/login] Deprecated unwrapped fragment expression "index::header" found in template /site/login, line 15, col 37. Please use the complete syntax of fragment expressions instead ("~{index::header}"). The old, unwrapped syntax for fragment expressions will be removed in future versions of Thymeleaf.
2023-03-20 14:42:45,156 WARN [http-nio-8080-exec-2] o.t.s.p.AbstractStandardFragmentInsertionTagProcessor [AbstractStandardFragmentInsertionTagProcessor.java:385] [THYMELEAF][http-nio-8080-exec-2][/site/forget] Deprecated unwrapped fragment expression "index::header" found in template /site/forget, line 15, col 38. Please use the complete syntax of fragment expressions instead ("~{index::header}"). The old, unwrapped syntax for fragment expressions will be removed in future versions of Thymeleaf.
2023-03-20 14:48:23,173 WARN [main] o.s.b.t.j.DuplicateJsonObjectContextCustomizerFactory$DuplicateJsonObjectContextCustomizer [DuplicateJsonObjectContextCustomizerFactory.java:78] 

Found multiple occurrences of org.json.JSONObject on the class path:

	jar:file:/Users/zhikaixu/.m2/repository/com/vaadin/external/google/android-json/0.0.20131108.vaadin1/android-json-0.0.20131108.vaadin1.jar!/org/json/JSONObject.class
	jar:file:/Users/zhikaixu/.m2/repository/org/json/json/20210307/json-20210307.jar!/org/json/JSONObject.class

You may wish to exclude one of them to ensure predictable runtime behavior

2023-03-20 14:50:07,332 WARN [main] o.s.b.t.j.DuplicateJsonObjectContextCustomizerFactory$DuplicateJsonObjectContextCustomizer [DuplicateJsonObjectContextCustomizerFactory.java:78] 

Found multiple occurrences of org.json.JSONObject on the class path:

	jar:file:/Users/zhikaixu/.m2/repository/com/vaadin/external/google/android-json/0.0.20131108.vaadin1/android-json-0.0.20131108.vaadin1.jar!/org/json/JSONObject.class
	jar:file:/Users/zhikaixu/.m2/repository/org/json/json/20210307/json-20210307.jar!/org/json/JSONObject.class

You may wish to exclude one of them to ensure predictable runtime behavior

2023-03-20 14:55:23,927 WARN [main] o.s.b.t.j.DuplicateJsonObjectContextCustomizerFactory$DuplicateJsonObjectContextCustomizer [DuplicateJsonObjectContextCustomizerFactory.java:78] 

Found multiple occurrences of org.json.JSONObject on the class path:

	jar:file:/Users/zhikaixu/.m2/repository/com/vaadin/external/google/android-json/0.0.20131108.vaadin1/android-json-0.0.20131108.vaadin1.jar!/org/json/JSONObject.class
	jar:file:/Users/zhikaixu/.m2/repository/org/json/json/20210307/json-20210307.jar!/org/json/JSONObject.class

You may wish to exclude one of them to ensure predictable runtime behavior

2023-03-20 14:55:35,354 WARN [http-nio-8080-exec-1] o.t.s.p.AbstractStandardFragmentInsertionTagProcessor [AbstractStandardFragmentInsertionTagProcessor.java:385] [THYMELEAF][http-nio-8080-exec-1][/site/forget] Deprecated unwrapped fragment expression "index::header" found in template /site/forget, line 15, col 38. Please use the complete syntax of fragment expressions instead ("~{index::header}"). The old, unwrapped syntax for fragment expressions will be removed in future versions of Thymeleaf.
2023-03-20 14:56:58,942 WARN [main] o.s.b.t.j.DuplicateJsonObjectContextCustomizerFactory$DuplicateJsonObjectContextCustomizer [DuplicateJsonObjectContextCustomizerFactory.java:78] 

Found multiple occurrences of org.json.JSONObject on the class path:

	jar:file:/Users/zhikaixu/.m2/repository/com/vaadin/external/google/android-json/0.0.20131108.vaadin1/android-json-0.0.20131108.vaadin1.jar!/org/json/JSONObject.class
	jar:file:/Users/zhikaixu/.m2/repository/org/json/json/20210307/json-20210307.jar!/org/json/JSONObject.class

You may wish to exclude one of them to ensure predictable runtime behavior

2023-03-20 14:57:14,010 WARN [http-nio-8080-exec-1] o.t.s.p.AbstractStandardFragmentInsertionTagProcessor [AbstractStandardFragmentInsertionTagProcessor.java:385] [THYMELEAF][http-nio-8080-exec-1][/site/forget] Deprecated unwrapped fragment expression "index::header" found in template /site/forget, line 15, col 38. Please use the complete syntax of fragment expressions instead ("~{index::header}"). The old, unwrapped syntax for fragment expressions will be removed in future versions of Thymeleaf.
