2023-04-04 16:03:17,170 ERROR [http-nio-8080-exec-6] c.n.c.c.a.ExceptionAdvice [ExceptionAdvice.java:24] 服务器发生异常: For input string: "abc"
2023-04-04 16:03:17,174 ERROR [http-nio-8080-exec-6] c.n.c.c.a.ExceptionAdvice [ExceptionAdvice.java:26] java.base/java.lang.NumberFormatException.forInputString(NumberFormatException.java:67)
2023-04-04 16:03:17,175 ERROR [http-nio-8080-exec-6] c.n.c.c.a.ExceptionAdvice [ExceptionAdvice.java:26] java.base/java.lang.Integer.parseInt(Integer.java:668)
2023-04-04 16:03:17,177 ERROR [http-nio-8080-exec-6] c.n.c.c.a.ExceptionAdvice [ExceptionAdvice.java:26] java.base/java.lang.Integer.valueOf(Integer.java:999)
2023-04-04 16:03:17,178 ERROR [http-nio-8080-exec-6] c.n.c.c.a.ExceptionAdvice [ExceptionAdvice.java:26] com.nowcoder.community.controller.MessageController.getLetterList(MessageController.java:62)
2023-04-04 16:03:17,179 ERROR [http-nio-8080-exec-6] c.n.c.c.a.ExceptionAdvice [ExceptionAdvice.java:26] java.base/jdk.internal.reflect.NativeMethodAccessorImpl.invoke0(Native Method)
2023-04-04 16:03:17,180 ERROR [http-nio-8080-exec-6] c.n.c.c.a.ExceptionAdvice [ExceptionAdvice.java:26] java.base/jdk.internal.reflect.NativeMethodAccessorImpl.invoke(NativeMethodAccessorImpl.java:77)
2023-04-04 16:03:17,182 ERROR [http-nio-8080-exec-6] c.n.c.c.a.ExceptionAdvice [ExceptionAdvice.java:26] java.base/jdk.internal.reflect.DelegatingMethodAccessorImpl.invoke(DelegatingMethodAccessorImpl.java:43)
2023-04-04 16:03:17,183 ERROR [http-nio-8080-exec-6] c.n.c.c.a.ExceptionAdvice [ExceptionAdvice.java:26] java.base/java.lang.reflect.Method.invoke(Method.java:568)
2023-04-04 16:03:17,184 ERROR [http-nio-8080-exec-6] c.n.c.c.a.ExceptionAdvice [ExceptionAdvice.java:26] org.springframework.web.method.support.InvocableHandlerMethod.doInvoke(InvocableHandlerMethod.java:207)
2023-04-04 16:03:17,185 ERROR [http-nio-8080-exec-6] c.n.c.c.a.ExceptionAdvice [ExceptionAdvice.java:26] org.springframework.web.method.support.InvocableHandlerMethod.invokeForRequest(InvocableHandlerMethod.java:152)
2023-04-04 16:03:17,187 ERROR [http-nio-8080-exec-6] c.n.c.c.a.ExceptionAdvice [ExceptionAdvice.java:26] org.springframework.web.servlet.mvc.method.annotation.ServletInvocableHandlerMethod.invokeAndHandle(ServletInvocableHandlerMethod.java:117)
2023-04-04 16:03:17,188 ERROR [http-nio-8080-exec-6] c.n.c.c.a.ExceptionAdvice [ExceptionAdvice.java:26] org.springframework.web.servlet.mvc.method.annotation.RequestMappingHandlerAdapter.invokeHandlerMethod(RequestMappingHandlerAdapter.java:884)
2023-04-04 16:03:17,190 ERROR [http-nio-8080-exec-6] c.n.c.c.a.ExceptionAdvice [ExceptionAdvice.java:26] org.springframework.web.servlet.mvc.method.annotation.RequestMappingHandlerAdapter.handleInternal(RequestMappingHandlerAdapter.java:797)
2023-04-04 16:03:17,191 ERROR [http-nio-8080-exec-6] c.n.c.c.a.ExceptionAdvice [ExceptionAdvice.java:26] org.springframework.web.servlet.mvc.method.AbstractHandlerMethodAdapter.handle(AbstractHandlerMethodAdapter.java:87)
2023-04-04 16:03:17,192 ERROR [http-nio-8080-exec-6] c.n.c.c.a.ExceptionAdvice [ExceptionAdvice.java:26] org.springframework.web.servlet.DispatcherServlet.doDispatch(DispatcherServlet.java:1080)
2023-04-04 16:03:17,193 ERROR [http-nio-8080-exec-6] c.n.c.c.a.ExceptionAdvice [ExceptionAdvice.java:26] org.springframework.web.servlet.DispatcherServlet.doService(DispatcherServlet.java:973)
2023-04-04 16:03:17,195 ERROR [http-nio-8080-exec-6] c.n.c.c.a.ExceptionAdvice [ExceptionAdvice.java:26] org.springframework.web.servlet.FrameworkServlet.processRequest(FrameworkServlet.java:1011)
2023-04-04 16:03:17,196 ERROR [http-nio-8080-exec-6] c.n.c.c.a.ExceptionAdvice [ExceptionAdvice.java:26] org.springframework.web.servlet.FrameworkServlet.doGet(FrameworkServlet.java:903)
2023-04-04 16:03:17,197 ERROR [http-nio-8080-exec-6] c.n.c.c.a.ExceptionAdvice [ExceptionAdvice.java:26] jakarta.servlet.http.HttpServlet.service(HttpServlet.java:705)
2023-04-04 16:03:17,198 ERROR [http-nio-8080-exec-6] c.n.c.c.a.ExceptionAdvice [ExceptionAdvice.java:26] org.springframework.web.servlet.FrameworkServlet.service(FrameworkServlet.java:885)
2023-04-04 16:03:17,200 ERROR [http-nio-8080-exec-6] c.n.c.c.a.ExceptionAdvice [ExceptionAdvice.java:26] jakarta.servlet.http.HttpServlet.service(HttpServlet.java:814)
2023-04-04 16:03:17,202 ERROR [http-nio-8080-exec-6] c.n.c.c.a.ExceptionAdvice [ExceptionAdvice.java:26] org.apache.catalina.core.ApplicationFilterChain.internalDoFilter(ApplicationFilterChain.java:223)
2023-04-04 16:03:17,203 ERROR [http-nio-8080-exec-6] c.n.c.c.a.ExceptionAdvice [ExceptionAdvice.java:26] org.apache.catalina.core.ApplicationFilterChain.doFilter(ApplicationFilterChain.java:158)
2023-04-04 16:03:17,204 ERROR [http-nio-8080-exec-6] c.n.c.c.a.ExceptionAdvice [ExceptionAdvice.java:26] org.apache.tomcat.websocket.server.WsFilter.doFilter(WsFilter.java:53)
2023-04-04 16:03:17,205 ERROR [http-nio-8080-exec-6] c.n.c.c.a.ExceptionAdvice [ExceptionAdvice.java:26] org.apache.catalina.core.ApplicationFilterChain.internalDoFilter(ApplicationFilterChain.java:185)
2023-04-04 16:03:17,206 ERROR [http-nio-8080-exec-6] c.n.c.c.a.ExceptionAdvice [ExceptionAdvice.java:26] org.apache.catalina.core.ApplicationFilterChain.doFilter(ApplicationFilterChain.java:158)
2023-04-04 16:03:17,208 ERROR [http-nio-8080-exec-6] c.n.c.c.a.ExceptionAdvice [ExceptionAdvice.java:26] org.springframework.web.filter.CharacterEncodingFilter.doFilterInternal(CharacterEncodingFilter.java:201)
2023-04-04 16:03:17,210 ERROR [http-nio-8080-exec-6] c.n.c.c.a.ExceptionAdvice [ExceptionAdvice.java:26] org.springframework.web.filter.OncePerRequestFilter.doFilter(OncePerRequestFilter.java:116)
2023-04-04 16:03:17,211 ERROR [http-nio-8080-exec-6] c.n.c.c.a.ExceptionAdvice [ExceptionAdvice.java:26] org.apache.catalina.core.ApplicationFilterChain.internalDoFilter(ApplicationFilterChain.java:185)
2023-04-04 16:03:17,213 ERROR [http-nio-8080-exec-6] c.n.c.c.a.ExceptionAdvice [ExceptionAdvice.java:26] org.apache.catalina.core.ApplicationFilterChain.doFilter(ApplicationFilterChain.java:158)
2023-04-04 16:03:17,214 ERROR [http-nio-8080-exec-6] c.n.c.c.a.ExceptionAdvice [ExceptionAdvice.java:26] org.apache.catalina.core.StandardWrapperValve.invoke(StandardWrapperValve.java:177)
2023-04-04 16:03:17,215 ERROR [http-nio-8080-exec-6] c.n.c.c.a.ExceptionAdvice [ExceptionAdvice.java:26] org.apache.catalina.core.StandardContextValve.invoke(StandardContextValve.java:97)
2023-04-04 16:03:17,216 ERROR [http-nio-8080-exec-6] c.n.c.c.a.ExceptionAdvice [ExceptionAdvice.java:26] org.apache.catalina.authenticator.AuthenticatorBase.invoke(AuthenticatorBase.java:542)
2023-04-04 16:03:17,218 ERROR [http-nio-8080-exec-6] c.n.c.c.a.ExceptionAdvice [ExceptionAdvice.java:26] org.apache.catalina.core.StandardHostValve.invoke(StandardHostValve.java:119)
2023-04-04 16:03:17,219 ERROR [http-nio-8080-exec-6] c.n.c.c.a.ExceptionAdvice [ExceptionAdvice.java:26] org.apache.catalina.valves.ErrorReportValve.invoke(ErrorReportValve.java:92)
2023-04-04 16:03:17,220 ERROR [http-nio-8080-exec-6] c.n.c.c.a.ExceptionAdvice [ExceptionAdvice.java:26] org.apache.catalina.core.StandardEngineValve.invoke(StandardEngineValve.java:78)
2023-04-04 16:03:17,221 ERROR [http-nio-8080-exec-6] c.n.c.c.a.ExceptionAdvice [ExceptionAdvice.java:26] org.apache.catalina.connector.CoyoteAdapter.service(CoyoteAdapter.java:357)
2023-04-04 16:03:17,222 ERROR [http-nio-8080-exec-6] c.n.c.c.a.ExceptionAdvice [ExceptionAdvice.java:26] org.apache.coyote.http11.Http11Processor.service(Http11Processor.java:400)
2023-04-04 16:03:17,223 ERROR [http-nio-8080-exec-6] c.n.c.c.a.ExceptionAdvice [ExceptionAdvice.java:26] org.apache.coyote.AbstractProcessorLight.process(AbstractProcessorLight.java:65)
2023-04-04 16:03:17,225 ERROR [http-nio-8080-exec-6] c.n.c.c.a.ExceptionAdvice [ExceptionAdvice.java:26] org.apache.coyote.AbstractProtocol$ConnectionHandler.process(AbstractProtocol.java:859)
2023-04-04 16:03:17,226 ERROR [http-nio-8080-exec-6] c.n.c.c.a.ExceptionAdvice [ExceptionAdvice.java:26] org.apache.tomcat.util.net.NioEndpoint$SocketProcessor.doRun(NioEndpoint.java:1734)
2023-04-04 16:03:17,227 ERROR [http-nio-8080-exec-6] c.n.c.c.a.ExceptionAdvice [ExceptionAdvice.java:26] org.apache.tomcat.util.net.SocketProcessorBase.run(SocketProcessorBase.java:52)
2023-04-04 16:03:17,229 ERROR [http-nio-8080-exec-6] c.n.c.c.a.ExceptionAdvice [ExceptionAdvice.java:26] org.apache.tomcat.util.threads.ThreadPoolExecutor.runWorker(ThreadPoolExecutor.java:1191)
2023-04-04 16:03:17,230 ERROR [http-nio-8080-exec-6] c.n.c.c.a.ExceptionAdvice [ExceptionAdvice.java:26] org.apache.tomcat.util.threads.ThreadPoolExecutor$Worker.run(ThreadPoolExecutor.java:659)
2023-04-04 16:03:17,232 ERROR [http-nio-8080-exec-6] c.n.c.c.a.ExceptionAdvice [ExceptionAdvice.java:26] org.apache.tomcat.util.threads.TaskThread$WrappingRunnable.run(TaskThread.java:61)
2023-04-04 16:03:17,233 ERROR [http-nio-8080-exec-6] c.n.c.c.a.ExceptionAdvice [ExceptionAdvice.java:26] java.base/java.lang.Thread.run(Thread.java:833)
