2023-04-11 15:28:12,257 ERROR [http-nio-8080-exec-6] c.n.c.c.a.ExceptionAdvice [ExceptionAdvice.java:24] 服务器发生异常: Failed to convert value of type 'java.lang.String' to required type 'int'; For input string: "profile.html"
2023-04-11 15:28:12,264 ERROR [http-nio-8080-exec-6] c.n.c.c.a.ExceptionAdvice [ExceptionAdvice.java:26] org.springframework.web.method.annotation.AbstractNamedValueMethodArgumentResolver.resolveArgument(AbstractNamedValueMethodArgumentResolver.java:133)
2023-04-11 15:28:12,265 ERROR [http-nio-8080-exec-6] c.n.c.c.a.ExceptionAdvice [ExceptionAdvice.java:26] org.springframework.web.method.support.HandlerMethodArgumentResolverComposite.resolveArgument(HandlerMethodArgumentResolverComposite.java:122)
2023-04-11 15:28:12,265 ERROR [http-nio-8080-exec-6] c.n.c.c.a.ExceptionAdvice [ExceptionAdvice.java:26] org.springframework.web.method.support.InvocableHandlerMethod.getMethodArgumentValues(InvocableHandlerMethod.java:181)
2023-04-11 15:28:12,266 ERROR [http-nio-8080-exec-6] c.n.c.c.a.ExceptionAdvice [ExceptionAdvice.java:26] org.springframework.web.method.support.InvocableHandlerMethod.invokeForRequest(InvocableHandlerMethod.java:148)
2023-04-11 15:28:12,268 ERROR [http-nio-8080-exec-6] c.n.c.c.a.ExceptionAdvice [ExceptionAdvice.java:26] org.springframework.web.servlet.mvc.method.annotation.ServletInvocableHandlerMethod.invokeAndHandle(ServletInvocableHandlerMethod.java:117)
2023-04-11 15:28:12,269 ERROR [http-nio-8080-exec-6] c.n.c.c.a.ExceptionAdvice [ExceptionAdvice.java:26] org.springframework.web.servlet.mvc.method.annotation.RequestMappingHandlerAdapter.invokeHandlerMethod(RequestMappingHandlerAdapter.java:884)
2023-04-11 15:28:12,270 ERROR [http-nio-8080-exec-6] c.n.c.c.a.ExceptionAdvice [ExceptionAdvice.java:26] org.springframework.web.servlet.mvc.method.annotation.RequestMappingHandlerAdapter.handleInternal(RequestMappingHandlerAdapter.java:797)
2023-04-11 15:28:12,271 ERROR [http-nio-8080-exec-6] c.n.c.c.a.ExceptionAdvice [ExceptionAdvice.java:26] org.springframework.web.servlet.mvc.method.AbstractHandlerMethodAdapter.handle(AbstractHandlerMethodAdapter.java:87)
2023-04-11 15:28:12,272 ERROR [http-nio-8080-exec-6] c.n.c.c.a.ExceptionAdvice [ExceptionAdvice.java:26] org.springframework.web.servlet.DispatcherServlet.doDispatch(DispatcherServlet.java:1080)
2023-04-11 15:28:12,273 ERROR [http-nio-8080-exec-6] c.n.c.c.a.ExceptionAdvice [ExceptionAdvice.java:26] org.springframework.web.servlet.DispatcherServlet.doService(DispatcherServlet.java:973)
2023-04-11 15:28:12,274 ERROR [http-nio-8080-exec-6] c.n.c.c.a.ExceptionAdvice [ExceptionAdvice.java:26] org.springframework.web.servlet.FrameworkServlet.processRequest(FrameworkServlet.java:1011)
2023-04-11 15:28:12,275 ERROR [http-nio-8080-exec-6] c.n.c.c.a.ExceptionAdvice [ExceptionAdvice.java:26] org.springframework.web.servlet.FrameworkServlet.doGet(FrameworkServlet.java:903)
2023-04-11 15:28:12,276 ERROR [http-nio-8080-exec-6] c.n.c.c.a.ExceptionAdvice [ExceptionAdvice.java:26] jakarta.servlet.http.HttpServlet.service(HttpServlet.java:705)
2023-04-11 15:28:12,277 ERROR [http-nio-8080-exec-6] c.n.c.c.a.ExceptionAdvice [ExceptionAdvice.java:26] org.springframework.web.servlet.FrameworkServlet.service(FrameworkServlet.java:885)
2023-04-11 15:28:12,278 ERROR [http-nio-8080-exec-6] c.n.c.c.a.ExceptionAdvice [ExceptionAdvice.java:26] jakarta.servlet.http.HttpServlet.service(HttpServlet.java:814)
2023-04-11 15:28:12,279 ERROR [http-nio-8080-exec-6] c.n.c.c.a.ExceptionAdvice [ExceptionAdvice.java:26] org.apache.catalina.core.ApplicationFilterChain.internalDoFilter(ApplicationFilterChain.java:223)
2023-04-11 15:28:12,280 ERROR [http-nio-8080-exec-6] c.n.c.c.a.ExceptionAdvice [ExceptionAdvice.java:26] org.apache.catalina.core.ApplicationFilterChain.doFilter(ApplicationFilterChain.java:158)
2023-04-11 15:28:12,281 ERROR [http-nio-8080-exec-6] c.n.c.c.a.ExceptionAdvice [ExceptionAdvice.java:26] org.apache.tomcat.websocket.server.WsFilter.doFilter(WsFilter.java:53)
2023-04-11 15:28:12,282 ERROR [http-nio-8080-exec-6] c.n.c.c.a.ExceptionAdvice [ExceptionAdvice.java:26] org.apache.catalina.core.ApplicationFilterChain.internalDoFilter(ApplicationFilterChain.java:185)
2023-04-11 15:28:12,283 ERROR [http-nio-8080-exec-6] c.n.c.c.a.ExceptionAdvice [ExceptionAdvice.java:26] org.apache.catalina.core.ApplicationFilterChain.doFilter(ApplicationFilterChain.java:158)
2023-04-11 15:28:12,284 ERROR [http-nio-8080-exec-6] c.n.c.c.a.ExceptionAdvice [ExceptionAdvice.java:26] org.springframework.web.filter.CharacterEncodingFilter.doFilterInternal(CharacterEncodingFilter.java:201)
2023-04-11 15:28:12,285 ERROR [http-nio-8080-exec-6] c.n.c.c.a.ExceptionAdvice [ExceptionAdvice.java:26] org.springframework.web.filter.OncePerRequestFilter.doFilter(OncePerRequestFilter.java:116)
2023-04-11 15:28:12,286 ERROR [http-nio-8080-exec-6] c.n.c.c.a.ExceptionAdvice [ExceptionAdvice.java:26] org.apache.catalina.core.ApplicationFilterChain.internalDoFilter(ApplicationFilterChain.java:185)
2023-04-11 15:28:12,287 ERROR [http-nio-8080-exec-6] c.n.c.c.a.ExceptionAdvice [ExceptionAdvice.java:26] org.apache.catalina.core.ApplicationFilterChain.doFilter(ApplicationFilterChain.java:158)
2023-04-11 15:28:12,288 ERROR [http-nio-8080-exec-6] c.n.c.c.a.ExceptionAdvice [ExceptionAdvice.java:26] org.apache.catalina.core.StandardWrapperValve.invoke(StandardWrapperValve.java:177)
2023-04-11 15:28:12,289 ERROR [http-nio-8080-exec-6] c.n.c.c.a.ExceptionAdvice [ExceptionAdvice.java:26] org.apache.catalina.core.StandardContextValve.invoke(StandardContextValve.java:97)
2023-04-11 15:28:12,290 ERROR [http-nio-8080-exec-6] c.n.c.c.a.ExceptionAdvice [ExceptionAdvice.java:26] org.apache.catalina.authenticator.AuthenticatorBase.invoke(AuthenticatorBase.java:542)
2023-04-11 15:28:12,291 ERROR [http-nio-8080-exec-6] c.n.c.c.a.ExceptionAdvice [ExceptionAdvice.java:26] org.apache.catalina.core.StandardHostValve.invoke(StandardHostValve.java:119)
2023-04-11 15:28:12,292 ERROR [http-nio-8080-exec-6] c.n.c.c.a.ExceptionAdvice [ExceptionAdvice.java:26] org.apache.catalina.valves.ErrorReportValve.invoke(ErrorReportValve.java:92)
2023-04-11 15:28:12,293 ERROR [http-nio-8080-exec-6] c.n.c.c.a.ExceptionAdvice [ExceptionAdvice.java:26] org.apache.catalina.core.StandardEngineValve.invoke(StandardEngineValve.java:78)
2023-04-11 15:28:12,294 ERROR [http-nio-8080-exec-6] c.n.c.c.a.ExceptionAdvice [ExceptionAdvice.java:26] org.apache.catalina.connector.CoyoteAdapter.service(CoyoteAdapter.java:357)
2023-04-11 15:28:12,295 ERROR [http-nio-8080-exec-6] c.n.c.c.a.ExceptionAdvice [ExceptionAdvice.java:26] org.apache.coyote.http11.Http11Processor.service(Http11Processor.java:400)
2023-04-11 15:28:12,296 ERROR [http-nio-8080-exec-6] c.n.c.c.a.ExceptionAdvice [ExceptionAdvice.java:26] org.apache.coyote.AbstractProcessorLight.process(AbstractProcessorLight.java:65)
2023-04-11 15:28:12,297 ERROR [http-nio-8080-exec-6] c.n.c.c.a.ExceptionAdvice [ExceptionAdvice.java:26] org.apache.coyote.AbstractProtocol$ConnectionHandler.process(AbstractProtocol.java:859)
2023-04-11 15:28:12,297 ERROR [http-nio-8080-exec-6] c.n.c.c.a.ExceptionAdvice [ExceptionAdvice.java:26] org.apache.tomcat.util.net.NioEndpoint$SocketProcessor.doRun(NioEndpoint.java:1734)
2023-04-11 15:28:12,298 ERROR [http-nio-8080-exec-6] c.n.c.c.a.ExceptionAdvice [ExceptionAdvice.java:26] org.apache.tomcat.util.net.SocketProcessorBase.run(SocketProcessorBase.java:52)
2023-04-11 15:28:12,299 ERROR [http-nio-8080-exec-6] c.n.c.c.a.ExceptionAdvice [ExceptionAdvice.java:26] org.apache.tomcat.util.threads.ThreadPoolExecutor.runWorker(ThreadPoolExecutor.java:1191)
2023-04-11 15:28:12,300 ERROR [http-nio-8080-exec-6] c.n.c.c.a.ExceptionAdvice [ExceptionAdvice.java:26] org.apache.tomcat.util.threads.ThreadPoolExecutor$Worker.run(ThreadPoolExecutor.java:659)
2023-04-11 15:28:12,301 ERROR [http-nio-8080-exec-6] c.n.c.c.a.ExceptionAdvice [ExceptionAdvice.java:26] org.apache.tomcat.util.threads.TaskThread$WrappingRunnable.run(TaskThread.java:61)
2023-04-11 15:28:12,303 ERROR [http-nio-8080-exec-6] c.n.c.c.a.ExceptionAdvice [ExceptionAdvice.java:26] java.base/java.lang.Thread.run(Thread.java:833)
