2023-05-01 15:17:09,186 ERROR [restartedMain] o.s.d.e.r.s.AbstractElasticsearchRepository [AbstractElasticsearchRepository.java:91] failed to load elasticsearch nodes : org.elasticsearch.client.transport.NoNodeAvailableException: None of the configured nodes are available: [{#transport#-1}{m1Oui2ZMTTeUb0FBneGCfg}{127.0.0.1}{127.0.0.1:9300}]
2023-05-01 15:18:11,160 ERROR [restartedMain] o.s.b.SpringApplication [SpringApplication.java:858] Application run failed
org.springframework.context.ApplicationContextException: Failed to start bean 'org.springframework.kafka.config.internalKafkaListenerEndpointRegistry'; nested exception is org.apache.kafka.common.errors.TimeoutException: Timeout expired while fetching topic metadata
	at org.springframework.context.support.DefaultLifecycleProcessor.doStart(DefaultLifecycleProcessor.java:185)
	at org.springframework.context.support.DefaultLifecycleProcessor.access$200(DefaultLifecycleProcessor.java:53)
	at org.springframework.context.support.DefaultLifecycleProcessor$LifecycleGroup.start(DefaultLifecycleProcessor.java:360)
	at org.springframework.context.support.DefaultLifecycleProcessor.startBeans(DefaultLifecycleProcessor.java:158)
	at org.springframework.context.support.DefaultLifecycleProcessor.onRefresh(DefaultLifecycleProcessor.java:122)
	at org.springframework.context.support.AbstractApplicationContext.finishRefresh(AbstractApplicationContext.java:893)
	at org.springframework.boot.web.servlet.context.ServletWebServerApplicationContext.finishRefresh(ServletWebServerApplicationContext.java:163)
	at org.springframework.context.support.AbstractApplicationContext.refresh(AbstractApplicationContext.java:552)
	at org.springframework.boot.web.servlet.context.ServletWebServerApplicationContext.refresh(ServletWebServerApplicationContext.java:142)
	at org.springframework.boot.SpringApplication.refresh(SpringApplication.java:775)
	at org.springframework.boot.SpringApplication.refreshContext(SpringApplication.java:397)
	at org.springframework.boot.SpringApplication.run(SpringApplication.java:316)
	at org.springframework.boot.SpringApplication.run(SpringApplication.java:1260)
	at org.springframework.boot.SpringApplication.run(SpringApplication.java:1248)
	at com.nowcoder.community.CommunityApplication.main(CommunityApplication.java:20)
	at java.base/jdk.internal.reflect.NativeMethodAccessorImpl.invoke0(Native Method)
	at java.base/jdk.internal.reflect.NativeMethodAccessorImpl.invoke(NativeMethodAccessorImpl.java:62)
	at java.base/jdk.internal.reflect.DelegatingMethodAccessorImpl.invoke(DelegatingMethodAccessorImpl.java:43)
	at java.base/java.lang.reflect.Method.invoke(Method.java:567)
	at org.springframework.boot.devtools.restart.RestartLauncher.run(RestartLauncher.java:49)
Caused by: org.apache.kafka.common.errors.TimeoutException: Timeout expired while fetching topic metadata
2023-05-01 15:23:21,116 ERROR [http-nio-8080-exec-2] c.n.c.c.a.ExceptionAdvice [ExceptionAdvice.java:24] 服务器发生异常: null
2023-05-01 15:23:21,117 ERROR [http-nio-8080-exec-2] c.n.c.c.a.ExceptionAdvice [ExceptionAdvice.java:26] com.nowcoder.community.controller.CommentController.addComment(CommentController.java:37)
2023-05-01 15:23:21,117 ERROR [http-nio-8080-exec-2] c.n.c.c.a.ExceptionAdvice [ExceptionAdvice.java:26] java.base/jdk.internal.reflect.NativeMethodAccessorImpl.invoke0(Native Method)
2023-05-01 15:23:21,117 ERROR [http-nio-8080-exec-2] c.n.c.c.a.ExceptionAdvice [ExceptionAdvice.java:26] java.base/jdk.internal.reflect.NativeMethodAccessorImpl.invoke(NativeMethodAccessorImpl.java:62)
2023-05-01 15:23:21,118 ERROR [http-nio-8080-exec-2] c.n.c.c.a.ExceptionAdvice [ExceptionAdvice.java:26] java.base/jdk.internal.reflect.DelegatingMethodAccessorImpl.invoke(DelegatingMethodAccessorImpl.java:43)
2023-05-01 15:23:21,118 ERROR [http-nio-8080-exec-2] c.n.c.c.a.ExceptionAdvice [ExceptionAdvice.java:26] java.base/java.lang.reflect.Method.invoke(Method.java:567)
2023-05-01 15:23:21,118 ERROR [http-nio-8080-exec-2] c.n.c.c.a.ExceptionAdvice [ExceptionAdvice.java:26] org.springframework.web.method.support.InvocableHandlerMethod.doInvoke(InvocableHandlerMethod.java:190)
2023-05-01 15:23:21,118 ERROR [http-nio-8080-exec-2] c.n.c.c.a.ExceptionAdvice [ExceptionAdvice.java:26] org.springframework.web.method.support.InvocableHandlerMethod.invokeForRequest(InvocableHandlerMethod.java:138)
2023-05-01 15:23:21,118 ERROR [http-nio-8080-exec-2] c.n.c.c.a.ExceptionAdvice [ExceptionAdvice.java:26] org.springframework.web.servlet.mvc.method.annotation.ServletInvocableHandlerMethod.invokeAndHandle(ServletInvocableHandlerMethod.java:104)
2023-05-01 15:23:21,118 ERROR [http-nio-8080-exec-2] c.n.c.c.a.ExceptionAdvice [ExceptionAdvice.java:26] org.springframework.web.servlet.mvc.method.annotation.RequestMappingHandlerAdapter.invokeHandlerMethod(RequestMappingHandlerAdapter.java:892)
2023-05-01 15:23:21,119 ERROR [http-nio-8080-exec-2] c.n.c.c.a.ExceptionAdvice [ExceptionAdvice.java:26] org.springframework.web.servlet.mvc.method.annotation.RequestMappingHandlerAdapter.handleInternal(RequestMappingHandlerAdapter.java:797)
2023-05-01 15:23:21,119 ERROR [http-nio-8080-exec-2] c.n.c.c.a.ExceptionAdvice [ExceptionAdvice.java:26] org.springframework.web.servlet.mvc.method.AbstractHandlerMethodAdapter.handle(AbstractHandlerMethodAdapter.java:87)
2023-05-01 15:23:21,119 ERROR [http-nio-8080-exec-2] c.n.c.c.a.ExceptionAdvice [ExceptionAdvice.java:26] org.springframework.web.servlet.DispatcherServlet.doDispatch(DispatcherServlet.java:1039)
2023-05-01 15:23:21,119 ERROR [http-nio-8080-exec-2] c.n.c.c.a.ExceptionAdvice [ExceptionAdvice.java:26] org.springframework.web.servlet.DispatcherServlet.doService(DispatcherServlet.java:942)
2023-05-01 15:23:21,119 ERROR [http-nio-8080-exec-2] c.n.c.c.a.ExceptionAdvice [ExceptionAdvice.java:26] org.springframework.web.servlet.FrameworkServlet.processRequest(FrameworkServlet.java:1005)
2023-05-01 15:23:21,119 ERROR [http-nio-8080-exec-2] c.n.c.c.a.ExceptionAdvice [ExceptionAdvice.java:26] org.springframework.web.servlet.FrameworkServlet.doPost(FrameworkServlet.java:908)
2023-05-01 15:23:21,120 ERROR [http-nio-8080-exec-2] c.n.c.c.a.ExceptionAdvice [ExceptionAdvice.java:26] javax.servlet.http.HttpServlet.service(HttpServlet.java:660)
2023-05-01 15:23:21,120 ERROR [http-nio-8080-exec-2] c.n.c.c.a.ExceptionAdvice [ExceptionAdvice.java:26] org.springframework.web.servlet.FrameworkServlet.service(FrameworkServlet.java:882)
2023-05-01 15:23:21,120 ERROR [http-nio-8080-exec-2] c.n.c.c.a.ExceptionAdvice [ExceptionAdvice.java:26] javax.servlet.http.HttpServlet.service(HttpServlet.java:741)
2023-05-01 15:23:21,120 ERROR [http-nio-8080-exec-2] c.n.c.c.a.ExceptionAdvice [ExceptionAdvice.java:26] org.apache.catalina.core.ApplicationFilterChain.internalDoFilter(ApplicationFilterChain.java:231)
2023-05-01 15:23:21,120 ERROR [http-nio-8080-exec-2] c.n.c.c.a.ExceptionAdvice [ExceptionAdvice.java:26] org.apache.catalina.core.ApplicationFilterChain.doFilter(ApplicationFilterChain.java:166)
2023-05-01 15:23:21,120 ERROR [http-nio-8080-exec-2] c.n.c.c.a.ExceptionAdvice [ExceptionAdvice.java:26] org.apache.tomcat.websocket.server.WsFilter.doFilter(WsFilter.java:53)
2023-05-01 15:23:21,121 ERROR [http-nio-8080-exec-2] c.n.c.c.a.ExceptionAdvice [ExceptionAdvice.java:26] org.apache.catalina.core.ApplicationFilterChain.internalDoFilter(ApplicationFilterChain.java:193)
2023-05-01 15:23:21,121 ERROR [http-nio-8080-exec-2] c.n.c.c.a.ExceptionAdvice [ExceptionAdvice.java:26] org.apache.catalina.core.ApplicationFilterChain.doFilter(ApplicationFilterChain.java:166)
2023-05-01 15:23:21,121 ERROR [http-nio-8080-exec-2] c.n.c.c.a.ExceptionAdvice [ExceptionAdvice.java:26] org.springframework.security.web.FilterChainProxy$VirtualFilterChain.doFilter(FilterChainProxy.java:320)
2023-05-01 15:23:21,121 ERROR [http-nio-8080-exec-2] c.n.c.c.a.ExceptionAdvice [ExceptionAdvice.java:26] org.springframework.security.web.access.intercept.FilterSecurityInterceptor.invoke(FilterSecurityInterceptor.java:127)
2023-05-01 15:23:21,121 ERROR [http-nio-8080-exec-2] c.n.c.c.a.ExceptionAdvice [ExceptionAdvice.java:26] org.springframework.security.web.access.intercept.FilterSecurityInterceptor.doFilter(FilterSecurityInterceptor.java:91)
2023-05-01 15:23:21,121 ERROR [http-nio-8080-exec-2] c.n.c.c.a.ExceptionAdvice [ExceptionAdvice.java:26] org.springframework.security.web.FilterChainProxy$VirtualFilterChain.doFilter(FilterChainProxy.java:334)
2023-05-01 15:23:21,122 ERROR [http-nio-8080-exec-2] c.n.c.c.a.ExceptionAdvice [ExceptionAdvice.java:26] org.springframework.security.web.access.ExceptionTranslationFilter.doFilter(ExceptionTranslationFilter.java:119)
2023-05-01 15:23:21,122 ERROR [http-nio-8080-exec-2] c.n.c.c.a.ExceptionAdvice [ExceptionAdvice.java:26] org.springframework.security.web.FilterChainProxy$VirtualFilterChain.doFilter(FilterChainProxy.java:334)
2023-05-01 15:23:21,122 ERROR [http-nio-8080-exec-2] c.n.c.c.a.ExceptionAdvice [ExceptionAdvice.java:26] org.springframework.security.web.session.SessionManagementFilter.doFilter(SessionManagementFilter.java:137)
2023-05-01 15:23:21,122 ERROR [http-nio-8080-exec-2] c.n.c.c.a.ExceptionAdvice [ExceptionAdvice.java:26] org.springframework.security.web.FilterChainProxy$VirtualFilterChain.doFilter(FilterChainProxy.java:334)
2023-05-01 15:23:21,122 ERROR [http-nio-8080-exec-2] c.n.c.c.a.ExceptionAdvice [ExceptionAdvice.java:26] org.springframework.security.web.authentication.AnonymousAuthenticationFilter.doFilter(AnonymousAuthenticationFilter.java:111)
2023-05-01 15:23:21,122 ERROR [http-nio-8080-exec-2] c.n.c.c.a.ExceptionAdvice [ExceptionAdvice.java:26] org.springframework.security.web.FilterChainProxy$VirtualFilterChain.doFilter(FilterChainProxy.java:334)
2023-05-01 15:23:21,122 ERROR [http-nio-8080-exec-2] c.n.c.c.a.ExceptionAdvice [ExceptionAdvice.java:26] org.springframework.security.web.servletapi.SecurityContextHolderAwareRequestFilter.doFilter(SecurityContextHolderAwareRequestFilter.java:170)
2023-05-01 15:23:21,122 ERROR [http-nio-8080-exec-2] c.n.c.c.a.ExceptionAdvice [ExceptionAdvice.java:26] org.springframework.security.web.FilterChainProxy$VirtualFilterChain.doFilter(FilterChainProxy.java:334)
2023-05-01 15:23:21,122 ERROR [http-nio-8080-exec-2] c.n.c.c.a.ExceptionAdvice [ExceptionAdvice.java:26] org.springframework.security.web.savedrequest.RequestCacheAwareFilter.doFilter(RequestCacheAwareFilter.java:63)
2023-05-01 15:23:21,122 ERROR [http-nio-8080-exec-2] c.n.c.c.a.ExceptionAdvice [ExceptionAdvice.java:26] org.springframework.security.web.FilterChainProxy$VirtualFilterChain.doFilter(FilterChainProxy.java:334)
2023-05-01 15:23:21,123 ERROR [http-nio-8080-exec-2] c.n.c.c.a.ExceptionAdvice [ExceptionAdvice.java:26] org.springframework.security.web.authentication.www.BasicAuthenticationFilter.doFilterInternal(BasicAuthenticationFilter.java:158)
2023-05-01 15:23:21,123 ERROR [http-nio-8080-exec-2] c.n.c.c.a.ExceptionAdvice [ExceptionAdvice.java:26] org.springframework.web.filter.OncePerRequestFilter.doFilter(OncePerRequestFilter.java:107)
2023-05-01 15:23:21,123 ERROR [http-nio-8080-exec-2] c.n.c.c.a.ExceptionAdvice [ExceptionAdvice.java:26] org.springframework.security.web.FilterChainProxy$VirtualFilterChain.doFilter(FilterChainProxy.java:334)
2023-05-01 15:23:21,123 ERROR [http-nio-8080-exec-2] c.n.c.c.a.ExceptionAdvice [ExceptionAdvice.java:26] org.springframework.security.web.authentication.ui.DefaultLogoutPageGeneratingFilter.doFilterInternal(DefaultLogoutPageGeneratingFilter.java:52)
2023-05-01 15:23:21,123 ERROR [http-nio-8080-exec-2] c.n.c.c.a.ExceptionAdvice [ExceptionAdvice.java:26] org.springframework.web.filter.OncePerRequestFilter.doFilter(OncePerRequestFilter.java:107)
2023-05-01 15:23:21,123 ERROR [http-nio-8080-exec-2] c.n.c.c.a.ExceptionAdvice [ExceptionAdvice.java:26] org.springframework.security.web.FilterChainProxy$VirtualFilterChain.doFilter(FilterChainProxy.java:334)
2023-05-01 15:23:21,123 ERROR [http-nio-8080-exec-2] c.n.c.c.a.ExceptionAdvice [ExceptionAdvice.java:26] org.springframework.security.web.authentication.ui.DefaultLoginPageGeneratingFilter.doFilter(DefaultLoginPageGeneratingFilter.java:206)
2023-05-01 15:23:21,123 ERROR [http-nio-8080-exec-2] c.n.c.c.a.ExceptionAdvice [ExceptionAdvice.java:26] org.springframework.security.web.FilterChainProxy$VirtualFilterChain.doFilter(FilterChainProxy.java:334)
2023-05-01 15:23:21,123 ERROR [http-nio-8080-exec-2] c.n.c.c.a.ExceptionAdvice [ExceptionAdvice.java:26] org.springframework.security.web.authentication.AbstractAuthenticationProcessingFilter.doFilter(AbstractAuthenticationProcessingFilter.java:200)
2023-05-01 15:23:21,123 ERROR [http-nio-8080-exec-2] c.n.c.c.a.ExceptionAdvice [ExceptionAdvice.java:26] org.springframework.security.web.FilterChainProxy$VirtualFilterChain.doFilter(FilterChainProxy.java:334)
2023-05-01 15:23:21,124 ERROR [http-nio-8080-exec-2] c.n.c.c.a.ExceptionAdvice [ExceptionAdvice.java:26] org.springframework.security.web.authentication.logout.LogoutFilter.doFilter(LogoutFilter.java:116)
2023-05-01 15:23:21,124 ERROR [http-nio-8080-exec-2] c.n.c.c.a.ExceptionAdvice [ExceptionAdvice.java:26] org.springframework.security.web.FilterChainProxy$VirtualFilterChain.doFilter(FilterChainProxy.java:334)
2023-05-01 15:23:21,124 ERROR [http-nio-8080-exec-2] c.n.c.c.a.ExceptionAdvice [ExceptionAdvice.java:26] org.springframework.security.web.csrf.CsrfFilter.doFilterInternal(CsrfFilter.java:124)
2023-05-01 15:23:21,124 ERROR [http-nio-8080-exec-2] c.n.c.c.a.ExceptionAdvice [ExceptionAdvice.java:26] org.springframework.web.filter.OncePerRequestFilter.doFilter(OncePerRequestFilter.java:107)
2023-05-01 15:23:21,124 ERROR [http-nio-8080-exec-2] c.n.c.c.a.ExceptionAdvice [ExceptionAdvice.java:26] org.springframework.security.web.FilterChainProxy$VirtualFilterChain.doFilter(FilterChainProxy.java:334)
2023-05-01 15:23:21,124 ERROR [http-nio-8080-exec-2] c.n.c.c.a.ExceptionAdvice [ExceptionAdvice.java:26] org.springframework.security.web.header.HeaderWriterFilter.doFilterInternal(HeaderWriterFilter.java:74)
2023-05-01 15:23:21,124 ERROR [http-nio-8080-exec-2] c.n.c.c.a.ExceptionAdvice [ExceptionAdvice.java:26] org.springframework.web.filter.OncePerRequestFilter.doFilter(OncePerRequestFilter.java:107)
2023-05-01 15:23:21,124 ERROR [http-nio-8080-exec-2] c.n.c.c.a.ExceptionAdvice [ExceptionAdvice.java:26] org.springframework.security.web.FilterChainProxy$VirtualFilterChain.doFilter(FilterChainProxy.java:334)
2023-05-01 15:23:21,124 ERROR [http-nio-8080-exec-2] c.n.c.c.a.ExceptionAdvice [ExceptionAdvice.java:26] org.springframework.security.web.context.SecurityContextPersistenceFilter.doFilter(SecurityContextPersistenceFilter.java:105)
2023-05-01 15:23:21,124 ERROR [http-nio-8080-exec-2] c.n.c.c.a.ExceptionAdvice [ExceptionAdvice.java:26] org.springframework.security.web.FilterChainProxy$VirtualFilterChain.doFilter(FilterChainProxy.java:334)
2023-05-01 15:23:21,124 ERROR [http-nio-8080-exec-2] c.n.c.c.a.ExceptionAdvice [ExceptionAdvice.java:26] org.springframework.security.web.context.request.async.WebAsyncManagerIntegrationFilter.doFilterInternal(WebAsyncManagerIntegrationFilter.java:56)
2023-05-01 15:23:21,125 ERROR [http-nio-8080-exec-2] c.n.c.c.a.ExceptionAdvice [ExceptionAdvice.java:26] org.springframework.web.filter.OncePerRequestFilter.doFilter(OncePerRequestFilter.java:107)
2023-05-01 15:23:21,125 ERROR [http-nio-8080-exec-2] c.n.c.c.a.ExceptionAdvice [ExceptionAdvice.java:26] org.springframework.security.web.FilterChainProxy$VirtualFilterChain.doFilter(FilterChainProxy.java:334)
2023-05-01 15:23:21,125 ERROR [http-nio-8080-exec-2] c.n.c.c.a.ExceptionAdvice [ExceptionAdvice.java:26] org.springframework.security.web.FilterChainProxy.doFilterInternal(FilterChainProxy.java:215)
2023-05-01 15:23:21,125 ERROR [http-nio-8080-exec-2] c.n.c.c.a.ExceptionAdvice [ExceptionAdvice.java:26] org.springframework.security.web.FilterChainProxy.doFilter(FilterChainProxy.java:178)
2023-05-01 15:23:21,125 ERROR [http-nio-8080-exec-2] c.n.c.c.a.ExceptionAdvice [ExceptionAdvice.java:26] org.springframework.web.filter.DelegatingFilterProxy.invokeDelegate(DelegatingFilterProxy.java:357)
2023-05-01 15:23:21,125 ERROR [http-nio-8080-exec-2] c.n.c.c.a.ExceptionAdvice [ExceptionAdvice.java:26] org.springframework.web.filter.DelegatingFilterProxy.doFilter(DelegatingFilterProxy.java:270)
2023-05-01 15:23:21,125 ERROR [http-nio-8080-exec-2] c.n.c.c.a.ExceptionAdvice [ExceptionAdvice.java:26] org.apache.catalina.core.ApplicationFilterChain.internalDoFilter(ApplicationFilterChain.java:193)
2023-05-01 15:23:21,125 ERROR [http-nio-8080-exec-2] c.n.c.c.a.ExceptionAdvice [ExceptionAdvice.java:26] org.apache.catalina.core.ApplicationFilterChain.doFilter(ApplicationFilterChain.java:166)
2023-05-01 15:23:21,125 ERROR [http-nio-8080-exec-2] c.n.c.c.a.ExceptionAdvice [ExceptionAdvice.java:26] org.springframework.web.filter.CharacterEncodingFilter.doFilterInternal(CharacterEncodingFilter.java:200)
2023-05-01 15:23:21,125 ERROR [http-nio-8080-exec-2] c.n.c.c.a.ExceptionAdvice [ExceptionAdvice.java:26] org.springframework.web.filter.OncePerRequestFilter.doFilter(OncePerRequestFilter.java:107)
2023-05-01 15:23:21,125 ERROR [http-nio-8080-exec-2] c.n.c.c.a.ExceptionAdvice [ExceptionAdvice.java:26] org.apache.catalina.core.ApplicationFilterChain.internalDoFilter(ApplicationFilterChain.java:193)
2023-05-01 15:23:21,126 ERROR [http-nio-8080-exec-2] c.n.c.c.a.ExceptionAdvice [ExceptionAdvice.java:26] org.apache.catalina.core.ApplicationFilterChain.doFilter(ApplicationFilterChain.java:166)
2023-05-01 15:23:21,126 ERROR [http-nio-8080-exec-2] c.n.c.c.a.ExceptionAdvice [ExceptionAdvice.java:26] org.apache.catalina.core.StandardWrapperValve.invoke(StandardWrapperValve.java:200)
2023-05-01 15:23:21,126 ERROR [http-nio-8080-exec-2] c.n.c.c.a.ExceptionAdvice [ExceptionAdvice.java:26] org.apache.catalina.core.StandardContextValve.invoke(StandardContextValve.java:96)
2023-05-01 15:23:21,126 ERROR [http-nio-8080-exec-2] c.n.c.c.a.ExceptionAdvice [ExceptionAdvice.java:26] org.apache.catalina.authenticator.AuthenticatorBase.invoke(AuthenticatorBase.java:490)
2023-05-01 15:23:21,126 ERROR [http-nio-8080-exec-2] c.n.c.c.a.ExceptionAdvice [ExceptionAdvice.java:26] org.apache.catalina.core.StandardHostValve.invoke(StandardHostValve.java:139)
2023-05-01 15:23:21,126 ERROR [http-nio-8080-exec-2] c.n.c.c.a.ExceptionAdvice [ExceptionAdvice.java:26] org.apache.catalina.valves.ErrorReportValve.invoke(ErrorReportValve.java:92)
2023-05-01 15:23:21,126 ERROR [http-nio-8080-exec-2] c.n.c.c.a.ExceptionAdvice [ExceptionAdvice.java:26] org.apache.catalina.core.StandardEngineValve.invoke(StandardEngineValve.java:74)
2023-05-01 15:23:21,127 ERROR [http-nio-8080-exec-2] c.n.c.c.a.ExceptionAdvice [ExceptionAdvice.java:26] org.apache.catalina.connector.CoyoteAdapter.service(CoyoteAdapter.java:343)
2023-05-01 15:23:21,127 ERROR [http-nio-8080-exec-2] c.n.c.c.a.ExceptionAdvice [ExceptionAdvice.java:26] org.apache.coyote.http11.Http11Processor.service(Http11Processor.java:408)
2023-05-01 15:23:21,127 ERROR [http-nio-8080-exec-2] c.n.c.c.a.ExceptionAdvice [ExceptionAdvice.java:26] org.apache.coyote.AbstractProcessorLight.process(AbstractProcessorLight.java:66)
2023-05-01 15:23:21,127 ERROR [http-nio-8080-exec-2] c.n.c.c.a.ExceptionAdvice [ExceptionAdvice.java:26] org.apache.coyote.AbstractProtocol$ConnectionHandler.process(AbstractProtocol.java:836)
2023-05-01 15:23:21,127 ERROR [http-nio-8080-exec-2] c.n.c.c.a.ExceptionAdvice [ExceptionAdvice.java:26] org.apache.tomcat.util.net.NioEndpoint$SocketProcessor.doRun(NioEndpoint.java:1747)
2023-05-01 15:23:21,127 ERROR [http-nio-8080-exec-2] c.n.c.c.a.ExceptionAdvice [ExceptionAdvice.java:26] org.apache.tomcat.util.net.SocketProcessorBase.run(SocketProcessorBase.java:49)
2023-05-01 15:23:21,127 ERROR [http-nio-8080-exec-2] c.n.c.c.a.ExceptionAdvice [ExceptionAdvice.java:26] java.base/java.util.concurrent.ThreadPoolExecutor.runWorker(ThreadPoolExecutor.java:1128)
2023-05-01 15:23:21,128 ERROR [http-nio-8080-exec-2] c.n.c.c.a.ExceptionAdvice [ExceptionAdvice.java:26] java.base/java.util.concurrent.ThreadPoolExecutor$Worker.run(ThreadPoolExecutor.java:628)
2023-05-01 15:23:21,128 ERROR [http-nio-8080-exec-2] c.n.c.c.a.ExceptionAdvice [ExceptionAdvice.java:26] org.apache.tomcat.util.threads.TaskThread$WrappingRunnable.run(TaskThread.java:61)
2023-05-01 15:23:21,128 ERROR [http-nio-8080-exec-2] c.n.c.c.a.ExceptionAdvice [ExceptionAdvice.java:26] java.base/java.lang.Thread.run(Thread.java:835)
2023-05-01 15:58:23,772 ERROR [http-nio-8080-exec-4] c.n.c.c.a.ExceptionAdvice [ExceptionAdvice.java:24] 服务器发生异常: null
2023-05-01 15:58:23,773 ERROR [http-nio-8080-exec-4] c.n.c.c.a.ExceptionAdvice [ExceptionAdvice.java:26] com.nowcoder.community.controller.CommentController.addComment(CommentController.java:37)
2023-05-01 15:58:23,773 ERROR [http-nio-8080-exec-4] c.n.c.c.a.ExceptionAdvice [ExceptionAdvice.java:26] java.base/jdk.internal.reflect.NativeMethodAccessorImpl.invoke0(Native Method)
2023-05-01 15:58:23,773 ERROR [http-nio-8080-exec-4] c.n.c.c.a.ExceptionAdvice [ExceptionAdvice.java:26] java.base/jdk.internal.reflect.NativeMethodAccessorImpl.invoke(NativeMethodAccessorImpl.java:62)
2023-05-01 15:58:23,774 ERROR [http-nio-8080-exec-4] c.n.c.c.a.ExceptionAdvice [ExceptionAdvice.java:26] java.base/jdk.internal.reflect.DelegatingMethodAccessorImpl.invoke(DelegatingMethodAccessorImpl.java:43)
2023-05-01 15:58:23,774 ERROR [http-nio-8080-exec-4] c.n.c.c.a.ExceptionAdvice [ExceptionAdvice.java:26] java.base/java.lang.reflect.Method.invoke(Method.java:567)
2023-05-01 15:58:23,774 ERROR [http-nio-8080-exec-4] c.n.c.c.a.ExceptionAdvice [ExceptionAdvice.java:26] org.springframework.web.method.support.InvocableHandlerMethod.doInvoke(InvocableHandlerMethod.java:190)
2023-05-01 15:58:23,774 ERROR [http-nio-8080-exec-4] c.n.c.c.a.ExceptionAdvice [ExceptionAdvice.java:26] org.springframework.web.method.support.InvocableHandlerMethod.invokeForRequest(InvocableHandlerMethod.java:138)
2023-05-01 15:58:23,774 ERROR [http-nio-8080-exec-4] c.n.c.c.a.ExceptionAdvice [ExceptionAdvice.java:26] org.springframework.web.servlet.mvc.method.annotation.ServletInvocableHandlerMethod.invokeAndHandle(ServletInvocableHandlerMethod.java:104)
2023-05-01 15:58:23,775 ERROR [http-nio-8080-exec-4] c.n.c.c.a.ExceptionAdvice [ExceptionAdvice.java:26] org.springframework.web.servlet.mvc.method.annotation.RequestMappingHandlerAdapter.invokeHandlerMethod(RequestMappingHandlerAdapter.java:892)
2023-05-01 15:58:23,775 ERROR [http-nio-8080-exec-4] c.n.c.c.a.ExceptionAdvice [ExceptionAdvice.java:26] org.springframework.web.servlet.mvc.method.annotation.RequestMappingHandlerAdapter.handleInternal(RequestMappingHandlerAdapter.java:797)
2023-05-01 15:58:23,775 ERROR [http-nio-8080-exec-4] c.n.c.c.a.ExceptionAdvice [ExceptionAdvice.java:26] org.springframework.web.servlet.mvc.method.AbstractHandlerMethodAdapter.handle(AbstractHandlerMethodAdapter.java:87)
2023-05-01 15:58:23,775 ERROR [http-nio-8080-exec-4] c.n.c.c.a.ExceptionAdvice [ExceptionAdvice.java:26] org.springframework.web.servlet.DispatcherServlet.doDispatch(DispatcherServlet.java:1039)
2023-05-01 15:58:23,775 ERROR [http-nio-8080-exec-4] c.n.c.c.a.ExceptionAdvice [ExceptionAdvice.java:26] org.springframework.web.servlet.DispatcherServlet.doService(DispatcherServlet.java:942)
2023-05-01 15:58:23,775 ERROR [http-nio-8080-exec-4] c.n.c.c.a.ExceptionAdvice [ExceptionAdvice.java:26] org.springframework.web.servlet.FrameworkServlet.processRequest(FrameworkServlet.java:1005)
2023-05-01 15:58:23,775 ERROR [http-nio-8080-exec-4] c.n.c.c.a.ExceptionAdvice [ExceptionAdvice.java:26] org.springframework.web.servlet.FrameworkServlet.doPost(FrameworkServlet.java:908)
2023-05-01 15:58:23,775 ERROR [http-nio-8080-exec-4] c.n.c.c.a.ExceptionAdvice [ExceptionAdvice.java:26] javax.servlet.http.HttpServlet.service(HttpServlet.java:660)
2023-05-01 15:58:23,776 ERROR [http-nio-8080-exec-4] c.n.c.c.a.ExceptionAdvice [ExceptionAdvice.java:26] org.springframework.web.servlet.FrameworkServlet.service(FrameworkServlet.java:882)
2023-05-01 15:58:23,776 ERROR [http-nio-8080-exec-4] c.n.c.c.a.ExceptionAdvice [ExceptionAdvice.java:26] javax.servlet.http.HttpServlet.service(HttpServlet.java:741)
2023-05-01 15:58:23,776 ERROR [http-nio-8080-exec-4] c.n.c.c.a.ExceptionAdvice [ExceptionAdvice.java:26] org.apache.catalina.core.ApplicationFilterChain.internalDoFilter(ApplicationFilterChain.java:231)
2023-05-01 15:58:23,776 ERROR [http-nio-8080-exec-4] c.n.c.c.a.ExceptionAdvice [ExceptionAdvice.java:26] org.apache.catalina.core.ApplicationFilterChain.doFilter(ApplicationFilterChain.java:166)
2023-05-01 15:58:23,776 ERROR [http-nio-8080-exec-4] c.n.c.c.a.ExceptionAdvice [ExceptionAdvice.java:26] org.apache.tomcat.websocket.server.WsFilter.doFilter(WsFilter.java:53)
2023-05-01 15:58:23,776 ERROR [http-nio-8080-exec-4] c.n.c.c.a.ExceptionAdvice [ExceptionAdvice.java:26] org.apache.catalina.core.ApplicationFilterChain.internalDoFilter(ApplicationFilterChain.java:193)
2023-05-01 15:58:23,776 ERROR [http-nio-8080-exec-4] c.n.c.c.a.ExceptionAdvice [ExceptionAdvice.java:26] org.apache.catalina.core.ApplicationFilterChain.doFilter(ApplicationFilterChain.java:166)
2023-05-01 15:58:23,776 ERROR [http-nio-8080-exec-4] c.n.c.c.a.ExceptionAdvice [ExceptionAdvice.java:26] org.springframework.security.web.FilterChainProxy$VirtualFilterChain.doFilter(FilterChainProxy.java:320)
2023-05-01 15:58:23,776 ERROR [http-nio-8080-exec-4] c.n.c.c.a.ExceptionAdvice [ExceptionAdvice.java:26] org.springframework.security.web.access.intercept.FilterSecurityInterceptor.invoke(FilterSecurityInterceptor.java:127)
2023-05-01 15:58:23,776 ERROR [http-nio-8080-exec-4] c.n.c.c.a.ExceptionAdvice [ExceptionAdvice.java:26] org.springframework.security.web.access.intercept.FilterSecurityInterceptor.doFilter(FilterSecurityInterceptor.java:91)
2023-05-01 15:58:23,777 ERROR [http-nio-8080-exec-4] c.n.c.c.a.ExceptionAdvice [ExceptionAdvice.java:26] org.springframework.security.web.FilterChainProxy$VirtualFilterChain.doFilter(FilterChainProxy.java:334)
2023-05-01 15:58:23,777 ERROR [http-nio-8080-exec-4] c.n.c.c.a.ExceptionAdvice [ExceptionAdvice.java:26] org.springframework.security.web.access.ExceptionTranslationFilter.doFilter(ExceptionTranslationFilter.java:119)
2023-05-01 15:58:23,777 ERROR [http-nio-8080-exec-4] c.n.c.c.a.ExceptionAdvice [ExceptionAdvice.java:26] org.springframework.security.web.FilterChainProxy$VirtualFilterChain.doFilter(FilterChainProxy.java:334)
2023-05-01 15:58:23,777 ERROR [http-nio-8080-exec-4] c.n.c.c.a.ExceptionAdvice [ExceptionAdvice.java:26] org.springframework.security.web.session.SessionManagementFilter.doFilter(SessionManagementFilter.java:137)
2023-05-01 15:58:23,777 ERROR [http-nio-8080-exec-4] c.n.c.c.a.ExceptionAdvice [ExceptionAdvice.java:26] org.springframework.security.web.FilterChainProxy$VirtualFilterChain.doFilter(FilterChainProxy.java:334)
2023-05-01 15:58:23,777 ERROR [http-nio-8080-exec-4] c.n.c.c.a.ExceptionAdvice [ExceptionAdvice.java:26] org.springframework.security.web.authentication.AnonymousAuthenticationFilter.doFilter(AnonymousAuthenticationFilter.java:111)
2023-05-01 15:58:23,777 ERROR [http-nio-8080-exec-4] c.n.c.c.a.ExceptionAdvice [ExceptionAdvice.java:26] org.springframework.security.web.FilterChainProxy$VirtualFilterChain.doFilter(FilterChainProxy.java:334)
2023-05-01 15:58:23,777 ERROR [http-nio-8080-exec-4] c.n.c.c.a.ExceptionAdvice [ExceptionAdvice.java:26] org.springframework.security.web.servletapi.SecurityContextHolderAwareRequestFilter.doFilter(SecurityContextHolderAwareRequestFilter.java:170)
2023-05-01 15:58:23,777 ERROR [http-nio-8080-exec-4] c.n.c.c.a.ExceptionAdvice [ExceptionAdvice.java:26] org.springframework.security.web.FilterChainProxy$VirtualFilterChain.doFilter(FilterChainProxy.java:334)
2023-05-01 15:58:23,777 ERROR [http-nio-8080-exec-4] c.n.c.c.a.ExceptionAdvice [ExceptionAdvice.java:26] org.springframework.security.web.savedrequest.RequestCacheAwareFilter.doFilter(RequestCacheAwareFilter.java:63)
2023-05-01 15:58:23,777 ERROR [http-nio-8080-exec-4] c.n.c.c.a.ExceptionAdvice [ExceptionAdvice.java:26] org.springframework.security.web.FilterChainProxy$VirtualFilterChain.doFilter(FilterChainProxy.java:334)
2023-05-01 15:58:23,778 ERROR [http-nio-8080-exec-4] c.n.c.c.a.ExceptionAdvice [ExceptionAdvice.java:26] org.springframework.security.web.authentication.www.BasicAuthenticationFilter.doFilterInternal(BasicAuthenticationFilter.java:158)
2023-05-01 15:58:23,778 ERROR [http-nio-8080-exec-4] c.n.c.c.a.ExceptionAdvice [ExceptionAdvice.java:26] org.springframework.web.filter.OncePerRequestFilter.doFilter(OncePerRequestFilter.java:107)
2023-05-01 15:58:23,778 ERROR [http-nio-8080-exec-4] c.n.c.c.a.ExceptionAdvice [ExceptionAdvice.java:26] org.springframework.security.web.FilterChainProxy$VirtualFilterChain.doFilter(FilterChainProxy.java:334)
2023-05-01 15:58:23,778 ERROR [http-nio-8080-exec-4] c.n.c.c.a.ExceptionAdvice [ExceptionAdvice.java:26] org.springframework.security.web.authentication.ui.DefaultLogoutPageGeneratingFilter.doFilterInternal(DefaultLogoutPageGeneratingFilter.java:52)
2023-05-01 15:58:23,778 ERROR [http-nio-8080-exec-4] c.n.c.c.a.ExceptionAdvice [ExceptionAdvice.java:26] org.springframework.web.filter.OncePerRequestFilter.doFilter(OncePerRequestFilter.java:107)
2023-05-01 15:58:23,778 ERROR [http-nio-8080-exec-4] c.n.c.c.a.ExceptionAdvice [ExceptionAdvice.java:26] org.springframework.security.web.FilterChainProxy$VirtualFilterChain.doFilter(FilterChainProxy.java:334)
2023-05-01 15:58:23,778 ERROR [http-nio-8080-exec-4] c.n.c.c.a.ExceptionAdvice [ExceptionAdvice.java:26] org.springframework.security.web.authentication.ui.DefaultLoginPageGeneratingFilter.doFilter(DefaultLoginPageGeneratingFilter.java:206)
2023-05-01 15:58:23,778 ERROR [http-nio-8080-exec-4] c.n.c.c.a.ExceptionAdvice [ExceptionAdvice.java:26] org.springframework.security.web.FilterChainProxy$VirtualFilterChain.doFilter(FilterChainProxy.java:334)
2023-05-01 15:58:23,778 ERROR [http-nio-8080-exec-4] c.n.c.c.a.ExceptionAdvice [ExceptionAdvice.java:26] org.springframework.security.web.authentication.AbstractAuthenticationProcessingFilter.doFilter(AbstractAuthenticationProcessingFilter.java:200)
2023-05-01 15:58:23,778 ERROR [http-nio-8080-exec-4] c.n.c.c.a.ExceptionAdvice [ExceptionAdvice.java:26] org.springframework.security.web.FilterChainProxy$VirtualFilterChain.doFilter(FilterChainProxy.java:334)
2023-05-01 15:58:23,778 ERROR [http-nio-8080-exec-4] c.n.c.c.a.ExceptionAdvice [ExceptionAdvice.java:26] org.springframework.security.web.authentication.logout.LogoutFilter.doFilter(LogoutFilter.java:116)
2023-05-01 15:58:23,778 ERROR [http-nio-8080-exec-4] c.n.c.c.a.ExceptionAdvice [ExceptionAdvice.java:26] org.springframework.security.web.FilterChainProxy$VirtualFilterChain.doFilter(FilterChainProxy.java:334)
2023-05-01 15:58:23,779 ERROR [http-nio-8080-exec-4] c.n.c.c.a.ExceptionAdvice [ExceptionAdvice.java:26] org.springframework.security.web.csrf.CsrfFilter.doFilterInternal(CsrfFilter.java:124)
2023-05-01 15:58:23,779 ERROR [http-nio-8080-exec-4] c.n.c.c.a.ExceptionAdvice [ExceptionAdvice.java:26] org.springframework.web.filter.OncePerRequestFilter.doFilter(OncePerRequestFilter.java:107)
2023-05-01 15:58:23,779 ERROR [http-nio-8080-exec-4] c.n.c.c.a.ExceptionAdvice [ExceptionAdvice.java:26] org.springframework.security.web.FilterChainProxy$VirtualFilterChain.doFilter(FilterChainProxy.java:334)
2023-05-01 15:58:23,779 ERROR [http-nio-8080-exec-4] c.n.c.c.a.ExceptionAdvice [ExceptionAdvice.java:26] org.springframework.security.web.header.HeaderWriterFilter.doFilterInternal(HeaderWriterFilter.java:74)
2023-05-01 15:58:23,779 ERROR [http-nio-8080-exec-4] c.n.c.c.a.ExceptionAdvice [ExceptionAdvice.java:26] org.springframework.web.filter.OncePerRequestFilter.doFilter(OncePerRequestFilter.java:107)
2023-05-01 15:58:23,779 ERROR [http-nio-8080-exec-4] c.n.c.c.a.ExceptionAdvice [ExceptionAdvice.java:26] org.springframework.security.web.FilterChainProxy$VirtualFilterChain.doFilter(FilterChainProxy.java:334)
2023-05-01 15:58:23,779 ERROR [http-nio-8080-exec-4] c.n.c.c.a.ExceptionAdvice [ExceptionAdvice.java:26] org.springframework.security.web.context.SecurityContextPersistenceFilter.doFilter(SecurityContextPersistenceFilter.java:105)
2023-05-01 15:58:23,779 ERROR [http-nio-8080-exec-4] c.n.c.c.a.ExceptionAdvice [ExceptionAdvice.java:26] org.springframework.security.web.FilterChainProxy$VirtualFilterChain.doFilter(FilterChainProxy.java:334)
2023-05-01 15:58:23,779 ERROR [http-nio-8080-exec-4] c.n.c.c.a.ExceptionAdvice [ExceptionAdvice.java:26] org.springframework.security.web.context.request.async.WebAsyncManagerIntegrationFilter.doFilterInternal(WebAsyncManagerIntegrationFilter.java:56)
2023-05-01 15:58:23,779 ERROR [http-nio-8080-exec-4] c.n.c.c.a.ExceptionAdvice [ExceptionAdvice.java:26] org.springframework.web.filter.OncePerRequestFilter.doFilter(OncePerRequestFilter.java:107)
2023-05-01 15:58:23,780 ERROR [http-nio-8080-exec-4] c.n.c.c.a.ExceptionAdvice [ExceptionAdvice.java:26] org.springframework.security.web.FilterChainProxy$VirtualFilterChain.doFilter(FilterChainProxy.java:334)
2023-05-01 15:58:23,780 ERROR [http-nio-8080-exec-4] c.n.c.c.a.ExceptionAdvice [ExceptionAdvice.java:26] org.springframework.security.web.FilterChainProxy.doFilterInternal(FilterChainProxy.java:215)
2023-05-01 15:58:23,780 ERROR [http-nio-8080-exec-4] c.n.c.c.a.ExceptionAdvice [ExceptionAdvice.java:26] org.springframework.security.web.FilterChainProxy.doFilter(FilterChainProxy.java:178)
2023-05-01 15:58:23,780 ERROR [http-nio-8080-exec-4] c.n.c.c.a.ExceptionAdvice [ExceptionAdvice.java:26] org.springframework.web.filter.DelegatingFilterProxy.invokeDelegate(DelegatingFilterProxy.java:357)
2023-05-01 15:58:23,780 ERROR [http-nio-8080-exec-4] c.n.c.c.a.ExceptionAdvice [ExceptionAdvice.java:26] org.springframework.web.filter.DelegatingFilterProxy.doFilter(DelegatingFilterProxy.java:270)
2023-05-01 15:58:23,781 ERROR [http-nio-8080-exec-4] c.n.c.c.a.ExceptionAdvice [ExceptionAdvice.java:26] org.apache.catalina.core.ApplicationFilterChain.internalDoFilter(ApplicationFilterChain.java:193)
2023-05-01 15:58:23,781 ERROR [http-nio-8080-exec-4] c.n.c.c.a.ExceptionAdvice [ExceptionAdvice.java:26] org.apache.catalina.core.ApplicationFilterChain.doFilter(ApplicationFilterChain.java:166)
2023-05-01 15:58:23,781 ERROR [http-nio-8080-exec-4] c.n.c.c.a.ExceptionAdvice [ExceptionAdvice.java:26] org.springframework.web.filter.CharacterEncodingFilter.doFilterInternal(CharacterEncodingFilter.java:200)
2023-05-01 15:58:23,781 ERROR [http-nio-8080-exec-4] c.n.c.c.a.ExceptionAdvice [ExceptionAdvice.java:26] org.springframework.web.filter.OncePerRequestFilter.doFilter(OncePerRequestFilter.java:107)
2023-05-01 15:58:23,781 ERROR [http-nio-8080-exec-4] c.n.c.c.a.ExceptionAdvice [ExceptionAdvice.java:26] org.apache.catalina.core.ApplicationFilterChain.internalDoFilter(ApplicationFilterChain.java:193)
2023-05-01 15:58:23,781 ERROR [http-nio-8080-exec-4] c.n.c.c.a.ExceptionAdvice [ExceptionAdvice.java:26] org.apache.catalina.core.ApplicationFilterChain.doFilter(ApplicationFilterChain.java:166)
2023-05-01 15:58:23,781 ERROR [http-nio-8080-exec-4] c.n.c.c.a.ExceptionAdvice [ExceptionAdvice.java:26] org.apache.catalina.core.StandardWrapperValve.invoke(StandardWrapperValve.java:200)
2023-05-01 15:58:23,781 ERROR [http-nio-8080-exec-4] c.n.c.c.a.ExceptionAdvice [ExceptionAdvice.java:26] org.apache.catalina.core.StandardContextValve.invoke(StandardContextValve.java:96)
2023-05-01 15:58:23,781 ERROR [http-nio-8080-exec-4] c.n.c.c.a.ExceptionAdvice [ExceptionAdvice.java:26] org.apache.catalina.authenticator.AuthenticatorBase.invoke(AuthenticatorBase.java:490)
2023-05-01 15:58:23,781 ERROR [http-nio-8080-exec-4] c.n.c.c.a.ExceptionAdvice [ExceptionAdvice.java:26] org.apache.catalina.core.StandardHostValve.invoke(StandardHostValve.java:139)
2023-05-01 15:58:23,781 ERROR [http-nio-8080-exec-4] c.n.c.c.a.ExceptionAdvice [ExceptionAdvice.java:26] org.apache.catalina.valves.ErrorReportValve.invoke(ErrorReportValve.java:92)
2023-05-01 15:58:23,782 ERROR [http-nio-8080-exec-4] c.n.c.c.a.ExceptionAdvice [ExceptionAdvice.java:26] org.apache.catalina.core.StandardEngineValve.invoke(StandardEngineValve.java:74)
2023-05-01 15:58:23,782 ERROR [http-nio-8080-exec-4] c.n.c.c.a.ExceptionAdvice [ExceptionAdvice.java:26] org.apache.catalina.connector.CoyoteAdapter.service(CoyoteAdapter.java:343)
2023-05-01 15:58:23,782 ERROR [http-nio-8080-exec-4] c.n.c.c.a.ExceptionAdvice [ExceptionAdvice.java:26] org.apache.coyote.http11.Http11Processor.service(Http11Processor.java:408)
2023-05-01 15:58:23,782 ERROR [http-nio-8080-exec-4] c.n.c.c.a.ExceptionAdvice [ExceptionAdvice.java:26] org.apache.coyote.AbstractProcessorLight.process(AbstractProcessorLight.java:66)
2023-05-01 15:58:23,782 ERROR [http-nio-8080-exec-4] c.n.c.c.a.ExceptionAdvice [ExceptionAdvice.java:26] org.apache.coyote.AbstractProtocol$ConnectionHandler.process(AbstractProtocol.java:836)
2023-05-01 15:58:23,782 ERROR [http-nio-8080-exec-4] c.n.c.c.a.ExceptionAdvice [ExceptionAdvice.java:26] org.apache.tomcat.util.net.NioEndpoint$SocketProcessor.doRun(NioEndpoint.java:1747)
2023-05-01 15:58:23,782 ERROR [http-nio-8080-exec-4] c.n.c.c.a.ExceptionAdvice [ExceptionAdvice.java:26] org.apache.tomcat.util.net.SocketProcessorBase.run(SocketProcessorBase.java:49)
2023-05-01 15:58:23,782 ERROR [http-nio-8080-exec-4] c.n.c.c.a.ExceptionAdvice [ExceptionAdvice.java:26] java.base/java.util.concurrent.ThreadPoolExecutor.runWorker(ThreadPoolExecutor.java:1128)
2023-05-01 15:58:23,782 ERROR [http-nio-8080-exec-4] c.n.c.c.a.ExceptionAdvice [ExceptionAdvice.java:26] java.base/java.util.concurrent.ThreadPoolExecutor$Worker.run(ThreadPoolExecutor.java:628)
2023-05-01 15:58:23,782 ERROR [http-nio-8080-exec-4] c.n.c.c.a.ExceptionAdvice [ExceptionAdvice.java:26] org.apache.tomcat.util.threads.TaskThread$WrappingRunnable.run(TaskThread.java:61)
2023-05-01 15:58:23,782 ERROR [http-nio-8080-exec-4] c.n.c.c.a.ExceptionAdvice [ExceptionAdvice.java:26] java.base/java.lang.Thread.run(Thread.java:835)
