2023-03-08 19:08:06,996 INFO [main] c.n.c.CommunityApplicationTests [StartupInfoLogger.java:51] Starting CommunityApplicationTests using Java 17.0.4 with PID 48365 (started by zhikaixu in /Users/zhikaixu/Desktop/nowcoder/community)
2023-03-08 19:08:07,005 INFO [main] c.n.c.CommunityApplicationTests [SpringApplication.java:630] No active profile set, falling back to 1 default profile: "default"
2023-03-08 19:08:08,923 INFO [main] o.s.b.a.w.s.WelcomePageHandlerMapping [WelcomePageHandlerMapping.java:56] Adding welcome page template: index
2023-03-08 19:08:09,133 INFO [main] c.n.c.CommunityApplicationTests [StartupInfoLogger.java:57] Started CommunityApplicationTests in 2.71 seconds (process running for 3.884)
2023-03-08 19:08:13,472 INFO [restartedMain] c.n.c.CommunityApplication [StartupInfoLogger.java:51] Starting CommunityApplication using Java 17.0.4 with PID 48377 (/Users/zhikaixu/Desktop/nowcoder/community/target/classes started by zhikaixu in /Users/zhikaixu/Desktop/nowcoder/community)
2023-03-08 19:08:13,474 INFO [restartedMain] c.n.c.CommunityApplication [SpringApplication.java:630] No active profile set, falling back to 1 default profile: "default"
2023-03-08 19:08:13,518 INFO [restartedMain] o.s.b.d.e.DevToolsPropertyDefaultsPostProcessor [DeferredLog.java:250] Devtools property defaults active! Set 'spring.devtools.add-properties' to 'false' to disable
2023-03-08 19:08:13,518 INFO [restartedMain] o.s.b.d.e.DevToolsPropertyDefaultsPostProcessor [DeferredLog.java:250] For additional web related logging consider setting the 'logging.level.web' property to 'DEBUG'
2023-03-08 19:08:14,559 INFO [restartedMain] o.s.b.w.e.t.TomcatWebServer [TomcatWebServer.java:108] Tomcat initialized with port(s): 8080 (http)
2023-03-08 19:08:14,568 INFO [restartedMain] o.a.c.h.Http11NioProtocol [DirectJDKLog.java:173] Initializing ProtocolHandler ["http-nio-8080"]
2023-03-08 19:08:14,570 INFO [restartedMain] o.a.c.c.StandardService [DirectJDKLog.java:173] Starting service [Tomcat]
2023-03-08 19:08:14,571 INFO [restartedMain] o.a.c.c.StandardEngine [DirectJDKLog.java:173] Starting Servlet engine: [Apache Tomcat/10.1.5]
2023-03-08 19:08:14,614 INFO [restartedMain] o.a.c.c.C.[.[.[/community] [DirectJDKLog.java:173] Initializing Spring embedded WebApplicationContext
2023-03-08 19:08:14,614 INFO [restartedMain] o.s.b.w.s.c.ServletWebServerApplicationContext [ServletWebServerApplicationContext.java:291] Root WebApplicationContext: initialization completed in 1096 ms
2023-03-08 19:08:15,086 INFO [restartedMain] o.s.b.a.w.s.WelcomePageHandlerMapping [WelcomePageHandlerMapping.java:56] Adding welcome page template: index
2023-03-08 19:08:15,252 INFO [restartedMain] o.s.b.d.a.OptionalLiveReloadServer [OptionalLiveReloadServer.java:59] LiveReload server is running on port 35729
2023-03-08 19:08:15,271 INFO [restartedMain] o.a.c.h.Http11NioProtocol [DirectJDKLog.java:173] Starting ProtocolHandler ["http-nio-8080"]
2023-03-08 19:08:15,292 INFO [restartedMain] o.s.b.w.e.t.TomcatWebServer [TomcatWebServer.java:220] Tomcat started on port(s): 8080 (http) with context path '/community'
2023-03-08 19:08:15,306 INFO [restartedMain] c.n.c.CommunityApplication [StartupInfoLogger.java:57] Started CommunityApplication in 3.14 seconds (process running for 3.981)
2023-03-08 19:09:48,880 INFO [http-nio-8080-exec-1] o.a.c.c.C.[.[.[/community] [DirectJDKLog.java:173] Initializing Spring DispatcherServlet 'dispatcherServlet'
2023-03-08 19:09:48,881 INFO [http-nio-8080-exec-1] o.s.w.s.DispatcherServlet [FrameworkServlet.java:532] Initializing Servlet 'dispatcherServlet'
2023-03-08 19:09:48,883 INFO [http-nio-8080-exec-1] o.s.w.s.DispatcherServlet [FrameworkServlet.java:554] Completed initialization in 2 ms
2023-03-08 19:09:48,943 INFO [http-nio-8080-exec-1] c.z.h.HikariDataSource [HikariDataSource.java:110] HikariPool-1 - Starting...
2023-03-08 19:09:49,101 INFO [http-nio-8080-exec-1] c.z.h.p.HikariPool [HikariPool.java:565] HikariPool-1 - Added connection com.mysql.cj.jdbc.ConnectionImpl@8de90ca
2023-03-08 19:09:49,104 INFO [http-nio-8080-exec-1] c.z.h.HikariDataSource [HikariDataSource.java:123] HikariPool-1 - Start completed.
2023-03-08 19:13:05,511 INFO [SpringApplicationShutdownHook] c.z.h.HikariDataSource [HikariDataSource.java:350] HikariPool-1 - Shutdown initiated...
2023-03-08 19:13:05,524 INFO [SpringApplicationShutdownHook] c.z.h.HikariDataSource [HikariDataSource.java:352] HikariPool-1 - Shutdown completed.
2023-03-08 19:13:13,230 INFO [main] c.n.c.CommunityApplicationTests [StartupInfoLogger.java:51] Starting CommunityApplicationTests using Java 17.0.4 with PID 48549 (started by zhikaixu in /Users/zhikaixu/Desktop/nowcoder/community)
2023-03-08 19:13:13,234 INFO [main] c.n.c.CommunityApplicationTests [SpringApplication.java:630] No active profile set, falling back to 1 default profile: "default"
2023-03-08 19:13:15,020 INFO [main] o.s.b.a.w.s.WelcomePageHandlerMapping [WelcomePageHandlerMapping.java:56] Adding welcome page template: index
2023-03-08 19:13:15,267 INFO [main] c.n.c.CommunityApplicationTests [StartupInfoLogger.java:57] Started CommunityApplicationTests in 2.587 seconds (process running for 3.641)
2023-03-08 19:13:20,410 INFO [restartedMain] c.n.c.CommunityApplication [StartupInfoLogger.java:51] Starting CommunityApplication using Java 17.0.4 with PID 48563 (/Users/zhikaixu/Desktop/nowcoder/community/target/classes started by zhikaixu in /Users/zhikaixu/Desktop/nowcoder/community)
2023-03-08 19:13:20,414 INFO [restartedMain] c.n.c.CommunityApplication [SpringApplication.java:630] No active profile set, falling back to 1 default profile: "default"
2023-03-08 19:13:20,470 INFO [restartedMain] o.s.b.d.e.DevToolsPropertyDefaultsPostProcessor [DeferredLog.java:250] Devtools property defaults active! Set 'spring.devtools.add-properties' to 'false' to disable
2023-03-08 19:13:20,471 INFO [restartedMain] o.s.b.d.e.DevToolsPropertyDefaultsPostProcessor [DeferredLog.java:250] For additional web related logging consider setting the 'logging.level.web' property to 'DEBUG'
2023-03-08 19:13:21,824 INFO [restartedMain] o.s.b.w.e.t.TomcatWebServer [TomcatWebServer.java:108] Tomcat initialized with port(s): 8080 (http)
2023-03-08 19:13:21,835 INFO [restartedMain] o.a.c.h.Http11NioProtocol [DirectJDKLog.java:173] Initializing ProtocolHandler ["http-nio-8080"]
2023-03-08 19:13:21,836 INFO [restartedMain] o.a.c.c.StandardService [DirectJDKLog.java:173] Starting service [Tomcat]
2023-03-08 19:13:21,837 INFO [restartedMain] o.a.c.c.StandardEngine [DirectJDKLog.java:173] Starting Servlet engine: [Apache Tomcat/10.1.5]
2023-03-08 19:13:21,897 INFO [restartedMain] o.a.c.c.C.[.[.[/community] [DirectJDKLog.java:173] Initializing Spring embedded WebApplicationContext
2023-03-08 19:13:21,898 INFO [restartedMain] o.s.b.w.s.c.ServletWebServerApplicationContext [ServletWebServerApplicationContext.java:291] Root WebApplicationContext: initialization completed in 1426 ms
2023-03-08 19:13:22,491 INFO [restartedMain] o.s.b.a.w.s.WelcomePageHandlerMapping [WelcomePageHandlerMapping.java:56] Adding welcome page template: index
2023-03-08 19:13:22,681 INFO [restartedMain] o.s.b.d.a.OptionalLiveReloadServer [OptionalLiveReloadServer.java:59] LiveReload server is running on port 35729
2023-03-08 19:13:22,703 INFO [restartedMain] o.a.c.h.Http11NioProtocol [DirectJDKLog.java:173] Starting ProtocolHandler ["http-nio-8080"]
2023-03-08 19:13:22,729 INFO [restartedMain] o.s.b.w.e.t.TomcatWebServer [TomcatWebServer.java:220] Tomcat started on port(s): 8080 (http) with context path '/community'
2023-03-08 19:13:22,741 INFO [restartedMain] c.n.c.CommunityApplication [StartupInfoLogger.java:57] Started CommunityApplication in 3.002 seconds (process running for 4.744)
2023-03-08 19:14:00,860 INFO [http-nio-8080-exec-1] o.a.c.c.C.[.[.[/community] [DirectJDKLog.java:173] Initializing Spring DispatcherServlet 'dispatcherServlet'
2023-03-08 19:14:00,860 INFO [http-nio-8080-exec-1] o.s.w.s.DispatcherServlet [FrameworkServlet.java:532] Initializing Servlet 'dispatcherServlet'
2023-03-08 19:14:00,861 INFO [http-nio-8080-exec-1] o.s.w.s.DispatcherServlet [FrameworkServlet.java:554] Completed initialization in 1 ms
2023-03-08 19:17:43,011 INFO [main] c.n.c.CommunityApplicationTests [StartupInfoLogger.java:51] Starting CommunityApplicationTests using Java 17.0.4 with PID 48714 (started by zhikaixu in /Users/zhikaixu/Desktop/nowcoder/community)
2023-03-08 19:17:43,016 INFO [main] c.n.c.CommunityApplicationTests [SpringApplication.java:630] No active profile set, falling back to 1 default profile: "default"
2023-03-08 19:17:44,704 INFO [main] o.s.b.a.w.s.WelcomePageHandlerMapping [WelcomePageHandlerMapping.java:56] Adding welcome page template: index
2023-03-08 19:17:44,911 INFO [main] c.n.c.CommunityApplicationTests [StartupInfoLogger.java:57] Started CommunityApplicationTests in 2.794 seconds (process running for 4.047)
2023-03-08 19:17:48,968 INFO [restartedMain] c.n.c.CommunityApplication [StartupInfoLogger.java:51] Starting CommunityApplication using Java 17.0.4 with PID 48732 (/Users/zhikaixu/Desktop/nowcoder/community/target/classes started by zhikaixu in /Users/zhikaixu/Desktop/nowcoder/community)
2023-03-08 19:17:48,971 INFO [restartedMain] c.n.c.CommunityApplication [SpringApplication.java:630] No active profile set, falling back to 1 default profile: "default"
2023-03-08 19:17:49,024 INFO [restartedMain] o.s.b.d.e.DevToolsPropertyDefaultsPostProcessor [DeferredLog.java:250] Devtools property defaults active! Set 'spring.devtools.add-properties' to 'false' to disable
2023-03-08 19:17:49,025 INFO [restartedMain] o.s.b.d.e.DevToolsPropertyDefaultsPostProcessor [DeferredLog.java:250] For additional web related logging consider setting the 'logging.level.web' property to 'DEBUG'
2023-03-08 19:17:50,197 INFO [restartedMain] o.s.b.w.e.t.TomcatWebServer [TomcatWebServer.java:108] Tomcat initialized with port(s): 8080 (http)
2023-03-08 19:17:50,206 INFO [restartedMain] o.a.c.h.Http11NioProtocol [DirectJDKLog.java:173] Initializing ProtocolHandler ["http-nio-8080"]
2023-03-08 19:17:50,207 INFO [restartedMain] o.a.c.c.StandardService [DirectJDKLog.java:173] Starting service [Tomcat]
2023-03-08 19:17:50,208 INFO [restartedMain] o.a.c.c.StandardEngine [DirectJDKLog.java:173] Starting Servlet engine: [Apache Tomcat/10.1.5]
2023-03-08 19:17:50,258 INFO [restartedMain] o.a.c.c.C.[.[.[/community] [DirectJDKLog.java:173] Initializing Spring embedded WebApplicationContext
2023-03-08 19:17:50,258 INFO [restartedMain] o.s.b.w.s.c.ServletWebServerApplicationContext [ServletWebServerApplicationContext.java:291] Root WebApplicationContext: initialization completed in 1232 ms
2023-03-08 19:17:50,804 INFO [restartedMain] o.s.b.a.w.s.WelcomePageHandlerMapping [WelcomePageHandlerMapping.java:56] Adding welcome page template: index
2023-03-08 19:17:50,989 INFO [restartedMain] o.s.b.d.a.OptionalLiveReloadServer [OptionalLiveReloadServer.java:59] LiveReload server is running on port 35729
2023-03-08 19:17:51,010 INFO [restartedMain] o.a.c.h.Http11NioProtocol [DirectJDKLog.java:173] Starting ProtocolHandler ["http-nio-8080"]
2023-03-08 19:17:51,038 INFO [restartedMain] o.s.b.w.e.t.TomcatWebServer [TomcatWebServer.java:220] Tomcat started on port(s): 8080 (http) with context path '/community'
2023-03-08 19:17:51,052 INFO [restartedMain] c.n.c.CommunityApplication [StartupInfoLogger.java:57] Started CommunityApplication in 2.839 seconds (process running for 3.845)
2023-03-08 19:18:17,883 INFO [http-nio-8080-exec-1] o.a.c.c.C.[.[.[/community] [DirectJDKLog.java:173] Initializing Spring DispatcherServlet 'dispatcherServlet'
2023-03-08 19:18:17,883 INFO [http-nio-8080-exec-1] o.s.w.s.DispatcherServlet [FrameworkServlet.java:532] Initializing Servlet 'dispatcherServlet'
2023-03-08 19:18:17,884 INFO [http-nio-8080-exec-1] o.s.w.s.DispatcherServlet [FrameworkServlet.java:554] Completed initialization in 1 ms
2023-03-08 19:29:26,045 INFO [main] c.n.c.CommunityApplicationTests [StartupInfoLogger.java:51] Starting CommunityApplicationTests using Java 17.0.4 with PID 49065 (started by zhikaixu in /Users/zhikaixu/Desktop/nowcoder/community)
2023-03-08 19:29:26,048 INFO [main] c.n.c.CommunityApplicationTests [SpringApplication.java:630] No active profile set, falling back to 1 default profile: "default"
2023-03-08 19:29:27,506 INFO [main] o.s.b.a.w.s.WelcomePageHandlerMapping [WelcomePageHandlerMapping.java:56] Adding welcome page template: index
2023-03-08 19:29:27,685 INFO [main] c.n.c.CommunityApplicationTests [StartupInfoLogger.java:57] Started CommunityApplicationTests in 2.057 seconds (process running for 3.069)
2023-03-08 19:29:31,503 INFO [restartedMain] c.n.c.CommunityApplication [StartupInfoLogger.java:51] Starting CommunityApplication using Java 17.0.4 with PID 49076 (/Users/zhikaixu/Desktop/nowcoder/community/target/classes started by zhikaixu in /Users/zhikaixu/Desktop/nowcoder/community)
2023-03-08 19:29:31,505 INFO [restartedMain] c.n.c.CommunityApplication [SpringApplication.java:630] No active profile set, falling back to 1 default profile: "default"
2023-03-08 19:29:31,551 INFO [restartedMain] o.s.b.d.e.DevToolsPropertyDefaultsPostProcessor [DeferredLog.java:250] Devtools property defaults active! Set 'spring.devtools.add-properties' to 'false' to disable
2023-03-08 19:29:31,552 INFO [restartedMain] o.s.b.d.e.DevToolsPropertyDefaultsPostProcessor [DeferredLog.java:250] For additional web related logging consider setting the 'logging.level.web' property to 'DEBUG'
2023-03-08 19:29:32,698 INFO [restartedMain] o.s.b.w.e.t.TomcatWebServer [TomcatWebServer.java:108] Tomcat initialized with port(s): 8080 (http)
2023-03-08 19:29:32,707 INFO [restartedMain] o.a.c.h.Http11NioProtocol [DirectJDKLog.java:173] Initializing ProtocolHandler ["http-nio-8080"]
2023-03-08 19:29:32,708 INFO [restartedMain] o.a.c.c.StandardService [DirectJDKLog.java:173] Starting service [Tomcat]
2023-03-08 19:29:32,708 INFO [restartedMain] o.a.c.c.StandardEngine [DirectJDKLog.java:173] Starting Servlet engine: [Apache Tomcat/10.1.5]
2023-03-08 19:29:32,755 INFO [restartedMain] o.a.c.c.C.[.[.[/community] [DirectJDKLog.java:173] Initializing Spring embedded WebApplicationContext
2023-03-08 19:29:32,755 INFO [restartedMain] o.s.b.w.s.c.ServletWebServerApplicationContext [ServletWebServerApplicationContext.java:291] Root WebApplicationContext: initialization completed in 1202 ms
2023-03-08 19:29:33,233 INFO [restartedMain] o.s.b.a.w.s.WelcomePageHandlerMapping [WelcomePageHandlerMapping.java:56] Adding welcome page template: index
2023-03-08 19:29:33,387 INFO [restartedMain] o.s.b.d.a.OptionalLiveReloadServer [OptionalLiveReloadServer.java:59] LiveReload server is running on port 35729
2023-03-08 19:29:33,404 INFO [restartedMain] o.a.c.h.Http11NioProtocol [DirectJDKLog.java:173] Starting ProtocolHandler ["http-nio-8080"]
2023-03-08 19:29:33,421 INFO [restartedMain] o.s.b.w.e.t.TomcatWebServer [TomcatWebServer.java:220] Tomcat started on port(s): 8080 (http) with context path '/community'
2023-03-08 19:29:33,446 INFO [restartedMain] c.n.c.CommunityApplication [StartupInfoLogger.java:57] Started CommunityApplication in 2.496 seconds (process running for 3.494)
2023-03-08 19:30:16,545 INFO [http-nio-8080-exec-1] o.a.c.c.C.[.[.[/community] [DirectJDKLog.java:173] Initializing Spring DispatcherServlet 'dispatcherServlet'
2023-03-08 19:30:16,546 INFO [http-nio-8080-exec-1] o.s.w.s.DispatcherServlet [FrameworkServlet.java:532] Initializing Servlet 'dispatcherServlet'
2023-03-08 19:30:16,547 INFO [http-nio-8080-exec-1] o.s.w.s.DispatcherServlet [FrameworkServlet.java:554] Completed initialization in 1 ms
2023-03-08 19:33:08,128 INFO [main] c.n.c.CommunityApplicationTests [StartupInfoLogger.java:51] Starting CommunityApplicationTests using Java 17.0.4 with PID 49213 (started by zhikaixu in /Users/zhikaixu/Desktop/nowcoder/community)
2023-03-08 19:33:08,131 INFO [main] c.n.c.CommunityApplicationTests [SpringApplication.java:630] No active profile set, falling back to 1 default profile: "default"
2023-03-08 19:33:09,784 INFO [main] o.s.b.a.w.s.WelcomePageHandlerMapping [WelcomePageHandlerMapping.java:56] Adding welcome page template: index
2023-03-08 19:33:09,975 INFO [main] c.n.c.CommunityApplicationTests [StartupInfoLogger.java:57] Started CommunityApplicationTests in 2.309 seconds (process running for 3.282)
2023-03-08 19:33:13,806 INFO [restartedMain] c.n.c.CommunityApplication [StartupInfoLogger.java:51] Starting CommunityApplication using Java 17.0.4 with PID 49225 (/Users/zhikaixu/Desktop/nowcoder/community/target/classes started by zhikaixu in /Users/zhikaixu/Desktop/nowcoder/community)
2023-03-08 19:33:13,810 INFO [restartedMain] c.n.c.CommunityApplication [SpringApplication.java:630] No active profile set, falling back to 1 default profile: "default"
2023-03-08 19:33:13,855 INFO [restartedMain] o.s.b.d.e.DevToolsPropertyDefaultsPostProcessor [DeferredLog.java:250] Devtools property defaults active! Set 'spring.devtools.add-properties' to 'false' to disable
2023-03-08 19:33:13,856 INFO [restartedMain] o.s.b.d.e.DevToolsPropertyDefaultsPostProcessor [DeferredLog.java:250] For additional web related logging consider setting the 'logging.level.web' property to 'DEBUG'
2023-03-08 19:33:14,968 INFO [restartedMain] o.s.b.w.e.t.TomcatWebServer [TomcatWebServer.java:108] Tomcat initialized with port(s): 8080 (http)
2023-03-08 19:33:14,977 INFO [restartedMain] o.a.c.h.Http11NioProtocol [DirectJDKLog.java:173] Initializing ProtocolHandler ["http-nio-8080"]
2023-03-08 19:33:14,978 INFO [restartedMain] o.a.c.c.StandardService [DirectJDKLog.java:173] Starting service [Tomcat]
2023-03-08 19:33:14,978 INFO [restartedMain] o.a.c.c.StandardEngine [DirectJDKLog.java:173] Starting Servlet engine: [Apache Tomcat/10.1.5]
2023-03-08 19:33:15,023 INFO [restartedMain] o.a.c.c.C.[.[.[/community] [DirectJDKLog.java:173] Initializing Spring embedded WebApplicationContext
2023-03-08 19:33:15,024 INFO [restartedMain] o.s.b.w.s.c.ServletWebServerApplicationContext [ServletWebServerApplicationContext.java:291] Root WebApplicationContext: initialization completed in 1167 ms
2023-03-08 19:33:15,499 INFO [restartedMain] o.s.b.a.w.s.WelcomePageHandlerMapping [WelcomePageHandlerMapping.java:56] Adding welcome page template: index
2023-03-08 19:33:15,651 INFO [restartedMain] o.s.b.d.a.OptionalLiveReloadServer [OptionalLiveReloadServer.java:59] LiveReload server is running on port 35729
2023-03-08 19:33:15,670 INFO [restartedMain] o.a.c.h.Http11NioProtocol [DirectJDKLog.java:173] Starting ProtocolHandler ["http-nio-8080"]
2023-03-08 19:33:15,685 INFO [restartedMain] o.s.b.w.e.t.TomcatWebServer [TomcatWebServer.java:220] Tomcat started on port(s): 8080 (http) with context path '/community'
2023-03-08 19:33:15,696 INFO [restartedMain] c.n.c.CommunityApplication [StartupInfoLogger.java:57] Started CommunityApplication in 2.525 seconds (process running for 3.43)
2023-03-08 19:33:24,984 INFO [http-nio-8080-exec-1] o.a.c.c.C.[.[.[/community] [DirectJDKLog.java:173] Initializing Spring DispatcherServlet 'dispatcherServlet'
2023-03-08 19:33:24,984 INFO [http-nio-8080-exec-1] o.s.w.s.DispatcherServlet [FrameworkServlet.java:532] Initializing Servlet 'dispatcherServlet'
2023-03-08 19:33:24,986 INFO [http-nio-8080-exec-1] o.s.w.s.DispatcherServlet [FrameworkServlet.java:554] Completed initialization in 1 ms
2023-03-08 20:36:11,977 INFO [main] c.n.c.CommunityApplicationTests [StartupInfoLogger.java:51] Starting CommunityApplicationTests using Java 17.0.4 with PID 51266 (started by zhikaixu in /Users/zhikaixu/Desktop/nowcoder/community)
2023-03-08 20:36:11,981 INFO [main] c.n.c.CommunityApplicationTests [SpringApplication.java:630] No active profile set, falling back to 1 default profile: "default"
2023-03-08 20:36:13,541 INFO [main] o.s.b.a.w.s.WelcomePageHandlerMapping [WelcomePageHandlerMapping.java:56] Adding welcome page template: index
2023-03-08 20:36:13,726 INFO [main] c.n.c.CommunityApplicationTests [StartupInfoLogger.java:57] Started CommunityApplicationTests in 2.198 seconds (process running for 3.188)
2023-03-08 20:36:17,910 INFO [restartedMain] c.n.c.CommunityApplication [StartupInfoLogger.java:51] Starting CommunityApplication using Java 17.0.4 with PID 51280 (/Users/zhikaixu/Desktop/nowcoder/community/target/classes started by zhikaixu in /Users/zhikaixu/Desktop/nowcoder/community)
2023-03-08 20:36:17,912 INFO [restartedMain] c.n.c.CommunityApplication [SpringApplication.java:630] No active profile set, falling back to 1 default profile: "default"
2023-03-08 20:36:17,968 INFO [restartedMain] o.s.b.d.e.DevToolsPropertyDefaultsPostProcessor [DeferredLog.java:250] Devtools property defaults active! Set 'spring.devtools.add-properties' to 'false' to disable
2023-03-08 20:36:17,969 INFO [restartedMain] o.s.b.d.e.DevToolsPropertyDefaultsPostProcessor [DeferredLog.java:250] For additional web related logging consider setting the 'logging.level.web' property to 'DEBUG'
2023-03-08 20:36:19,163 INFO [restartedMain] o.s.b.w.e.t.TomcatWebServer [TomcatWebServer.java:108] Tomcat initialized with port(s): 8080 (http)
2023-03-08 20:36:19,172 INFO [restartedMain] o.a.c.h.Http11NioProtocol [DirectJDKLog.java:173] Initializing ProtocolHandler ["http-nio-8080"]
2023-03-08 20:36:19,174 INFO [restartedMain] o.a.c.c.StandardService [DirectJDKLog.java:173] Starting service [Tomcat]
2023-03-08 20:36:19,174 INFO [restartedMain] o.a.c.c.StandardEngine [DirectJDKLog.java:173] Starting Servlet engine: [Apache Tomcat/10.1.5]
2023-03-08 20:36:19,227 INFO [restartedMain] o.a.c.c.C.[.[.[/community] [DirectJDKLog.java:173] Initializing Spring embedded WebApplicationContext
2023-03-08 20:36:19,227 INFO [restartedMain] o.s.b.w.s.c.ServletWebServerApplicationContext [ServletWebServerApplicationContext.java:291] Root WebApplicationContext: initialization completed in 1257 ms
2023-03-08 20:36:19,795 INFO [restartedMain] o.s.b.a.w.s.WelcomePageHandlerMapping [WelcomePageHandlerMapping.java:56] Adding welcome page template: index
2023-03-08 20:36:19,981 INFO [restartedMain] o.s.b.d.a.OptionalLiveReloadServer [OptionalLiveReloadServer.java:59] LiveReload server is running on port 35729
2023-03-08 20:36:20,000 INFO [restartedMain] o.a.c.h.Http11NioProtocol [DirectJDKLog.java:173] Starting ProtocolHandler ["http-nio-8080"]
2023-03-08 20:36:20,024 INFO [restartedMain] o.s.b.w.e.t.TomcatWebServer [TomcatWebServer.java:220] Tomcat started on port(s): 8080 (http) with context path '/community'
2023-03-08 20:36:20,037 INFO [restartedMain] c.n.c.CommunityApplication [StartupInfoLogger.java:57] Started CommunityApplication in 2.915 seconds (process running for 3.847)
2023-03-08 20:36:28,370 INFO [http-nio-8080-exec-1] o.a.c.c.C.[.[.[/community] [DirectJDKLog.java:173] Initializing Spring DispatcherServlet 'dispatcherServlet'
2023-03-08 20:36:28,371 INFO [http-nio-8080-exec-1] o.s.w.s.DispatcherServlet [FrameworkServlet.java:532] Initializing Servlet 'dispatcherServlet'
2023-03-08 20:36:28,372 INFO [http-nio-8080-exec-1] o.s.w.s.DispatcherServlet [FrameworkServlet.java:554] Completed initialization in 1 ms
2023-03-08 20:36:28,436 INFO [http-nio-8080-exec-1] c.z.h.HikariDataSource [HikariDataSource.java:110] HikariPool-1 - Starting...
2023-03-08 20:36:28,580 INFO [http-nio-8080-exec-1] c.z.h.p.HikariPool [HikariPool.java:565] HikariPool-1 - Added connection com.mysql.cj.jdbc.ConnectionImpl@4aabc2e6
2023-03-08 20:36:28,582 INFO [http-nio-8080-exec-1] c.z.h.HikariDataSource [HikariDataSource.java:123] HikariPool-1 - Start completed.
2023-03-08 20:37:38,359 INFO [SpringApplicationShutdownHook] c.z.h.HikariDataSource [HikariDataSource.java:350] HikariPool-1 - Shutdown initiated...
2023-03-08 20:37:38,371 INFO [SpringApplicationShutdownHook] c.z.h.HikariDataSource [HikariDataSource.java:352] HikariPool-1 - Shutdown completed.
2023-03-08 20:37:46,225 INFO [main] c.n.c.CommunityApplicationTests [StartupInfoLogger.java:51] Starting CommunityApplicationTests using Java 17.0.4 with PID 51360 (started by zhikaixu in /Users/zhikaixu/Desktop/nowcoder/community)
2023-03-08 20:37:46,228 INFO [main] c.n.c.CommunityApplicationTests [SpringApplication.java:630] No active profile set, falling back to 1 default profile: "default"
2023-03-08 20:37:48,126 INFO [main] o.s.b.a.w.s.WelcomePageHandlerMapping [WelcomePageHandlerMapping.java:56] Adding welcome page template: index
2023-03-08 20:37:48,332 INFO [main] c.n.c.CommunityApplicationTests [StartupInfoLogger.java:57] Started CommunityApplicationTests in 2.601 seconds (process running for 3.719)
2023-03-08 20:37:52,135 INFO [restartedMain] c.n.c.CommunityApplication [StartupInfoLogger.java:51] Starting CommunityApplication using Java 17.0.4 with PID 51373 (/Users/zhikaixu/Desktop/nowcoder/community/target/classes started by zhikaixu in /Users/zhikaixu/Desktop/nowcoder/community)
2023-03-08 20:37:52,138 INFO [restartedMain] c.n.c.CommunityApplication [SpringApplication.java:630] No active profile set, falling back to 1 default profile: "default"
2023-03-08 20:37:52,190 INFO [restartedMain] o.s.b.d.e.DevToolsPropertyDefaultsPostProcessor [DeferredLog.java:250] Devtools property defaults active! Set 'spring.devtools.add-properties' to 'false' to disable
2023-03-08 20:37:52,191 INFO [restartedMain] o.s.b.d.e.DevToolsPropertyDefaultsPostProcessor [DeferredLog.java:250] For additional web related logging consider setting the 'logging.level.web' property to 'DEBUG'
2023-03-08 20:37:53,368 INFO [restartedMain] o.s.b.w.e.t.TomcatWebServer [TomcatWebServer.java:108] Tomcat initialized with port(s): 8080 (http)
2023-03-08 20:37:53,377 INFO [restartedMain] o.a.c.h.Http11NioProtocol [DirectJDKLog.java:173] Initializing ProtocolHandler ["http-nio-8080"]
2023-03-08 20:37:53,378 INFO [restartedMain] o.a.c.c.StandardService [DirectJDKLog.java:173] Starting service [Tomcat]
2023-03-08 20:37:53,378 INFO [restartedMain] o.a.c.c.StandardEngine [DirectJDKLog.java:173] Starting Servlet engine: [Apache Tomcat/10.1.5]
2023-03-08 20:37:53,427 INFO [restartedMain] o.a.c.c.C.[.[.[/community] [DirectJDKLog.java:173] Initializing Spring embedded WebApplicationContext
2023-03-08 20:37:53,428 INFO [restartedMain] o.s.b.w.s.c.ServletWebServerApplicationContext [ServletWebServerApplicationContext.java:291] Root WebApplicationContext: initialization completed in 1236 ms
2023-03-08 20:37:53,925 INFO [restartedMain] o.s.b.a.w.s.WelcomePageHandlerMapping [WelcomePageHandlerMapping.java:56] Adding welcome page template: index
2023-03-08 20:37:54,085 INFO [restartedMain] o.s.b.d.a.OptionalLiveReloadServer [OptionalLiveReloadServer.java:59] LiveReload server is running on port 35729
2023-03-08 20:37:54,103 INFO [restartedMain] o.a.c.h.Http11NioProtocol [DirectJDKLog.java:173] Starting ProtocolHandler ["http-nio-8080"]
2023-03-08 20:37:54,119 INFO [restartedMain] o.s.b.w.e.t.TomcatWebServer [TomcatWebServer.java:220] Tomcat started on port(s): 8080 (http) with context path '/community'
2023-03-08 20:37:54,131 INFO [restartedMain] c.n.c.CommunityApplication [StartupInfoLogger.java:57] Started CommunityApplication in 2.618 seconds (process running for 3.652)
2023-03-08 20:37:58,553 INFO [http-nio-8080-exec-3] o.a.c.c.C.[.[.[/community] [DirectJDKLog.java:173] Initializing Spring DispatcherServlet 'dispatcherServlet'
2023-03-08 20:37:58,554 INFO [http-nio-8080-exec-3] o.s.w.s.DispatcherServlet [FrameworkServlet.java:532] Initializing Servlet 'dispatcherServlet'
2023-03-08 20:37:58,555 INFO [http-nio-8080-exec-3] o.s.w.s.DispatcherServlet [FrameworkServlet.java:554] Completed initialization in 1 ms
2023-03-08 20:44:16,265 INFO [main] c.n.c.CommunityApplicationTests [StartupInfoLogger.java:51] Starting CommunityApplicationTests using Java 17.0.4 with PID 51599 (started by zhikaixu in /Users/zhikaixu/Desktop/nowcoder/community)
2023-03-08 20:44:16,268 INFO [main] c.n.c.CommunityApplicationTests [SpringApplication.java:630] No active profile set, falling back to 1 default profile: "default"
2023-03-08 20:44:17,801 INFO [main] o.s.b.a.w.s.WelcomePageHandlerMapping [WelcomePageHandlerMapping.java:56] Adding welcome page template: index
2023-03-08 20:44:17,983 INFO [main] c.n.c.CommunityApplicationTests [StartupInfoLogger.java:57] Started CommunityApplicationTests in 2.134 seconds (process running for 3.07)
2023-03-08 20:44:22,003 INFO [restartedMain] c.n.c.CommunityApplication [StartupInfoLogger.java:51] Starting CommunityApplication using Java 17.0.4 with PID 51606 (/Users/zhikaixu/Desktop/nowcoder/community/target/classes started by zhikaixu in /Users/zhikaixu/Desktop/nowcoder/community)
2023-03-08 20:44:22,006 INFO [restartedMain] c.n.c.CommunityApplication [SpringApplication.java:630] No active profile set, falling back to 1 default profile: "default"
2023-03-08 20:44:22,049 INFO [restartedMain] o.s.b.d.e.DevToolsPropertyDefaultsPostProcessor [DeferredLog.java:250] Devtools property defaults active! Set 'spring.devtools.add-properties' to 'false' to disable
2023-03-08 20:44:22,050 INFO [restartedMain] o.s.b.d.e.DevToolsPropertyDefaultsPostProcessor [DeferredLog.java:250] For additional web related logging consider setting the 'logging.level.web' property to 'DEBUG'
2023-03-08 20:44:23,311 INFO [restartedMain] o.s.b.w.e.t.TomcatWebServer [TomcatWebServer.java:108] Tomcat initialized with port(s): 8080 (http)
2023-03-08 20:44:23,322 INFO [restartedMain] o.a.c.h.Http11NioProtocol [DirectJDKLog.java:173] Initializing ProtocolHandler ["http-nio-8080"]
2023-03-08 20:44:23,324 INFO [restartedMain] o.a.c.c.StandardService [DirectJDKLog.java:173] Starting service [Tomcat]
2023-03-08 20:44:23,324 INFO [restartedMain] o.a.c.c.StandardEngine [DirectJDKLog.java:173] Starting Servlet engine: [Apache Tomcat/10.1.5]
2023-03-08 20:44:23,385 INFO [restartedMain] o.a.c.c.C.[.[.[/community] [DirectJDKLog.java:173] Initializing Spring embedded WebApplicationContext
2023-03-08 20:44:23,385 INFO [restartedMain] o.s.b.w.s.c.ServletWebServerApplicationContext [ServletWebServerApplicationContext.java:291] Root WebApplicationContext: initialization completed in 1335 ms
2023-03-08 20:44:23,956 INFO [restartedMain] o.s.b.a.w.s.WelcomePageHandlerMapping [WelcomePageHandlerMapping.java:56] Adding welcome page template: index
2023-03-08 20:44:24,137 INFO [restartedMain] o.s.b.d.a.OptionalLiveReloadServer [OptionalLiveReloadServer.java:59] LiveReload server is running on port 35729
2023-03-08 20:44:24,158 INFO [restartedMain] o.a.c.h.Http11NioProtocol [DirectJDKLog.java:173] Starting ProtocolHandler ["http-nio-8080"]
2023-03-08 20:44:24,181 INFO [restartedMain] o.s.b.w.e.t.TomcatWebServer [TomcatWebServer.java:220] Tomcat started on port(s): 8080 (http) with context path '/community'
2023-03-08 20:44:24,196 INFO [restartedMain] c.n.c.CommunityApplication [StartupInfoLogger.java:57] Started CommunityApplication in 2.71 seconds (process running for 3.994)
2023-03-08 20:44:31,582 INFO [http-nio-8080-exec-1] o.a.c.c.C.[.[.[/community] [DirectJDKLog.java:173] Initializing Spring DispatcherServlet 'dispatcherServlet'
2023-03-08 20:44:31,583 INFO [http-nio-8080-exec-1] o.s.w.s.DispatcherServlet [FrameworkServlet.java:532] Initializing Servlet 'dispatcherServlet'
2023-03-08 20:44:31,584 INFO [http-nio-8080-exec-1] o.s.w.s.DispatcherServlet [FrameworkServlet.java:554] Completed initialization in 1 ms
2023-03-08 20:49:40,631 INFO [main] c.n.c.CommunityApplicationTests [StartupInfoLogger.java:51] Starting CommunityApplicationTests using Java 17.0.4 with PID 51789 (started by zhikaixu in /Users/zhikaixu/Desktop/nowcoder/community)
2023-03-08 20:49:40,634 INFO [main] c.n.c.CommunityApplicationTests [SpringApplication.java:630] No active profile set, falling back to 1 default profile: "default"
2023-03-08 20:49:42,340 INFO [main] o.s.b.a.w.s.WelcomePageHandlerMapping [WelcomePageHandlerMapping.java:56] Adding welcome page template: index
2023-03-08 20:49:42,555 INFO [main] c.n.c.CommunityApplicationTests [StartupInfoLogger.java:57] Started CommunityApplicationTests in 2.355 seconds (process running for 3.312)
2023-03-08 20:49:46,135 INFO [restartedMain] c.n.c.CommunityApplication [StartupInfoLogger.java:51] Starting CommunityApplication using Java 17.0.4 with PID 51798 (/Users/zhikaixu/Desktop/nowcoder/community/target/classes started by zhikaixu in /Users/zhikaixu/Desktop/nowcoder/community)
2023-03-08 20:49:46,139 INFO [restartedMain] c.n.c.CommunityApplication [SpringApplication.java:630] No active profile set, falling back to 1 default profile: "default"
2023-03-08 20:49:46,191 INFO [restartedMain] o.s.b.d.e.DevToolsPropertyDefaultsPostProcessor [DeferredLog.java:250] Devtools property defaults active! Set 'spring.devtools.add-properties' to 'false' to disable
2023-03-08 20:49:46,192 INFO [restartedMain] o.s.b.d.e.DevToolsPropertyDefaultsPostProcessor [DeferredLog.java:250] For additional web related logging consider setting the 'logging.level.web' property to 'DEBUG'
2023-03-08 20:49:47,359 INFO [restartedMain] o.s.b.w.e.t.TomcatWebServer [TomcatWebServer.java:108] Tomcat initialized with port(s): 8080 (http)
2023-03-08 20:49:47,367 INFO [restartedMain] o.a.c.h.Http11NioProtocol [DirectJDKLog.java:173] Initializing ProtocolHandler ["http-nio-8080"]
2023-03-08 20:49:47,368 INFO [restartedMain] o.a.c.c.StandardService [DirectJDKLog.java:173] Starting service [Tomcat]
2023-03-08 20:49:47,368 INFO [restartedMain] o.a.c.c.StandardEngine [DirectJDKLog.java:173] Starting Servlet engine: [Apache Tomcat/10.1.5]
2023-03-08 20:49:47,412 INFO [restartedMain] o.a.c.c.C.[.[.[/community] [DirectJDKLog.java:173] Initializing Spring embedded WebApplicationContext
2023-03-08 20:49:47,413 INFO [restartedMain] o.s.b.w.s.c.ServletWebServerApplicationContext [ServletWebServerApplicationContext.java:291] Root WebApplicationContext: initialization completed in 1221 ms
2023-03-08 20:49:47,885 INFO [restartedMain] o.s.b.a.w.s.WelcomePageHandlerMapping [WelcomePageHandlerMapping.java:56] Adding welcome page template: index
2023-03-08 20:49:48,037 INFO [restartedMain] o.s.b.d.a.OptionalLiveReloadServer [OptionalLiveReloadServer.java:59] LiveReload server is running on port 35729
2023-03-08 20:49:48,053 INFO [restartedMain] o.a.c.h.Http11NioProtocol [DirectJDKLog.java:173] Starting ProtocolHandler ["http-nio-8080"]
2023-03-08 20:49:48,068 INFO [restartedMain] o.s.b.w.e.t.TomcatWebServer [TomcatWebServer.java:220] Tomcat started on port(s): 8080 (http) with context path '/community'
2023-03-08 20:49:48,080 INFO [restartedMain] c.n.c.CommunityApplication [StartupInfoLogger.java:57] Started CommunityApplication in 2.501 seconds (process running for 3.264)
2023-03-08 20:49:51,410 INFO [http-nio-8080-exec-1] o.a.c.c.C.[.[.[/community] [DirectJDKLog.java:173] Initializing Spring DispatcherServlet 'dispatcherServlet'
2023-03-08 20:49:51,410 INFO [http-nio-8080-exec-1] o.s.w.s.DispatcherServlet [FrameworkServlet.java:532] Initializing Servlet 'dispatcherServlet'
2023-03-08 20:49:51,411 INFO [http-nio-8080-exec-1] o.s.w.s.DispatcherServlet [FrameworkServlet.java:554] Completed initialization in 1 ms
2023-03-08 20:54:30,561 INFO [main] c.n.c.CommunityApplicationTests [StartupInfoLogger.java:51] Starting CommunityApplicationTests using Java 17.0.4 with PID 51977 (started by zhikaixu in /Users/zhikaixu/Desktop/nowcoder/community)
2023-03-08 20:54:30,565 INFO [main] c.n.c.CommunityApplicationTests [SpringApplication.java:630] No active profile set, falling back to 1 default profile: "default"
2023-03-08 20:54:32,219 INFO [main] o.s.b.a.w.s.WelcomePageHandlerMapping [WelcomePageHandlerMapping.java:56] Adding welcome page template: index
2023-03-08 20:54:32,409 INFO [main] c.n.c.CommunityApplicationTests [StartupInfoLogger.java:57] Started CommunityApplicationTests in 2.377 seconds (process running for 3.54)
2023-03-08 20:54:36,208 INFO [restartedMain] c.n.c.CommunityApplication [StartupInfoLogger.java:51] Starting CommunityApplication using Java 17.0.4 with PID 51993 (/Users/zhikaixu/Desktop/nowcoder/community/target/classes started by zhikaixu in /Users/zhikaixu/Desktop/nowcoder/community)
2023-03-08 20:54:36,212 INFO [restartedMain] c.n.c.CommunityApplication [SpringApplication.java:630] No active profile set, falling back to 1 default profile: "default"
2023-03-08 20:54:36,271 INFO [restartedMain] o.s.b.d.e.DevToolsPropertyDefaultsPostProcessor [DeferredLog.java:250] Devtools property defaults active! Set 'spring.devtools.add-properties' to 'false' to disable
2023-03-08 20:54:36,272 INFO [restartedMain] o.s.b.d.e.DevToolsPropertyDefaultsPostProcessor [DeferredLog.java:250] For additional web related logging consider setting the 'logging.level.web' property to 'DEBUG'
2023-03-08 20:54:37,392 INFO [restartedMain] o.s.b.w.e.t.TomcatWebServer [TomcatWebServer.java:108] Tomcat initialized with port(s): 8080 (http)
2023-03-08 20:54:37,400 INFO [restartedMain] o.a.c.h.Http11NioProtocol [DirectJDKLog.java:173] Initializing ProtocolHandler ["http-nio-8080"]
2023-03-08 20:54:37,401 INFO [restartedMain] o.a.c.c.StandardService [DirectJDKLog.java:173] Starting service [Tomcat]
2023-03-08 20:54:37,401 INFO [restartedMain] o.a.c.c.StandardEngine [DirectJDKLog.java:173] Starting Servlet engine: [Apache Tomcat/10.1.5]
2023-03-08 20:54:37,448 INFO [restartedMain] o.a.c.c.C.[.[.[/community] [DirectJDKLog.java:173] Initializing Spring embedded WebApplicationContext
2023-03-08 20:54:37,448 INFO [restartedMain] o.s.b.w.s.c.ServletWebServerApplicationContext [ServletWebServerApplicationContext.java:291] Root WebApplicationContext: initialization completed in 1175 ms
2023-03-08 20:54:37,942 INFO [restartedMain] o.s.b.a.w.s.WelcomePageHandlerMapping [WelcomePageHandlerMapping.java:56] Adding welcome page template: index
2023-03-08 20:54:38,104 INFO [restartedMain] o.s.b.d.a.OptionalLiveReloadServer [OptionalLiveReloadServer.java:59] LiveReload server is running on port 35729
2023-03-08 20:54:38,122 INFO [restartedMain] o.a.c.h.Http11NioProtocol [DirectJDKLog.java:173] Starting ProtocolHandler ["http-nio-8080"]
2023-03-08 20:54:38,138 INFO [restartedMain] o.s.b.w.e.t.TomcatWebServer [TomcatWebServer.java:220] Tomcat started on port(s): 8080 (http) with context path '/community'
2023-03-08 20:54:38,150 INFO [restartedMain] c.n.c.CommunityApplication [StartupInfoLogger.java:57] Started CommunityApplication in 2.494 seconds (process running for 3.36)
2023-03-08 20:54:39,307 INFO [http-nio-8080-exec-1] o.a.c.c.C.[.[.[/community] [DirectJDKLog.java:173] Initializing Spring DispatcherServlet 'dispatcherServlet'
2023-03-08 20:54:39,308 INFO [http-nio-8080-exec-1] o.s.w.s.DispatcherServlet [FrameworkServlet.java:532] Initializing Servlet 'dispatcherServlet'
2023-03-08 20:54:39,310 INFO [http-nio-8080-exec-1] o.s.w.s.DispatcherServlet [FrameworkServlet.java:554] Completed initialization in 2 ms
