2023-03-28 12:20:42,020 INFO [main] c.n.c.CommunityApplicationTests [StartupInfoLogger.java:51] Starting CommunityApplicationTests using Java 17.0.4 with PID 12067 (started by zhikaixu in /Users/zhikaixu/Desktop/nowcoder/community)
2023-03-28 12:20:42,025 INFO [main] c.n.c.CommunityApplicationTests [SpringApplication.java:630] No active profile set, falling back to 1 default profile: "default"
2023-03-28 12:20:43,983 INFO [main] o.s.b.a.w.s.WelcomePageHandlerMapping [WelcomePageHandlerMapping.java:56] Adding welcome page template: index
2023-03-28 12:20:44,177 INFO [main] c.n.c.CommunityApplicationTests [StartupInfoLogger.java:57] Started CommunityApplicationTests in 2.67 seconds (process running for 3.807)
2023-03-28 12:20:49,604 INFO [restartedMain] c.n.c.CommunityApplication [StartupInfoLogger.java:51] Starting CommunityApplication using Java 17.0.4 with PID 12085 (/Users/zhikaixu/Desktop/nowcoder/community/target/classes started by zhikaixu in /Users/zhikaixu/Desktop/nowcoder/community)
2023-03-28 12:20:49,614 INFO [restartedMain] c.n.c.CommunityApplication [SpringApplication.java:630] No active profile set, falling back to 1 default profile: "default"
2023-03-28 12:20:49,736 INFO [restartedMain] o.s.b.d.e.DevToolsPropertyDefaultsPostProcessor [DeferredLog.java:250] Devtools property defaults active! Set 'spring.devtools.add-properties' to 'false' to disable
2023-03-28 12:20:49,737 INFO [restartedMain] o.s.b.d.e.DevToolsPropertyDefaultsPostProcessor [DeferredLog.java:250] For additional web related logging consider setting the 'logging.level.web' property to 'DEBUG'
2023-03-28 12:20:51,232 INFO [restartedMain] o.s.b.w.e.t.TomcatWebServer [TomcatWebServer.java:108] Tomcat initialized with port(s): 8080 (http)
2023-03-28 12:20:51,242 INFO [restartedMain] o.a.c.h.Http11NioProtocol [DirectJDKLog.java:173] Initializing ProtocolHandler ["http-nio-8080"]
2023-03-28 12:20:51,243 INFO [restartedMain] o.a.c.c.StandardService [DirectJDKLog.java:173] Starting service [Tomcat]
2023-03-28 12:20:51,244 INFO [restartedMain] o.a.c.c.StandardEngine [DirectJDKLog.java:173] Starting Servlet engine: [Apache Tomcat/10.1.5]
2023-03-28 12:20:51,298 INFO [restartedMain] o.a.c.c.C.[.[.[/community] [DirectJDKLog.java:173] Initializing Spring embedded WebApplicationContext
2023-03-28 12:20:51,298 INFO [restartedMain] o.s.b.w.s.c.ServletWebServerApplicationContext [ServletWebServerApplicationContext.java:291] Root WebApplicationContext: initialization completed in 1558 ms
2023-03-28 12:20:51,900 INFO [restartedMain] o.s.b.a.w.s.WelcomePageHandlerMapping [WelcomePageHandlerMapping.java:56] Adding welcome page template: index
2023-03-28 12:20:52,086 INFO [restartedMain] o.s.b.d.a.OptionalLiveReloadServer [OptionalLiveReloadServer.java:59] LiveReload server is running on port 35729
2023-03-28 12:20:52,105 INFO [restartedMain] o.a.c.h.Http11NioProtocol [DirectJDKLog.java:173] Starting ProtocolHandler ["http-nio-8080"]
2023-03-28 12:20:52,131 INFO [restartedMain] o.s.b.w.e.t.TomcatWebServer [TomcatWebServer.java:220] Tomcat started on port(s): 8080 (http) with context path '/community'
2023-03-28 12:20:52,144 INFO [restartedMain] c.n.c.CommunityApplication [StartupInfoLogger.java:57] Started CommunityApplication in 4.01 seconds (process running for 5.574)
2023-03-28 12:20:58,426 INFO [http-nio-8080-exec-1] o.a.c.c.C.[.[.[/community] [DirectJDKLog.java:173] Initializing Spring DispatcherServlet 'dispatcherServlet'
2023-03-28 12:20:58,427 INFO [http-nio-8080-exec-1] o.s.w.s.DispatcherServlet [FrameworkServlet.java:532] Initializing Servlet 'dispatcherServlet'
2023-03-28 12:20:58,428 INFO [http-nio-8080-exec-1] o.s.w.s.DispatcherServlet [FrameworkServlet.java:554] Completed initialization in 1 ms
2023-03-28 12:20:58,495 INFO [http-nio-8080-exec-1] c.z.h.HikariDataSource [HikariDataSource.java:110] HikariPool-1 - Starting...
2023-03-28 12:21:40,068 INFO [main] c.n.c.CommunityApplicationTests [StartupInfoLogger.java:51] Starting CommunityApplicationTests using Java 17.0.4 with PID 12149 (started by zhikaixu in /Users/zhikaixu/Desktop/nowcoder/community)
2023-03-28 12:21:40,072 INFO [main] c.n.c.CommunityApplicationTests [SpringApplication.java:630] No active profile set, falling back to 1 default profile: "default"
2023-03-28 12:21:41,856 INFO [main] o.s.b.a.w.s.WelcomePageHandlerMapping [WelcomePageHandlerMapping.java:56] Adding welcome page template: index
2023-03-28 12:21:42,032 INFO [main] c.n.c.CommunityApplicationTests [StartupInfoLogger.java:57] Started CommunityApplicationTests in 2.426 seconds (process running for 3.425)
2023-03-28 12:21:45,804 INFO [restartedMain] c.n.c.CommunityApplication [StartupInfoLogger.java:51] Starting CommunityApplication using Java 17.0.4 with PID 12164 (/Users/zhikaixu/Desktop/nowcoder/community/target/classes started by zhikaixu in /Users/zhikaixu/Desktop/nowcoder/community)
2023-03-28 12:21:45,808 INFO [restartedMain] c.n.c.CommunityApplication [SpringApplication.java:630] No active profile set, falling back to 1 default profile: "default"
2023-03-28 12:21:45,873 INFO [restartedMain] o.s.b.d.e.DevToolsPropertyDefaultsPostProcessor [DeferredLog.java:250] Devtools property defaults active! Set 'spring.devtools.add-properties' to 'false' to disable
2023-03-28 12:21:45,874 INFO [restartedMain] o.s.b.d.e.DevToolsPropertyDefaultsPostProcessor [DeferredLog.java:250] For additional web related logging consider setting the 'logging.level.web' property to 'DEBUG'
2023-03-28 12:21:47,159 INFO [restartedMain] o.s.b.w.e.t.TomcatWebServer [TomcatWebServer.java:108] Tomcat initialized with port(s): 8080 (http)
2023-03-28 12:21:47,168 INFO [restartedMain] o.a.c.h.Http11NioProtocol [DirectJDKLog.java:173] Initializing ProtocolHandler ["http-nio-8080"]
2023-03-28 12:21:47,169 INFO [restartedMain] o.a.c.c.StandardService [DirectJDKLog.java:173] Starting service [Tomcat]
2023-03-28 12:21:47,170 INFO [restartedMain] o.a.c.c.StandardEngine [DirectJDKLog.java:173] Starting Servlet engine: [Apache Tomcat/10.1.5]
2023-03-28 12:21:47,216 INFO [restartedMain] o.a.c.c.C.[.[.[/community] [DirectJDKLog.java:173] Initializing Spring embedded WebApplicationContext
2023-03-28 12:21:47,216 INFO [restartedMain] o.s.b.w.s.c.ServletWebServerApplicationContext [ServletWebServerApplicationContext.java:291] Root WebApplicationContext: initialization completed in 1342 ms
2023-03-28 12:21:47,825 INFO [restartedMain] o.s.b.a.w.s.WelcomePageHandlerMapping [WelcomePageHandlerMapping.java:56] Adding welcome page template: index
2023-03-28 12:21:48,030 INFO [restartedMain] o.s.b.d.a.OptionalLiveReloadServer [OptionalLiveReloadServer.java:59] LiveReload server is running on port 35729
2023-03-28 12:21:48,052 INFO [restartedMain] o.a.c.h.Http11NioProtocol [DirectJDKLog.java:173] Starting ProtocolHandler ["http-nio-8080"]
2023-03-28 12:21:48,068 INFO [restartedMain] o.s.b.w.e.t.TomcatWebServer [TomcatWebServer.java:220] Tomcat started on port(s): 8080 (http) with context path '/community'
2023-03-28 12:21:48,079 INFO [restartedMain] c.n.c.CommunityApplication [StartupInfoLogger.java:57] Started CommunityApplication in 3.207 seconds (process running for 4.007)
2023-03-28 12:21:50,541 INFO [http-nio-8080-exec-1] o.a.c.c.C.[.[.[/community] [DirectJDKLog.java:173] Initializing Spring DispatcherServlet 'dispatcherServlet'
2023-03-28 12:21:50,541 INFO [http-nio-8080-exec-1] o.s.w.s.DispatcherServlet [FrameworkServlet.java:532] Initializing Servlet 'dispatcherServlet'
2023-03-28 12:21:50,542 INFO [http-nio-8080-exec-1] o.s.w.s.DispatcherServlet [FrameworkServlet.java:554] Completed initialization in 1 ms
2023-03-28 12:21:50,614 INFO [http-nio-8080-exec-1] c.z.h.HikariDataSource [HikariDataSource.java:110] HikariPool-1 - Starting...
2023-03-28 12:21:50,765 INFO [http-nio-8080-exec-1] c.z.h.p.HikariPool [HikariPool.java:565] HikariPool-1 - Added connection com.mysql.cj.jdbc.ConnectionImpl@69b6e3a2
2023-03-28 12:21:50,767 INFO [http-nio-8080-exec-1] c.z.h.HikariDataSource [HikariDataSource.java:123] HikariPool-1 - Start completed.
2023-03-28 14:56:49,422 INFO [SpringApplicationShutdownHook] c.z.h.HikariDataSource [HikariDataSource.java:350] HikariPool-1 - Shutdown initiated...
2023-03-28 14:56:49,425 INFO [SpringApplicationShutdownHook] c.z.h.HikariDataSource [HikariDataSource.java:352] HikariPool-1 - Shutdown completed.
2023-03-28 14:56:55,987 INFO [main] c.n.c.CommunityApplicationTests [StartupInfoLogger.java:51] Starting CommunityApplicationTests using Java 17.0.4 with PID 16826 (started by zhikaixu in /Users/zhikaixu/Desktop/nowcoder/community)
2023-03-28 14:56:55,989 INFO [main] c.n.c.CommunityApplicationTests [SpringApplication.java:630] No active profile set, falling back to 1 default profile: "default"
2023-03-28 14:56:57,844 INFO [main] o.s.b.a.w.s.WelcomePageHandlerMapping [WelcomePageHandlerMapping.java:56] Adding welcome page template: index
2023-03-28 14:56:58,040 INFO [main] c.n.c.CommunityApplicationTests [StartupInfoLogger.java:57] Started CommunityApplicationTests in 2.511 seconds (process running for 3.502)
2023-03-28 14:57:02,354 INFO [restartedMain] c.n.c.CommunityApplication [StartupInfoLogger.java:51] Starting CommunityApplication using Java 17.0.4 with PID 16833 (/Users/zhikaixu/Desktop/nowcoder/community/target/classes started by zhikaixu in /Users/zhikaixu/Desktop/nowcoder/community)
2023-03-28 14:57:02,357 INFO [restartedMain] c.n.c.CommunityApplication [SpringApplication.java:630] No active profile set, falling back to 1 default profile: "default"
2023-03-28 14:57:02,407 INFO [restartedMain] o.s.b.d.e.DevToolsPropertyDefaultsPostProcessor [DeferredLog.java:250] Devtools property defaults active! Set 'spring.devtools.add-properties' to 'false' to disable
2023-03-28 14:57:02,408 INFO [restartedMain] o.s.b.d.e.DevToolsPropertyDefaultsPostProcessor [DeferredLog.java:250] For additional web related logging consider setting the 'logging.level.web' property to 'DEBUG'
2023-03-28 14:57:03,598 INFO [restartedMain] o.s.b.w.e.t.TomcatWebServer [TomcatWebServer.java:108] Tomcat initialized with port(s): 8080 (http)
2023-03-28 14:57:03,606 INFO [restartedMain] o.a.c.h.Http11NioProtocol [DirectJDKLog.java:173] Initializing ProtocolHandler ["http-nio-8080"]
2023-03-28 14:57:03,607 INFO [restartedMain] o.a.c.c.StandardService [DirectJDKLog.java:173] Starting service [Tomcat]
2023-03-28 14:57:03,607 INFO [restartedMain] o.a.c.c.StandardEngine [DirectJDKLog.java:173] Starting Servlet engine: [Apache Tomcat/10.1.5]
2023-03-28 14:57:03,654 INFO [restartedMain] o.a.c.c.C.[.[.[/community] [DirectJDKLog.java:173] Initializing Spring embedded WebApplicationContext
2023-03-28 14:57:03,655 INFO [restartedMain] o.s.b.w.s.c.ServletWebServerApplicationContext [ServletWebServerApplicationContext.java:291] Root WebApplicationContext: initialization completed in 1245 ms
2023-03-28 14:57:04,227 INFO [restartedMain] o.s.b.a.w.s.WelcomePageHandlerMapping [WelcomePageHandlerMapping.java:56] Adding welcome page template: index
2023-03-28 14:57:04,391 INFO [restartedMain] o.s.b.d.a.OptionalLiveReloadServer [OptionalLiveReloadServer.java:59] LiveReload server is running on port 35729
2023-03-28 14:57:04,412 INFO [restartedMain] o.a.c.h.Http11NioProtocol [DirectJDKLog.java:173] Starting ProtocolHandler ["http-nio-8080"]
2023-03-28 14:57:04,428 INFO [restartedMain] o.s.b.w.e.t.TomcatWebServer [TomcatWebServer.java:220] Tomcat started on port(s): 8080 (http) with context path '/community'
2023-03-28 14:57:04,439 INFO [restartedMain] c.n.c.CommunityApplication [StartupInfoLogger.java:57] Started CommunityApplication in 2.962 seconds (process running for 4.049)
2023-03-28 14:57:10,370 INFO [http-nio-8080-exec-1] o.a.c.c.C.[.[.[/community] [DirectJDKLog.java:173] Initializing Spring DispatcherServlet 'dispatcherServlet'
2023-03-28 14:57:10,370 INFO [http-nio-8080-exec-1] o.s.w.s.DispatcherServlet [FrameworkServlet.java:532] Initializing Servlet 'dispatcherServlet'
2023-03-28 14:57:10,371 INFO [http-nio-8080-exec-1] o.s.w.s.DispatcherServlet [FrameworkServlet.java:554] Completed initialization in 1 ms
2023-03-28 14:57:10,412 INFO [http-nio-8080-exec-1] c.z.h.HikariDataSource [HikariDataSource.java:110] HikariPool-1 - Starting...
2023-03-28 14:57:10,562 INFO [http-nio-8080-exec-1] c.z.h.p.HikariPool [HikariPool.java:565] HikariPool-1 - Added connection com.mysql.cj.jdbc.ConnectionImpl@4ba9d985
2023-03-28 14:57:10,564 INFO [http-nio-8080-exec-1] c.z.h.HikariDataSource [HikariDataSource.java:123] HikariPool-1 - Start completed.
2023-03-28 15:11:49,926 INFO [SpringApplicationShutdownHook] c.z.h.HikariDataSource [HikariDataSource.java:350] HikariPool-1 - Shutdown initiated...
2023-03-28 15:11:49,934 INFO [SpringApplicationShutdownHook] c.z.h.HikariDataSource [HikariDataSource.java:352] HikariPool-1 - Shutdown completed.
2023-03-28 15:11:55,730 INFO [main] c.n.c.CommunityApplicationTests [StartupInfoLogger.java:51] Starting CommunityApplicationTests using Java 17.0.4 with PID 17291 (started by zhikaixu in /Users/zhikaixu/Desktop/nowcoder/community)
2023-03-28 15:11:55,732 INFO [main] c.n.c.CommunityApplicationTests [SpringApplication.java:630] No active profile set, falling back to 1 default profile: "default"
2023-03-28 15:11:57,263 INFO [main] o.s.b.a.w.s.WelcomePageHandlerMapping [WelcomePageHandlerMapping.java:56] Adding welcome page template: index
2023-03-28 15:11:57,425 INFO [main] c.n.c.CommunityApplicationTests [StartupInfoLogger.java:57] Started CommunityApplicationTests in 2.086 seconds (process running for 2.995)
2023-03-28 15:12:01,566 INFO [restartedMain] c.n.c.CommunityApplication [StartupInfoLogger.java:51] Starting CommunityApplication using Java 17.0.4 with PID 17298 (/Users/zhikaixu/Desktop/nowcoder/community/target/classes started by zhikaixu in /Users/zhikaixu/Desktop/nowcoder/community)
2023-03-28 15:12:01,570 INFO [restartedMain] c.n.c.CommunityApplication [SpringApplication.java:630] No active profile set, falling back to 1 default profile: "default"
2023-03-28 15:12:01,620 INFO [restartedMain] o.s.b.d.e.DevToolsPropertyDefaultsPostProcessor [DeferredLog.java:250] Devtools property defaults active! Set 'spring.devtools.add-properties' to 'false' to disable
2023-03-28 15:12:01,620 INFO [restartedMain] o.s.b.d.e.DevToolsPropertyDefaultsPostProcessor [DeferredLog.java:250] For additional web related logging consider setting the 'logging.level.web' property to 'DEBUG'
2023-03-28 15:12:02,776 INFO [restartedMain] o.s.b.w.e.t.TomcatWebServer [TomcatWebServer.java:108] Tomcat initialized with port(s): 8080 (http)
2023-03-28 15:12:02,787 INFO [restartedMain] o.a.c.h.Http11NioProtocol [DirectJDKLog.java:173] Initializing ProtocolHandler ["http-nio-8080"]
2023-03-28 15:12:02,788 INFO [restartedMain] o.a.c.c.StandardService [DirectJDKLog.java:173] Starting service [Tomcat]
2023-03-28 15:12:02,788 INFO [restartedMain] o.a.c.c.StandardEngine [DirectJDKLog.java:173] Starting Servlet engine: [Apache Tomcat/10.1.5]
2023-03-28 15:12:02,841 INFO [restartedMain] o.a.c.c.C.[.[.[/community] [DirectJDKLog.java:173] Initializing Spring embedded WebApplicationContext
2023-03-28 15:12:02,841 INFO [restartedMain] o.s.b.w.s.c.ServletWebServerApplicationContext [ServletWebServerApplicationContext.java:291] Root WebApplicationContext: initialization completed in 1220 ms
2023-03-28 15:12:03,355 INFO [restartedMain] o.s.b.a.w.s.WelcomePageHandlerMapping [WelcomePageHandlerMapping.java:56] Adding welcome page template: index
2023-03-28 15:12:03,511 INFO [restartedMain] o.s.b.d.a.OptionalLiveReloadServer [OptionalLiveReloadServer.java:59] LiveReload server is running on port 35729
2023-03-28 15:12:03,529 INFO [restartedMain] o.a.c.h.Http11NioProtocol [DirectJDKLog.java:173] Starting ProtocolHandler ["http-nio-8080"]
2023-03-28 15:12:03,545 INFO [restartedMain] o.s.b.w.e.t.TomcatWebServer [TomcatWebServer.java:220] Tomcat started on port(s): 8080 (http) with context path '/community'
2023-03-28 15:12:03,556 INFO [restartedMain] c.n.c.CommunityApplication [StartupInfoLogger.java:57] Started CommunityApplication in 3.262 seconds (process running for 4.07)
2023-03-28 15:12:07,487 INFO [http-nio-8080-exec-1] o.a.c.c.C.[.[.[/community] [DirectJDKLog.java:173] Initializing Spring DispatcherServlet 'dispatcherServlet'
2023-03-28 15:12:07,487 INFO [http-nio-8080-exec-1] o.s.w.s.DispatcherServlet [FrameworkServlet.java:532] Initializing Servlet 'dispatcherServlet'
2023-03-28 15:12:07,488 INFO [http-nio-8080-exec-1] o.s.w.s.DispatcherServlet [FrameworkServlet.java:554] Completed initialization in 1 ms
2023-03-28 15:12:07,523 INFO [http-nio-8080-exec-1] c.z.h.HikariDataSource [HikariDataSource.java:110] HikariPool-1 - Starting...
2023-03-28 15:12:07,667 INFO [http-nio-8080-exec-1] c.z.h.p.HikariPool [HikariPool.java:565] HikariPool-1 - Added connection com.mysql.cj.jdbc.ConnectionImpl@42f6a85e
2023-03-28 15:12:07,669 INFO [http-nio-8080-exec-1] c.z.h.HikariDataSource [HikariDataSource.java:123] HikariPool-1 - Start completed.
2023-03-28 15:19:36,900 INFO [SpringApplicationShutdownHook] c.z.h.HikariDataSource [HikariDataSource.java:350] HikariPool-1 - Shutdown initiated...
2023-03-28 15:19:36,911 INFO [SpringApplicationShutdownHook] c.z.h.HikariDataSource [HikariDataSource.java:352] HikariPool-1 - Shutdown completed.
2023-03-28 15:19:42,425 INFO [main] c.n.c.CommunityApplicationTests [StartupInfoLogger.java:51] Starting CommunityApplicationTests using Java 17.0.4 with PID 17550 (started by zhikaixu in /Users/zhikaixu/Desktop/nowcoder/community)
2023-03-28 15:19:42,427 INFO [main] c.n.c.CommunityApplicationTests [SpringApplication.java:630] No active profile set, falling back to 1 default profile: "default"
2023-03-28 15:19:43,927 INFO [main] o.s.b.a.w.s.WelcomePageHandlerMapping [WelcomePageHandlerMapping.java:56] Adding welcome page template: index
2023-03-28 15:19:44,080 INFO [main] c.n.c.CommunityApplicationTests [StartupInfoLogger.java:57] Started CommunityApplicationTests in 2.059 seconds (process running for 3.016)
2023-03-28 15:19:48,005 INFO [restartedMain] c.n.c.CommunityApplication [StartupInfoLogger.java:51] Starting CommunityApplication using Java 17.0.4 with PID 17558 (/Users/zhikaixu/Desktop/nowcoder/community/target/classes started by zhikaixu in /Users/zhikaixu/Desktop/nowcoder/community)
2023-03-28 15:19:48,008 INFO [restartedMain] c.n.c.CommunityApplication [SpringApplication.java:630] No active profile set, falling back to 1 default profile: "default"
2023-03-28 15:19:48,086 INFO [restartedMain] o.s.b.d.e.DevToolsPropertyDefaultsPostProcessor [DeferredLog.java:250] Devtools property defaults active! Set 'spring.devtools.add-properties' to 'false' to disable
2023-03-28 15:19:48,086 INFO [restartedMain] o.s.b.d.e.DevToolsPropertyDefaultsPostProcessor [DeferredLog.java:250] For additional web related logging consider setting the 'logging.level.web' property to 'DEBUG'
2023-03-28 15:19:49,234 INFO [restartedMain] o.s.b.w.e.t.TomcatWebServer [TomcatWebServer.java:108] Tomcat initialized with port(s): 8080 (http)
2023-03-28 15:19:49,242 INFO [restartedMain] o.a.c.h.Http11NioProtocol [DirectJDKLog.java:173] Initializing ProtocolHandler ["http-nio-8080"]
2023-03-28 15:19:49,243 INFO [restartedMain] o.a.c.c.StandardService [DirectJDKLog.java:173] Starting service [Tomcat]
2023-03-28 15:19:49,243 INFO [restartedMain] o.a.c.c.StandardEngine [DirectJDKLog.java:173] Starting Servlet engine: [Apache Tomcat/10.1.5]
2023-03-28 15:19:49,289 INFO [restartedMain] o.a.c.c.C.[.[.[/community] [DirectJDKLog.java:173] Initializing Spring embedded WebApplicationContext
2023-03-28 15:19:49,289 INFO [restartedMain] o.s.b.w.s.c.ServletWebServerApplicationContext [ServletWebServerApplicationContext.java:291] Root WebApplicationContext: initialization completed in 1202 ms
2023-03-28 15:19:49,826 INFO [restartedMain] o.s.b.a.w.s.WelcomePageHandlerMapping [WelcomePageHandlerMapping.java:56] Adding welcome page template: index
2023-03-28 15:19:49,998 INFO [restartedMain] o.s.b.d.a.OptionalLiveReloadServer [OptionalLiveReloadServer.java:59] LiveReload server is running on port 35729
2023-03-28 15:19:50,016 INFO [restartedMain] o.a.c.h.Http11NioProtocol [DirectJDKLog.java:173] Starting ProtocolHandler ["http-nio-8080"]
2023-03-28 15:19:50,032 INFO [restartedMain] o.s.b.w.e.t.TomcatWebServer [TomcatWebServer.java:220] Tomcat started on port(s): 8080 (http) with context path '/community'
2023-03-28 15:19:50,044 INFO [restartedMain] c.n.c.CommunityApplication [StartupInfoLogger.java:57] Started CommunityApplication in 2.95 seconds (process running for 3.871)
2023-03-28 15:19:57,251 INFO [http-nio-8080-exec-1] o.a.c.c.C.[.[.[/community] [DirectJDKLog.java:173] Initializing Spring DispatcherServlet 'dispatcherServlet'
2023-03-28 15:19:57,251 INFO [http-nio-8080-exec-1] o.s.w.s.DispatcherServlet [FrameworkServlet.java:532] Initializing Servlet 'dispatcherServlet'
2023-03-28 15:19:57,252 INFO [http-nio-8080-exec-1] o.s.w.s.DispatcherServlet [FrameworkServlet.java:554] Completed initialization in 1 ms
2023-03-28 15:19:57,292 INFO [http-nio-8080-exec-1] c.z.h.HikariDataSource [HikariDataSource.java:110] HikariPool-1 - Starting...
2023-03-28 15:19:57,431 INFO [http-nio-8080-exec-1] c.z.h.p.HikariPool [HikariPool.java:565] HikariPool-1 - Added connection com.mysql.cj.jdbc.ConnectionImpl@5c012edf
2023-03-28 15:19:57,433 INFO [http-nio-8080-exec-1] c.z.h.HikariDataSource [HikariDataSource.java:123] HikariPool-1 - Start completed.
2023-03-28 15:21:23,274 INFO [SpringApplicationShutdownHook] c.z.h.HikariDataSource [HikariDataSource.java:350] HikariPool-1 - Shutdown initiated...
2023-03-28 15:21:23,281 INFO [SpringApplicationShutdownHook] c.z.h.HikariDataSource [HikariDataSource.java:352] HikariPool-1 - Shutdown completed.
2023-03-28 15:21:28,650 INFO [main] c.n.c.CommunityApplicationTests [StartupInfoLogger.java:51] Starting CommunityApplicationTests using Java 17.0.4 with PID 17619 (started by zhikaixu in /Users/zhikaixu/Desktop/nowcoder/community)
2023-03-28 15:21:28,653 INFO [main] c.n.c.CommunityApplicationTests [SpringApplication.java:630] No active profile set, falling back to 1 default profile: "default"
2023-03-28 15:21:30,153 INFO [main] o.s.b.a.w.s.WelcomePageHandlerMapping [WelcomePageHandlerMapping.java:56] Adding welcome page template: index
2023-03-28 15:21:30,308 INFO [main] c.n.c.CommunityApplicationTests [StartupInfoLogger.java:57] Started CommunityApplicationTests in 2.066 seconds (process running for 2.983)
2023-03-28 15:21:35,493 INFO [restartedMain] c.n.c.CommunityApplication [StartupInfoLogger.java:51] Starting CommunityApplication using Java 17.0.4 with PID 17630 (/Users/zhikaixu/Desktop/nowcoder/community/target/classes started by zhikaixu in /Users/zhikaixu/Desktop/nowcoder/community)
2023-03-28 15:21:35,495 INFO [restartedMain] c.n.c.CommunityApplication [SpringApplication.java:630] No active profile set, falling back to 1 default profile: "default"
2023-03-28 15:21:35,544 INFO [restartedMain] o.s.b.d.e.DevToolsPropertyDefaultsPostProcessor [DeferredLog.java:250] Devtools property defaults active! Set 'spring.devtools.add-properties' to 'false' to disable
2023-03-28 15:21:35,544 INFO [restartedMain] o.s.b.d.e.DevToolsPropertyDefaultsPostProcessor [DeferredLog.java:250] For additional web related logging consider setting the 'logging.level.web' property to 'DEBUG'
2023-03-28 15:21:36,735 INFO [restartedMain] o.s.b.w.e.t.TomcatWebServer [TomcatWebServer.java:108] Tomcat initialized with port(s): 8080 (http)
2023-03-28 15:21:36,745 INFO [restartedMain] o.a.c.h.Http11NioProtocol [DirectJDKLog.java:173] Initializing ProtocolHandler ["http-nio-8080"]
2023-03-28 15:21:36,747 INFO [restartedMain] o.a.c.c.StandardService [DirectJDKLog.java:173] Starting service [Tomcat]
2023-03-28 15:21:36,747 INFO [restartedMain] o.a.c.c.StandardEngine [DirectJDKLog.java:173] Starting Servlet engine: [Apache Tomcat/10.1.5]
2023-03-28 15:21:36,803 INFO [restartedMain] o.a.c.c.C.[.[.[/community] [DirectJDKLog.java:173] Initializing Spring embedded WebApplicationContext
2023-03-28 15:21:36,803 INFO [restartedMain] o.s.b.w.s.c.ServletWebServerApplicationContext [ServletWebServerApplicationContext.java:291] Root WebApplicationContext: initialization completed in 1258 ms
2023-03-28 15:21:37,394 INFO [restartedMain] o.s.b.a.w.s.WelcomePageHandlerMapping [WelcomePageHandlerMapping.java:56] Adding welcome page template: index
2023-03-28 15:21:37,558 INFO [restartedMain] o.s.b.d.a.OptionalLiveReloadServer [OptionalLiveReloadServer.java:59] LiveReload server is running on port 35729
2023-03-28 15:21:37,576 INFO [restartedMain] o.a.c.h.Http11NioProtocol [DirectJDKLog.java:173] Starting ProtocolHandler ["http-nio-8080"]
2023-03-28 15:21:37,594 INFO [restartedMain] o.s.b.w.e.t.TomcatWebServer [TomcatWebServer.java:220] Tomcat started on port(s): 8080 (http) with context path '/community'
2023-03-28 15:21:37,607 INFO [restartedMain] c.n.c.CommunityApplication [StartupInfoLogger.java:57] Started CommunityApplication in 3.063 seconds (process running for 4.396)
2023-03-28 15:21:58,223 INFO [main] c.n.c.CommunityApplicationTests [StartupInfoLogger.java:51] Starting CommunityApplicationTests using Java 17.0.4 with PID 17646 (started by zhikaixu in /Users/zhikaixu/Desktop/nowcoder/community)
2023-03-28 15:21:58,226 INFO [main] c.n.c.CommunityApplicationTests [SpringApplication.java:630] No active profile set, falling back to 1 default profile: "default"
2023-03-28 15:21:59,851 INFO [main] o.s.b.a.w.s.WelcomePageHandlerMapping [WelcomePageHandlerMapping.java:56] Adding welcome page template: index
2023-03-28 15:22:00,007 INFO [main] c.n.c.CommunityApplicationTests [StartupInfoLogger.java:57] Started CommunityApplicationTests in 2.191 seconds (process running for 3.024)
2023-03-28 15:22:03,501 INFO [restartedMain] c.n.c.CommunityApplication [StartupInfoLogger.java:51] Starting CommunityApplication using Java 17.0.4 with PID 17652 (/Users/zhikaixu/Desktop/nowcoder/community/target/classes started by zhikaixu in /Users/zhikaixu/Desktop/nowcoder/community)
2023-03-28 15:22:03,504 INFO [restartedMain] c.n.c.CommunityApplication [SpringApplication.java:630] No active profile set, falling back to 1 default profile: "default"
2023-03-28 15:22:03,553 INFO [restartedMain] o.s.b.d.e.DevToolsPropertyDefaultsPostProcessor [DeferredLog.java:250] Devtools property defaults active! Set 'spring.devtools.add-properties' to 'false' to disable
2023-03-28 15:22:03,553 INFO [restartedMain] o.s.b.d.e.DevToolsPropertyDefaultsPostProcessor [DeferredLog.java:250] For additional web related logging consider setting the 'logging.level.web' property to 'DEBUG'
2023-03-28 15:22:04,666 INFO [restartedMain] o.s.b.w.e.t.TomcatWebServer [TomcatWebServer.java:108] Tomcat initialized with port(s): 8080 (http)
2023-03-28 15:22:04,674 INFO [restartedMain] o.a.c.h.Http11NioProtocol [DirectJDKLog.java:173] Initializing ProtocolHandler ["http-nio-8080"]
2023-03-28 15:22:04,674 INFO [restartedMain] o.a.c.c.StandardService [DirectJDKLog.java:173] Starting service [Tomcat]
2023-03-28 15:22:04,675 INFO [restartedMain] o.a.c.c.StandardEngine [DirectJDKLog.java:173] Starting Servlet engine: [Apache Tomcat/10.1.5]
2023-03-28 15:22:04,721 INFO [restartedMain] o.a.c.c.C.[.[.[/community] [DirectJDKLog.java:173] Initializing Spring embedded WebApplicationContext
2023-03-28 15:22:04,722 INFO [restartedMain] o.s.b.w.s.c.ServletWebServerApplicationContext [ServletWebServerApplicationContext.java:291] Root WebApplicationContext: initialization completed in 1168 ms
2023-03-28 15:22:05,237 INFO [restartedMain] o.s.b.a.w.s.WelcomePageHandlerMapping [WelcomePageHandlerMapping.java:56] Adding welcome page template: index
2023-03-28 15:22:05,399 INFO [restartedMain] o.s.b.d.a.OptionalLiveReloadServer [OptionalLiveReloadServer.java:59] LiveReload server is running on port 35729
2023-03-28 15:22:05,416 INFO [restartedMain] o.a.c.h.Http11NioProtocol [DirectJDKLog.java:173] Starting ProtocolHandler ["http-nio-8080"]
2023-03-28 15:22:05,439 INFO [restartedMain] o.s.b.w.e.t.TomcatWebServer [TomcatWebServer.java:220] Tomcat started on port(s): 8080 (http) with context path '/community'
2023-03-28 15:22:05,453 INFO [restartedMain] c.n.c.CommunityApplication [StartupInfoLogger.java:57] Started CommunityApplication in 2.732 seconds (process running for 3.451)
2023-03-28 15:22:15,939 INFO [http-nio-8080-exec-1] o.a.c.c.C.[.[.[/community] [DirectJDKLog.java:173] Initializing Spring DispatcherServlet 'dispatcherServlet'
2023-03-28 15:22:15,939 INFO [http-nio-8080-exec-1] o.s.w.s.DispatcherServlet [FrameworkServlet.java:532] Initializing Servlet 'dispatcherServlet'
2023-03-28 15:22:15,940 INFO [http-nio-8080-exec-1] o.s.w.s.DispatcherServlet [FrameworkServlet.java:554] Completed initialization in 1 ms
2023-03-28 15:22:15,975 INFO [http-nio-8080-exec-1] c.z.h.HikariDataSource [HikariDataSource.java:110] HikariPool-1 - Starting...
2023-03-28 15:22:16,115 INFO [http-nio-8080-exec-1] c.z.h.p.HikariPool [HikariPool.java:565] HikariPool-1 - Added connection com.mysql.cj.jdbc.ConnectionImpl@6f689887
2023-03-28 15:22:16,117 INFO [http-nio-8080-exec-1] c.z.h.HikariDataSource [HikariDataSource.java:123] HikariPool-1 - Start completed.
2023-03-28 15:22:56,527 INFO [SpringApplicationShutdownHook] c.z.h.HikariDataSource [HikariDataSource.java:350] HikariPool-1 - Shutdown initiated...
2023-03-28 15:22:56,533 INFO [SpringApplicationShutdownHook] c.z.h.HikariDataSource [HikariDataSource.java:352] HikariPool-1 - Shutdown completed.
