2023-04-18 14:26:53,576 INFO [main] c.n.c.CommunityApplicationTests [StartupInfoLogger.java:51] Starting CommunityApplicationTests using Java 17.0.4 with PID 85515 (started by zhikaixu in /Users/zhikaixu/Desktop/nowcoder/community)
2023-04-18 14:26:53,582 INFO [main] c.n.c.CommunityApplicationTests [SpringApplication.java:630] No active profile set, falling back to 1 default profile: "default"
2023-04-18 14:26:54,506 INFO [main] o.s.d.r.c.RepositoryConfigurationDelegate [RepositoryConfigurationDelegate.java:291] Multiple Spring Data modules found, entering strict repository configuration mode
2023-04-18 14:26:54,511 INFO [main] o.s.d.r.c.RepositoryConfigurationDelegate [RepositoryConfigurationDelegate.java:138] Bootstrapping Spring Data Redis repositories in DEFAULT mode.
2023-04-18 14:26:54,561 INFO [main] o.s.d.r.c.RepositoryConfigurationDelegate [RepositoryConfigurationDelegate.java:208] Finished Spring Data repository scanning in 16 ms. Found 0 Redis repository interfaces.
2023-04-18 14:26:57,502 INFO [main] o.a.k.c.c.ConsumerConfig [AbstractConfig.java:376] ConsumerConfig values: 
	allow.auto.create.topics = true
	auto.commit.interval.ms = 3000
	auto.offset.reset = latest
	bootstrap.servers = [localhost:9092]
	check.crcs = true
	client.dns.lookup = use_all_dns_ips
	client.id = consumer-community-consumer-group-1
	client.rack = 
	connections.max.idle.ms = 540000
	default.api.timeout.ms = 60000
	enable.auto.commit = true
	exclude.internal.topics = true
	fetch.max.bytes = 52428800
	fetch.max.wait.ms = 500
	fetch.min.bytes = 1
	group.id = community-consumer-group
	group.instance.id = null
	heartbeat.interval.ms = 3000
	interceptor.classes = []
	internal.leave.group.on.close = true
	internal.throw.on.fetch.stable.offset.unsupported = false
	isolation.level = read_uncommitted
	key.deserializer = class org.apache.kafka.common.serialization.StringDeserializer
	max.partition.fetch.bytes = 1048576
	max.poll.interval.ms = 300000
	max.poll.records = 500
	metadata.max.age.ms = 300000
	metric.reporters = []
	metrics.num.samples = 2
	metrics.recording.level = INFO
	metrics.sample.window.ms = 30000
	partition.assignment.strategy = [class org.apache.kafka.clients.consumer.RangeAssignor, class org.apache.kafka.clients.consumer.CooperativeStickyAssignor]
	receive.buffer.bytes = 65536
	reconnect.backoff.max.ms = 1000
	reconnect.backoff.ms = 50
	request.timeout.ms = 30000
	retry.backoff.ms = 100
	sasl.client.callback.handler.class = null
	sasl.jaas.config = null
	sasl.kerberos.kinit.cmd = /usr/bin/kinit
	sasl.kerberos.min.time.before.relogin = 60000
	sasl.kerberos.service.name = null
	sasl.kerberos.ticket.renew.jitter = 0.05
	sasl.kerberos.ticket.renew.window.factor = 0.8
	sasl.login.callback.handler.class = null
	sasl.login.class = null
	sasl.login.connect.timeout.ms = null
	sasl.login.read.timeout.ms = null
	sasl.login.refresh.buffer.seconds = 300
	sasl.login.refresh.min.period.seconds = 60
	sasl.login.refresh.window.factor = 0.8
	sasl.login.refresh.window.jitter = 0.05
	sasl.login.retry.backoff.max.ms = 10000
	sasl.login.retry.backoff.ms = 100
	sasl.mechanism = GSSAPI
	sasl.oauthbearer.clock.skew.seconds = 30
	sasl.oauthbearer.expected.audience = null
	sasl.oauthbearer.expected.issuer = null
	sasl.oauthbearer.jwks.endpoint.refresh.ms = 3600000
	sasl.oauthbearer.jwks.endpoint.retry.backoff.max.ms = 10000
	sasl.oauthbearer.jwks.endpoint.retry.backoff.ms = 100
	sasl.oauthbearer.jwks.endpoint.url = null
	sasl.oauthbearer.scope.claim.name = scope
	sasl.oauthbearer.sub.claim.name = sub
	sasl.oauthbearer.token.endpoint.url = null
	security.protocol = PLAINTEXT
	security.providers = null
	send.buffer.bytes = 131072
	session.timeout.ms = 45000
	socket.connection.setup.timeout.max.ms = 30000
	socket.connection.setup.timeout.ms = 10000
	ssl.cipher.suites = null
	ssl.enabled.protocols = [TLSv1.2, TLSv1.3]
	ssl.endpoint.identification.algorithm = https
	ssl.engine.factory.class = null
	ssl.key.password = null
	ssl.keymanager.algorithm = SunX509
	ssl.keystore.certificate.chain = null
	ssl.keystore.key = null
	ssl.keystore.location = null
	ssl.keystore.password = null
	ssl.keystore.type = JKS
	ssl.protocol = TLSv1.3
	ssl.provider = null
	ssl.secure.random.implementation = null
	ssl.trustmanager.algorithm = PKIX
	ssl.truststore.certificates = null
	ssl.truststore.location = null
	ssl.truststore.password = null
	ssl.truststore.type = JKS
	value.deserializer = class org.apache.kafka.common.serialization.StringDeserializer

2023-04-18 14:26:57,725 INFO [main] o.a.k.c.u.AppInfoParser [AppInfoParser.java:119] Kafka version: 3.3.2
2023-04-18 14:26:57,727 INFO [main] o.a.k.c.u.AppInfoParser [AppInfoParser.java:120] Kafka commitId: b66af662e61082cb
2023-04-18 14:26:57,727 INFO [main] o.a.k.c.u.AppInfoParser [AppInfoParser.java:121] Kafka startTimeMs: 1681799217723
2023-04-18 14:26:57,732 INFO [main] o.a.k.c.c.KafkaConsumer [KafkaConsumer.java:973] [Consumer clientId=consumer-community-consumer-group-1, groupId=community-consumer-group] Subscribed to topic(s): test
2023-04-18 14:26:57,760 INFO [main] o.a.k.c.c.ConsumerConfig [AbstractConfig.java:376] ConsumerConfig values: 
	allow.auto.create.topics = true
	auto.commit.interval.ms = 3000
	auto.offset.reset = latest
	bootstrap.servers = [localhost:9092]
	check.crcs = true
	client.dns.lookup = use_all_dns_ips
	client.id = consumer-community-consumer-group-2
	client.rack = 
	connections.max.idle.ms = 540000
	default.api.timeout.ms = 60000
	enable.auto.commit = true
	exclude.internal.topics = true
	fetch.max.bytes = 52428800
	fetch.max.wait.ms = 500
	fetch.min.bytes = 1
	group.id = community-consumer-group
	group.instance.id = null
	heartbeat.interval.ms = 3000
	interceptor.classes = []
	internal.leave.group.on.close = true
	internal.throw.on.fetch.stable.offset.unsupported = false
	isolation.level = read_uncommitted
	key.deserializer = class org.apache.kafka.common.serialization.StringDeserializer
	max.partition.fetch.bytes = 1048576
	max.poll.interval.ms = 300000
	max.poll.records = 500
	metadata.max.age.ms = 300000
	metric.reporters = []
	metrics.num.samples = 2
	metrics.recording.level = INFO
	metrics.sample.window.ms = 30000
	partition.assignment.strategy = [class org.apache.kafka.clients.consumer.RangeAssignor, class org.apache.kafka.clients.consumer.CooperativeStickyAssignor]
	receive.buffer.bytes = 65536
	reconnect.backoff.max.ms = 1000
	reconnect.backoff.ms = 50
	request.timeout.ms = 30000
	retry.backoff.ms = 100
	sasl.client.callback.handler.class = null
	sasl.jaas.config = null
	sasl.kerberos.kinit.cmd = /usr/bin/kinit
	sasl.kerberos.min.time.before.relogin = 60000
	sasl.kerberos.service.name = null
	sasl.kerberos.ticket.renew.jitter = 0.05
	sasl.kerberos.ticket.renew.window.factor = 0.8
	sasl.login.callback.handler.class = null
	sasl.login.class = null
	sasl.login.connect.timeout.ms = null
	sasl.login.read.timeout.ms = null
	sasl.login.refresh.buffer.seconds = 300
	sasl.login.refresh.min.period.seconds = 60
	sasl.login.refresh.window.factor = 0.8
	sasl.login.refresh.window.jitter = 0.05
	sasl.login.retry.backoff.max.ms = 10000
	sasl.login.retry.backoff.ms = 100
	sasl.mechanism = GSSAPI
	sasl.oauthbearer.clock.skew.seconds = 30
	sasl.oauthbearer.expected.audience = null
	sasl.oauthbearer.expected.issuer = null
	sasl.oauthbearer.jwks.endpoint.refresh.ms = 3600000
	sasl.oauthbearer.jwks.endpoint.retry.backoff.max.ms = 10000
	sasl.oauthbearer.jwks.endpoint.retry.backoff.ms = 100
	sasl.oauthbearer.jwks.endpoint.url = null
	sasl.oauthbearer.scope.claim.name = scope
	sasl.oauthbearer.sub.claim.name = sub
	sasl.oauthbearer.token.endpoint.url = null
	security.protocol = PLAINTEXT
	security.providers = null
	send.buffer.bytes = 131072
	session.timeout.ms = 45000
	socket.connection.setup.timeout.max.ms = 30000
	socket.connection.setup.timeout.ms = 10000
	ssl.cipher.suites = null
	ssl.enabled.protocols = [TLSv1.2, TLSv1.3]
	ssl.endpoint.identification.algorithm = https
	ssl.engine.factory.class = null
	ssl.key.password = null
	ssl.keymanager.algorithm = SunX509
	ssl.keystore.certificate.chain = null
	ssl.keystore.key = null
	ssl.keystore.location = null
	ssl.keystore.password = null
	ssl.keystore.type = JKS
	ssl.protocol = TLSv1.3
	ssl.provider = null
	ssl.secure.random.implementation = null
	ssl.trustmanager.algorithm = PKIX
	ssl.truststore.certificates = null
	ssl.truststore.location = null
	ssl.truststore.password = null
	ssl.truststore.type = JKS
	value.deserializer = class org.apache.kafka.common.serialization.StringDeserializer

2023-04-18 14:26:57,770 INFO [main] o.a.k.c.u.AppInfoParser [AppInfoParser.java:119] Kafka version: 3.3.2
2023-04-18 14:26:57,770 INFO [main] o.a.k.c.u.AppInfoParser [AppInfoParser.java:120] Kafka commitId: b66af662e61082cb
2023-04-18 14:26:57,771 INFO [main] o.a.k.c.u.AppInfoParser [AppInfoParser.java:121] Kafka startTimeMs: 1681799217770
2023-04-18 14:26:57,772 INFO [main] o.a.k.c.c.KafkaConsumer [KafkaConsumer.java:973] [Consumer clientId=consumer-community-consumer-group-2, groupId=community-consumer-group] Subscribed to topic(s): comment, like, follow
2023-04-18 14:26:57,784 INFO [main] c.n.c.CommunityApplicationTests [StartupInfoLogger.java:57] Started CommunityApplicationTests in 4.759 seconds (process running for 5.923)
2023-04-18 14:26:58,088 INFO [org.springframework.kafka.KafkaListenerEndpointContainer#0-0-C-1] o.a.k.c.NetworkClient [NetworkClient.java:937] [Consumer clientId=consumer-community-consumer-group-1, groupId=community-consumer-group] Node -1 disconnected.
2023-04-18 14:26:58,088 INFO [org.springframework.kafka.KafkaListenerEndpointContainer#1-0-C-1] o.a.k.c.NetworkClient [NetworkClient.java:937] [Consumer clientId=consumer-community-consumer-group-2, groupId=community-consumer-group] Node -1 disconnected.
2023-04-18 14:26:58,189 INFO [org.springframework.kafka.KafkaListenerEndpointContainer#1-0-C-1] o.a.k.c.NetworkClient [NetworkClient.java:937] [Consumer clientId=consumer-community-consumer-group-2, groupId=community-consumer-group] Node -1 disconnected.
2023-04-18 14:26:58,189 INFO [org.springframework.kafka.KafkaListenerEndpointContainer#0-0-C-1] o.a.k.c.NetworkClient [NetworkClient.java:937] [Consumer clientId=consumer-community-consumer-group-1, groupId=community-consumer-group] Node -1 disconnected.
2023-04-18 14:26:58,290 INFO [org.springframework.kafka.KafkaListenerEndpointContainer#1-0-C-1] o.a.k.c.NetworkClient [NetworkClient.java:937] [Consumer clientId=consumer-community-consumer-group-2, groupId=community-consumer-group] Node -1 disconnected.
2023-04-18 14:26:58,340 INFO [org.springframework.kafka.KafkaListenerEndpointContainer#0-0-C-1] o.a.k.c.NetworkClient [NetworkClient.java:937] [Consumer clientId=consumer-community-consumer-group-1, groupId=community-consumer-group] Node -1 disconnected.
2023-04-18 14:26:58,359 INFO [org.springframework.kafka.KafkaListenerEndpointContainer#0-0-C-1] o.a.k.c.c.i.ConsumerCoordinator [AbstractCoordinator.java:1016] [Consumer clientId=consumer-community-consumer-group-1, groupId=community-consumer-group] Resetting generation and member id due to: consumer pro-actively leaving the group
2023-04-18 14:26:58,359 INFO [org.springframework.kafka.KafkaListenerEndpointContainer#1-0-C-1] o.a.k.c.c.i.ConsumerCoordinator [AbstractCoordinator.java:1016] [Consumer clientId=consumer-community-consumer-group-2, groupId=community-consumer-group] Resetting generation and member id due to: consumer pro-actively leaving the group
2023-04-18 14:26:58,359 INFO [org.springframework.kafka.KafkaListenerEndpointContainer#0-0-C-1] o.a.k.c.c.i.ConsumerCoordinator [AbstractCoordinator.java:1063] [Consumer clientId=consumer-community-consumer-group-1, groupId=community-consumer-group] Request joining group due to: consumer pro-actively leaving the group
2023-04-18 14:26:58,359 INFO [org.springframework.kafka.KafkaListenerEndpointContainer#1-0-C-1] o.a.k.c.c.i.ConsumerCoordinator [AbstractCoordinator.java:1063] [Consumer clientId=consumer-community-consumer-group-2, groupId=community-consumer-group] Request joining group due to: consumer pro-actively leaving the group
2023-04-18 14:26:58,360 INFO [org.springframework.kafka.KafkaListenerEndpointContainer#0-0-C-1] o.a.k.c.c.KafkaConsumer [KafkaConsumer.java:1082] [Consumer clientId=consumer-community-consumer-group-1, groupId=community-consumer-group] Unsubscribed all topics or patterns and assigned partitions
2023-04-18 14:26:58,360 INFO [org.springframework.kafka.KafkaListenerEndpointContainer#1-0-C-1] o.a.k.c.c.KafkaConsumer [KafkaConsumer.java:1082] [Consumer clientId=consumer-community-consumer-group-2, groupId=community-consumer-group] Unsubscribed all topics or patterns and assigned partitions
2023-04-18 14:26:58,361 INFO [org.springframework.kafka.KafkaListenerEndpointContainer#1-0-C-1] o.a.k.c.c.i.ConsumerCoordinator [AbstractCoordinator.java:1016] [Consumer clientId=consumer-community-consumer-group-2, groupId=community-consumer-group] Resetting generation and member id due to: consumer pro-actively leaving the group
2023-04-18 14:26:58,361 INFO [org.springframework.kafka.KafkaListenerEndpointContainer#0-0-C-1] o.a.k.c.c.i.ConsumerCoordinator [AbstractCoordinator.java:1016] [Consumer clientId=consumer-community-consumer-group-1, groupId=community-consumer-group] Resetting generation and member id due to: consumer pro-actively leaving the group
2023-04-18 14:26:58,361 INFO [org.springframework.kafka.KafkaListenerEndpointContainer#0-0-C-1] o.a.k.c.c.i.ConsumerCoordinator [AbstractCoordinator.java:1063] [Consumer clientId=consumer-community-consumer-group-1, groupId=community-consumer-group] Request joining group due to: consumer pro-actively leaving the group
2023-04-18 14:26:58,361 INFO [org.springframework.kafka.KafkaListenerEndpointContainer#1-0-C-1] o.a.k.c.c.i.ConsumerCoordinator [AbstractCoordinator.java:1063] [Consumer clientId=consumer-community-consumer-group-2, groupId=community-consumer-group] Request joining group due to: consumer pro-actively leaving the group
2023-04-18 14:26:58,363 INFO [org.springframework.kafka.KafkaListenerEndpointContainer#1-0-C-1] o.a.k.c.m.Metrics [Metrics.java:693] Metrics scheduler closed
2023-04-18 14:26:58,364 INFO [org.springframework.kafka.KafkaListenerEndpointContainer#0-0-C-1] o.a.k.c.m.Metrics [Metrics.java:693] Metrics scheduler closed
2023-04-18 14:26:58,364 INFO [org.springframework.kafka.KafkaListenerEndpointContainer#1-0-C-1] o.a.k.c.m.Metrics [Metrics.java:697] Closing reporter org.apache.kafka.common.metrics.JmxReporter
2023-04-18 14:26:58,364 INFO [org.springframework.kafka.KafkaListenerEndpointContainer#0-0-C-1] o.a.k.c.m.Metrics [Metrics.java:697] Closing reporter org.apache.kafka.common.metrics.JmxReporter
2023-04-18 14:26:58,365 INFO [org.springframework.kafka.KafkaListenerEndpointContainer#1-0-C-1] o.a.k.c.m.Metrics [Metrics.java:703] Metrics reporters closed
2023-04-18 14:26:58,365 INFO [org.springframework.kafka.KafkaListenerEndpointContainer#0-0-C-1] o.a.k.c.m.Metrics [Metrics.java:703] Metrics reporters closed
2023-04-18 14:26:58,371 INFO [org.springframework.kafka.KafkaListenerEndpointContainer#1-0-C-1] o.a.k.c.u.AppInfoParser [AppInfoParser.java:83] App info kafka.consumer for consumer-community-consumer-group-2 unregistered
2023-04-18 14:26:58,372 INFO [org.springframework.kafka.KafkaListenerEndpointContainer#0-0-C-1] o.a.k.c.u.AppInfoParser [AppInfoParser.java:83] App info kafka.consumer for consumer-community-consumer-group-1 unregistered
2023-04-18 14:26:58,372 INFO [org.springframework.kafka.KafkaListenerEndpointContainer#1-0-C-1] o.s.k.l.KafkaMessageListenerContainer [LogAccessor.java:292] community-consumer-group: Consumer stopped
2023-04-18 14:26:58,372 INFO [org.springframework.kafka.KafkaListenerEndpointContainer#0-0-C-1] o.s.k.l.KafkaMessageListenerContainer [LogAccessor.java:292] community-consumer-group: Consumer stopped
2023-04-18 14:29:58,290 INFO [main] c.n.c.CommunityApplicationTests [StartupInfoLogger.java:51] Starting CommunityApplicationTests using Java 17.0.4 with PID 86349 (started by zhikaixu in /Users/zhikaixu/Desktop/nowcoder/community)
2023-04-18 14:29:58,293 INFO [main] c.n.c.CommunityApplicationTests [SpringApplication.java:630] No active profile set, falling back to 1 default profile: "default"
2023-04-18 14:29:59,144 INFO [main] o.s.d.r.c.RepositoryConfigurationDelegate [RepositoryConfigurationDelegate.java:291] Multiple Spring Data modules found, entering strict repository configuration mode
2023-04-18 14:29:59,149 INFO [main] o.s.d.r.c.RepositoryConfigurationDelegate [RepositoryConfigurationDelegate.java:138] Bootstrapping Spring Data Redis repositories in DEFAULT mode.
2023-04-18 14:29:59,204 INFO [main] o.s.d.r.c.RepositoryConfigurationDelegate [RepositoryConfigurationDelegate.java:208] Finished Spring Data repository scanning in 21 ms. Found 0 Redis repository interfaces.
2023-04-18 14:30:01,832 INFO [main] o.a.k.c.c.ConsumerConfig [AbstractConfig.java:376] ConsumerConfig values: 
	allow.auto.create.topics = true
	auto.commit.interval.ms = 3000
	auto.offset.reset = latest
	bootstrap.servers = [localhost:9092]
	check.crcs = true
	client.dns.lookup = use_all_dns_ips
	client.id = consumer-community-consumer-group-1
	client.rack = 
	connections.max.idle.ms = 540000
	default.api.timeout.ms = 60000
	enable.auto.commit = true
	exclude.internal.topics = true
	fetch.max.bytes = 52428800
	fetch.max.wait.ms = 500
	fetch.min.bytes = 1
	group.id = community-consumer-group
	group.instance.id = null
	heartbeat.interval.ms = 3000
	interceptor.classes = []
	internal.leave.group.on.close = true
	internal.throw.on.fetch.stable.offset.unsupported = false
	isolation.level = read_uncommitted
	key.deserializer = class org.apache.kafka.common.serialization.StringDeserializer
	max.partition.fetch.bytes = 1048576
	max.poll.interval.ms = 300000
	max.poll.records = 500
	metadata.max.age.ms = 300000
	metric.reporters = []
	metrics.num.samples = 2
	metrics.recording.level = INFO
	metrics.sample.window.ms = 30000
	partition.assignment.strategy = [class org.apache.kafka.clients.consumer.RangeAssignor, class org.apache.kafka.clients.consumer.CooperativeStickyAssignor]
	receive.buffer.bytes = 65536
	reconnect.backoff.max.ms = 1000
	reconnect.backoff.ms = 50
	request.timeout.ms = 30000
	retry.backoff.ms = 100
	sasl.client.callback.handler.class = null
	sasl.jaas.config = null
	sasl.kerberos.kinit.cmd = /usr/bin/kinit
	sasl.kerberos.min.time.before.relogin = 60000
	sasl.kerberos.service.name = null
	sasl.kerberos.ticket.renew.jitter = 0.05
	sasl.kerberos.ticket.renew.window.factor = 0.8
	sasl.login.callback.handler.class = null
	sasl.login.class = null
	sasl.login.connect.timeout.ms = null
	sasl.login.read.timeout.ms = null
	sasl.login.refresh.buffer.seconds = 300
	sasl.login.refresh.min.period.seconds = 60
	sasl.login.refresh.window.factor = 0.8
	sasl.login.refresh.window.jitter = 0.05
	sasl.login.retry.backoff.max.ms = 10000
	sasl.login.retry.backoff.ms = 100
	sasl.mechanism = GSSAPI
	sasl.oauthbearer.clock.skew.seconds = 30
	sasl.oauthbearer.expected.audience = null
	sasl.oauthbearer.expected.issuer = null
	sasl.oauthbearer.jwks.endpoint.refresh.ms = 3600000
	sasl.oauthbearer.jwks.endpoint.retry.backoff.max.ms = 10000
	sasl.oauthbearer.jwks.endpoint.retry.backoff.ms = 100
	sasl.oauthbearer.jwks.endpoint.url = null
	sasl.oauthbearer.scope.claim.name = scope
	sasl.oauthbearer.sub.claim.name = sub
	sasl.oauthbearer.token.endpoint.url = null
	security.protocol = PLAINTEXT
	security.providers = null
	send.buffer.bytes = 131072
	session.timeout.ms = 45000
	socket.connection.setup.timeout.max.ms = 30000
	socket.connection.setup.timeout.ms = 10000
	ssl.cipher.suites = null
	ssl.enabled.protocols = [TLSv1.2, TLSv1.3]
	ssl.endpoint.identification.algorithm = https
	ssl.engine.factory.class = null
	ssl.key.password = null
	ssl.keymanager.algorithm = SunX509
	ssl.keystore.certificate.chain = null
	ssl.keystore.key = null
	ssl.keystore.location = null
	ssl.keystore.password = null
	ssl.keystore.type = JKS
	ssl.protocol = TLSv1.3
	ssl.provider = null
	ssl.secure.random.implementation = null
	ssl.trustmanager.algorithm = PKIX
	ssl.truststore.certificates = null
	ssl.truststore.location = null
	ssl.truststore.password = null
	ssl.truststore.type = JKS
	value.deserializer = class org.apache.kafka.common.serialization.StringDeserializer

2023-04-18 14:30:02,009 INFO [main] o.a.k.c.u.AppInfoParser [AppInfoParser.java:119] Kafka version: 3.3.2
2023-04-18 14:30:02,010 INFO [main] o.a.k.c.u.AppInfoParser [AppInfoParser.java:120] Kafka commitId: b66af662e61082cb
2023-04-18 14:30:02,011 INFO [main] o.a.k.c.u.AppInfoParser [AppInfoParser.java:121] Kafka startTimeMs: 1681799402006
2023-04-18 14:30:02,014 INFO [main] o.a.k.c.c.KafkaConsumer [KafkaConsumer.java:973] [Consumer clientId=consumer-community-consumer-group-1, groupId=community-consumer-group] Subscribed to topic(s): test
2023-04-18 14:30:02,023 INFO [main] o.a.k.c.c.ConsumerConfig [AbstractConfig.java:376] ConsumerConfig values: 
	allow.auto.create.topics = true
	auto.commit.interval.ms = 3000
	auto.offset.reset = latest
	bootstrap.servers = [localhost:9092]
	check.crcs = true
	client.dns.lookup = use_all_dns_ips
	client.id = consumer-community-consumer-group-2
	client.rack = 
	connections.max.idle.ms = 540000
	default.api.timeout.ms = 60000
	enable.auto.commit = true
	exclude.internal.topics = true
	fetch.max.bytes = 52428800
	fetch.max.wait.ms = 500
	fetch.min.bytes = 1
	group.id = community-consumer-group
	group.instance.id = null
	heartbeat.interval.ms = 3000
	interceptor.classes = []
	internal.leave.group.on.close = true
	internal.throw.on.fetch.stable.offset.unsupported = false
	isolation.level = read_uncommitted
	key.deserializer = class org.apache.kafka.common.serialization.StringDeserializer
	max.partition.fetch.bytes = 1048576
	max.poll.interval.ms = 300000
	max.poll.records = 500
	metadata.max.age.ms = 300000
	metric.reporters = []
	metrics.num.samples = 2
	metrics.recording.level = INFO
	metrics.sample.window.ms = 30000
	partition.assignment.strategy = [class org.apache.kafka.clients.consumer.RangeAssignor, class org.apache.kafka.clients.consumer.CooperativeStickyAssignor]
	receive.buffer.bytes = 65536
	reconnect.backoff.max.ms = 1000
	reconnect.backoff.ms = 50
	request.timeout.ms = 30000
	retry.backoff.ms = 100
	sasl.client.callback.handler.class = null
	sasl.jaas.config = null
	sasl.kerberos.kinit.cmd = /usr/bin/kinit
	sasl.kerberos.min.time.before.relogin = 60000
	sasl.kerberos.service.name = null
	sasl.kerberos.ticket.renew.jitter = 0.05
	sasl.kerberos.ticket.renew.window.factor = 0.8
	sasl.login.callback.handler.class = null
	sasl.login.class = null
	sasl.login.connect.timeout.ms = null
	sasl.login.read.timeout.ms = null
	sasl.login.refresh.buffer.seconds = 300
	sasl.login.refresh.min.period.seconds = 60
	sasl.login.refresh.window.factor = 0.8
	sasl.login.refresh.window.jitter = 0.05
	sasl.login.retry.backoff.max.ms = 10000
	sasl.login.retry.backoff.ms = 100
	sasl.mechanism = GSSAPI
	sasl.oauthbearer.clock.skew.seconds = 30
	sasl.oauthbearer.expected.audience = null
	sasl.oauthbearer.expected.issuer = null
	sasl.oauthbearer.jwks.endpoint.refresh.ms = 3600000
	sasl.oauthbearer.jwks.endpoint.retry.backoff.max.ms = 10000
	sasl.oauthbearer.jwks.endpoint.retry.backoff.ms = 100
	sasl.oauthbearer.jwks.endpoint.url = null
	sasl.oauthbearer.scope.claim.name = scope
	sasl.oauthbearer.sub.claim.name = sub
	sasl.oauthbearer.token.endpoint.url = null
	security.protocol = PLAINTEXT
	security.providers = null
	send.buffer.bytes = 131072
	session.timeout.ms = 45000
	socket.connection.setup.timeout.max.ms = 30000
	socket.connection.setup.timeout.ms = 10000
	ssl.cipher.suites = null
	ssl.enabled.protocols = [TLSv1.2, TLSv1.3]
	ssl.endpoint.identification.algorithm = https
	ssl.engine.factory.class = null
	ssl.key.password = null
	ssl.keymanager.algorithm = SunX509
	ssl.keystore.certificate.chain = null
	ssl.keystore.key = null
	ssl.keystore.location = null
	ssl.keystore.password = null
	ssl.keystore.type = JKS
	ssl.protocol = TLSv1.3
	ssl.provider = null
	ssl.secure.random.implementation = null
	ssl.trustmanager.algorithm = PKIX
	ssl.truststore.certificates = null
	ssl.truststore.location = null
	ssl.truststore.password = null
	ssl.truststore.type = JKS
	value.deserializer = class org.apache.kafka.common.serialization.StringDeserializer

2023-04-18 14:30:02,032 INFO [main] o.a.k.c.u.AppInfoParser [AppInfoParser.java:119] Kafka version: 3.3.2
2023-04-18 14:30:02,033 INFO [main] o.a.k.c.u.AppInfoParser [AppInfoParser.java:120] Kafka commitId: b66af662e61082cb
2023-04-18 14:30:02,034 INFO [main] o.a.k.c.u.AppInfoParser [AppInfoParser.java:121] Kafka startTimeMs: 1681799402032
2023-04-18 14:30:02,034 INFO [main] o.a.k.c.c.KafkaConsumer [KafkaConsumer.java:973] [Consumer clientId=consumer-community-consumer-group-2, groupId=community-consumer-group] Subscribed to topic(s): comment, like, follow
2023-04-18 14:30:02,048 INFO [main] c.n.c.CommunityApplicationTests [StartupInfoLogger.java:57] Started CommunityApplicationTests in 4.239 seconds (process running for 5.211)
2023-04-18 14:30:02,531 INFO [org.springframework.kafka.KafkaListenerEndpointContainer#1-0-C-1] o.a.k.c.Metadata [Metadata.java:402] [Consumer clientId=consumer-community-consumer-group-2, groupId=community-consumer-group] Resetting the last seen epoch of partition like-0 to 0 since the associated topicId changed from null to bD5M0i9UQ2i3bWHlnxeUFQ
2023-04-18 14:30:02,532 INFO [org.springframework.kafka.KafkaListenerEndpointContainer#0-0-C-1] o.a.k.c.Metadata [Metadata.java:402] [Consumer clientId=consumer-community-consumer-group-1, groupId=community-consumer-group] Resetting the last seen epoch of partition test-0 to 0 since the associated topicId changed from null to _OkfFZ1-RkOuJtzAzOsRbA
2023-04-18 14:30:02,532 INFO [org.springframework.kafka.KafkaListenerEndpointContainer#1-0-C-1] o.a.k.c.Metadata [Metadata.java:402] [Consumer clientId=consumer-community-consumer-group-2, groupId=community-consumer-group] Resetting the last seen epoch of partition comment-0 to 0 since the associated topicId changed from null to YPE6Ly5GQCCf_6kp5femLQ
2023-04-18 14:30:02,532 INFO [org.springframework.kafka.KafkaListenerEndpointContainer#1-0-C-1] o.a.k.c.Metadata [Metadata.java:402] [Consumer clientId=consumer-community-consumer-group-2, groupId=community-consumer-group] Resetting the last seen epoch of partition follow-0 to 0 since the associated topicId changed from null to Hbfi65IQQ4WLD7ez-cjWcA
2023-04-18 14:30:02,535 INFO [org.springframework.kafka.KafkaListenerEndpointContainer#0-0-C-1] o.a.k.c.Metadata [Metadata.java:287] [Consumer clientId=consumer-community-consumer-group-1, groupId=community-consumer-group] Cluster ID: WqWVvLVIQQ6icWjoAV-yyQ
2023-04-18 14:30:02,535 INFO [org.springframework.kafka.KafkaListenerEndpointContainer#1-0-C-1] o.a.k.c.Metadata [Metadata.java:287] [Consumer clientId=consumer-community-consumer-group-2, groupId=community-consumer-group] Cluster ID: WqWVvLVIQQ6icWjoAV-yyQ
2023-04-18 14:30:02,537 INFO [org.springframework.kafka.KafkaListenerEndpointContainer#0-0-C-1] o.a.k.c.c.i.ConsumerCoordinator [AbstractCoordinator.java:897] [Consumer clientId=consumer-community-consumer-group-1, groupId=community-consumer-group] Discovered group coordinator localhost:9092 (id: 2147483647 rack: null)
2023-04-18 14:30:02,537 INFO [org.springframework.kafka.KafkaListenerEndpointContainer#1-0-C-1] o.a.k.c.c.i.ConsumerCoordinator [AbstractCoordinator.java:897] [Consumer clientId=consumer-community-consumer-group-2, groupId=community-consumer-group] Discovered group coordinator localhost:9092 (id: 2147483647 rack: null)
2023-04-18 14:30:02,543 INFO [org.springframework.kafka.KafkaListenerEndpointContainer#0-0-C-1] o.a.k.c.c.i.ConsumerCoordinator [AbstractCoordinator.java:566] [Consumer clientId=consumer-community-consumer-group-1, groupId=community-consumer-group] (Re-)joining group
2023-04-18 14:30:02,543 INFO [org.springframework.kafka.KafkaListenerEndpointContainer#1-0-C-1] o.a.k.c.c.i.ConsumerCoordinator [AbstractCoordinator.java:566] [Consumer clientId=consumer-community-consumer-group-2, groupId=community-consumer-group] (Re-)joining group
2023-04-18 14:30:02,566 INFO [org.springframework.kafka.KafkaListenerEndpointContainer#1-0-C-1] o.a.k.c.c.i.ConsumerCoordinator [AbstractCoordinator.java:1063] [Consumer clientId=consumer-community-consumer-group-2, groupId=community-consumer-group] Request joining group due to: need to re-join with the given member-id: consumer-community-consumer-group-2-b753fb50-f85f-41d7-9663-9245464137c6
2023-04-18 14:30:02,566 INFO [org.springframework.kafka.KafkaListenerEndpointContainer#0-0-C-1] o.a.k.c.c.i.ConsumerCoordinator [AbstractCoordinator.java:1063] [Consumer clientId=consumer-community-consumer-group-1, groupId=community-consumer-group] Request joining group due to: need to re-join with the given member-id: consumer-community-consumer-group-1-3ea80319-eeb2-45e0-a19e-3c2b21c3dd68
2023-04-18 14:30:02,567 INFO [org.springframework.kafka.KafkaListenerEndpointContainer#0-0-C-1] o.a.k.c.c.i.ConsumerCoordinator [AbstractCoordinator.java:1063] [Consumer clientId=consumer-community-consumer-group-1, groupId=community-consumer-group] Request joining group due to: rebalance failed due to 'The group member needs to have a valid member id before actually entering a consumer group.' (MemberIdRequiredException)
2023-04-18 14:30:02,567 INFO [org.springframework.kafka.KafkaListenerEndpointContainer#1-0-C-1] o.a.k.c.c.i.ConsumerCoordinator [AbstractCoordinator.java:1063] [Consumer clientId=consumer-community-consumer-group-2, groupId=community-consumer-group] Request joining group due to: rebalance failed due to 'The group member needs to have a valid member id before actually entering a consumer group.' (MemberIdRequiredException)
2023-04-18 14:30:02,568 INFO [org.springframework.kafka.KafkaListenerEndpointContainer#0-0-C-1] o.a.k.c.c.i.ConsumerCoordinator [AbstractCoordinator.java:566] [Consumer clientId=consumer-community-consumer-group-1, groupId=community-consumer-group] (Re-)joining group
2023-04-18 14:30:02,568 INFO [org.springframework.kafka.KafkaListenerEndpointContainer#1-0-C-1] o.a.k.c.c.i.ConsumerCoordinator [AbstractCoordinator.java:566] [Consumer clientId=consumer-community-consumer-group-2, groupId=community-consumer-group] (Re-)joining group
2023-04-18 14:30:02,580 INFO [org.springframework.kafka.KafkaListenerEndpointContainer#1-0-C-1] o.a.k.c.c.i.ConsumerCoordinator [AbstractCoordinator.java:627] [Consumer clientId=consumer-community-consumer-group-2, groupId=community-consumer-group] Successfully joined group with generation Generation{generationId=14, memberId='consumer-community-consumer-group-2-b753fb50-f85f-41d7-9663-9245464137c6', protocol='range'}
2023-04-18 14:30:02,584 INFO [org.springframework.kafka.KafkaListenerEndpointContainer#0-0-C-1] o.a.k.c.c.i.ConsumerCoordinator [AbstractCoordinator.java:627] [Consumer clientId=consumer-community-consumer-group-1, groupId=community-consumer-group] Successfully joined group with generation Generation{generationId=14, memberId='consumer-community-consumer-group-1-3ea80319-eeb2-45e0-a19e-3c2b21c3dd68', protocol='range'}
2023-04-18 14:30:02,594 INFO [org.springframework.kafka.KafkaListenerEndpointContainer#0-0-C-1] o.a.k.c.Metadata [Metadata.java:402] [Consumer clientId=consumer-community-consumer-group-1, groupId=community-consumer-group] Resetting the last seen epoch of partition like-0 to 0 since the associated topicId changed from null to bD5M0i9UQ2i3bWHlnxeUFQ
2023-04-18 14:30:02,594 INFO [org.springframework.kafka.KafkaListenerEndpointContainer#0-0-C-1] o.a.k.c.Metadata [Metadata.java:402] [Consumer clientId=consumer-community-consumer-group-1, groupId=community-consumer-group] Resetting the last seen epoch of partition comment-0 to 0 since the associated topicId changed from null to YPE6Ly5GQCCf_6kp5femLQ
2023-04-18 14:30:02,595 INFO [org.springframework.kafka.KafkaListenerEndpointContainer#0-0-C-1] o.a.k.c.Metadata [Metadata.java:402] [Consumer clientId=consumer-community-consumer-group-1, groupId=community-consumer-group] Resetting the last seen epoch of partition follow-0 to 0 since the associated topicId changed from null to Hbfi65IQQ4WLD7ez-cjWcA
2023-04-18 14:30:02,597 INFO [org.springframework.kafka.KafkaListenerEndpointContainer#0-0-C-1] o.a.k.c.c.i.ConsumerCoordinator [ConsumerCoordinator.java:705] [Consumer clientId=consumer-community-consumer-group-1, groupId=community-consumer-group] Finished assignment for group at generation 14: {consumer-community-consumer-group-2-b753fb50-f85f-41d7-9663-9245464137c6=Assignment(partitions=[like-0, comment-0, follow-0]), consumer-community-consumer-group-1-3ea80319-eeb2-45e0-a19e-3c2b21c3dd68=Assignment(partitions=[test-0])}
2023-04-18 14:30:02,616 INFO [org.springframework.kafka.KafkaListenerEndpointContainer#1-0-C-1] o.a.k.c.c.i.ConsumerCoordinator [AbstractCoordinator.java:802] [Consumer clientId=consumer-community-consumer-group-2, groupId=community-consumer-group] Successfully synced group in generation Generation{generationId=14, memberId='consumer-community-consumer-group-2-b753fb50-f85f-41d7-9663-9245464137c6', protocol='range'}
2023-04-18 14:30:02,616 INFO [org.springframework.kafka.KafkaListenerEndpointContainer#0-0-C-1] o.a.k.c.c.i.ConsumerCoordinator [AbstractCoordinator.java:802] [Consumer clientId=consumer-community-consumer-group-1, groupId=community-consumer-group] Successfully synced group in generation Generation{generationId=14, memberId='consumer-community-consumer-group-1-3ea80319-eeb2-45e0-a19e-3c2b21c3dd68', protocol='range'}
2023-04-18 14:30:02,617 INFO [org.springframework.kafka.KafkaListenerEndpointContainer#1-0-C-1] o.a.k.c.c.i.ConsumerCoordinator [ConsumerCoordinator.java:300] [Consumer clientId=consumer-community-consumer-group-2, groupId=community-consumer-group] Notifying assignor about the new Assignment(partitions=[like-0, comment-0, follow-0])
2023-04-18 14:30:02,617 INFO [org.springframework.kafka.KafkaListenerEndpointContainer#0-0-C-1] o.a.k.c.c.i.ConsumerCoordinator [ConsumerCoordinator.java:300] [Consumer clientId=consumer-community-consumer-group-1, groupId=community-consumer-group] Notifying assignor about the new Assignment(partitions=[test-0])
2023-04-18 14:30:02,620 INFO [org.springframework.kafka.KafkaListenerEndpointContainer#1-0-C-1] o.a.k.c.c.i.ConsumerCoordinator [ConsumerCoordinator.java:312] [Consumer clientId=consumer-community-consumer-group-2, groupId=community-consumer-group] Adding newly assigned partitions: comment-0, follow-0, like-0
2023-04-18 14:30:02,620 INFO [org.springframework.kafka.KafkaListenerEndpointContainer#0-0-C-1] o.a.k.c.c.i.ConsumerCoordinator [ConsumerCoordinator.java:312] [Consumer clientId=consumer-community-consumer-group-1, groupId=community-consumer-group] Adding newly assigned partitions: test-0
2023-04-18 14:30:02,644 INFO [org.springframework.kafka.KafkaListenerEndpointContainer#1-0-C-1] o.a.k.c.c.i.ConsumerCoordinator [ConsumerCoordinator.java:968] [Consumer clientId=consumer-community-consumer-group-2, groupId=community-consumer-group] Setting offset for partition comment-0 to the committed offset FetchPosition{offset=2, offsetEpoch=Optional[0], currentLeader=LeaderAndEpoch{leader=Optional[localhost:9092 (id: 0 rack: null)], epoch=0}}
2023-04-18 14:30:02,644 INFO [org.springframework.kafka.KafkaListenerEndpointContainer#0-0-C-1] o.a.k.c.c.i.ConsumerCoordinator [ConsumerCoordinator.java:968] [Consumer clientId=consumer-community-consumer-group-1, groupId=community-consumer-group] Setting offset for partition test-0 to the committed offset FetchPosition{offset=9, offsetEpoch=Optional[0], currentLeader=LeaderAndEpoch{leader=Optional[localhost:9092 (id: 0 rack: null)], epoch=0}}
2023-04-18 14:30:02,645 INFO [org.springframework.kafka.KafkaListenerEndpointContainer#1-0-C-1] o.a.k.c.c.i.ConsumerCoordinator [ConsumerCoordinator.java:968] [Consumer clientId=consumer-community-consumer-group-2, groupId=community-consumer-group] Setting offset for partition like-0 to the committed offset FetchPosition{offset=2, offsetEpoch=Optional[0], currentLeader=LeaderAndEpoch{leader=Optional[localhost:9092 (id: 0 rack: null)], epoch=0}}
2023-04-18 14:30:02,645 INFO [org.springframework.kafka.KafkaListenerEndpointContainer#1-0-C-1] o.a.k.c.c.i.ConsumerCoordinator [ConsumerCoordinator.java:968] [Consumer clientId=consumer-community-consumer-group-2, groupId=community-consumer-group] Setting offset for partition follow-0 to the committed offset FetchPosition{offset=1, offsetEpoch=Optional[0], currentLeader=LeaderAndEpoch{leader=Optional[localhost:9092 (id: 0 rack: null)], epoch=0}}
2023-04-18 14:30:02,646 INFO [org.springframework.kafka.KafkaListenerEndpointContainer#0-0-C-1] o.a.k.c.c.i.ConsumerCoordinator [ConsumerCoordinator.java:331] [Consumer clientId=consumer-community-consumer-group-1, groupId=community-consumer-group] Revoke previously assigned partitions test-0
2023-04-18 14:30:02,646 INFO [org.springframework.kafka.KafkaListenerEndpointContainer#1-0-C-1] o.a.k.c.c.i.ConsumerCoordinator [ConsumerCoordinator.java:331] [Consumer clientId=consumer-community-consumer-group-2, groupId=community-consumer-group] Revoke previously assigned partitions comment-0, follow-0, like-0
2023-04-18 14:30:02,648 INFO [org.springframework.kafka.KafkaListenerEndpointContainer#1-0-C-1] o.s.k.l.KafkaMessageListenerContainer [LogAccessor.java:292] community-consumer-group: partitions revoked: [comment-0, follow-0, like-0]
2023-04-18 14:30:02,648 INFO [org.springframework.kafka.KafkaListenerEndpointContainer#0-0-C-1] o.s.k.l.KafkaMessageListenerContainer [LogAccessor.java:292] community-consumer-group: partitions revoked: [test-0]
2023-04-18 14:30:02,649 INFO [org.springframework.kafka.KafkaListenerEndpointContainer#1-0-C-1] o.a.k.c.c.i.ConsumerCoordinator [AbstractCoordinator.java:1124] [Consumer clientId=consumer-community-consumer-group-2, groupId=community-consumer-group] Member consumer-community-consumer-group-2-b753fb50-f85f-41d7-9663-9245464137c6 sending LeaveGroup request to coordinator localhost:9092 (id: 2147483647 rack: null) due to the consumer unsubscribed from all topics
2023-04-18 14:30:02,649 INFO [org.springframework.kafka.KafkaListenerEndpointContainer#0-0-C-1] o.a.k.c.c.i.ConsumerCoordinator [AbstractCoordinator.java:1124] [Consumer clientId=consumer-community-consumer-group-1, groupId=community-consumer-group] Member consumer-community-consumer-group-1-3ea80319-eeb2-45e0-a19e-3c2b21c3dd68 sending LeaveGroup request to coordinator localhost:9092 (id: 2147483647 rack: null) due to the consumer unsubscribed from all topics
2023-04-18 14:30:02,650 INFO [org.springframework.kafka.KafkaListenerEndpointContainer#1-0-C-1] o.a.k.c.c.i.ConsumerCoordinator [AbstractCoordinator.java:1016] [Consumer clientId=consumer-community-consumer-group-2, groupId=community-consumer-group] Resetting generation and member id due to: consumer pro-actively leaving the group
2023-04-18 14:30:02,650 INFO [org.springframework.kafka.KafkaListenerEndpointContainer#0-0-C-1] o.a.k.c.c.i.ConsumerCoordinator [AbstractCoordinator.java:1016] [Consumer clientId=consumer-community-consumer-group-1, groupId=community-consumer-group] Resetting generation and member id due to: consumer pro-actively leaving the group
2023-04-18 14:30:02,651 INFO [org.springframework.kafka.KafkaListenerEndpointContainer#0-0-C-1] o.a.k.c.c.i.ConsumerCoordinator [AbstractCoordinator.java:1063] [Consumer clientId=consumer-community-consumer-group-1, groupId=community-consumer-group] Request joining group due to: consumer pro-actively leaving the group
2023-04-18 14:30:02,651 INFO [org.springframework.kafka.KafkaListenerEndpointContainer#1-0-C-1] o.a.k.c.c.i.ConsumerCoordinator [AbstractCoordinator.java:1063] [Consumer clientId=consumer-community-consumer-group-2, groupId=community-consumer-group] Request joining group due to: consumer pro-actively leaving the group
2023-04-18 14:30:02,651 INFO [org.springframework.kafka.KafkaListenerEndpointContainer#1-0-C-1] o.a.k.c.c.KafkaConsumer [KafkaConsumer.java:1082] [Consumer clientId=consumer-community-consumer-group-2, groupId=community-consumer-group] Unsubscribed all topics or patterns and assigned partitions
2023-04-18 14:30:02,651 INFO [org.springframework.kafka.KafkaListenerEndpointContainer#0-0-C-1] o.a.k.c.c.KafkaConsumer [KafkaConsumer.java:1082] [Consumer clientId=consumer-community-consumer-group-1, groupId=community-consumer-group] Unsubscribed all topics or patterns and assigned partitions
2023-04-18 14:30:02,651 INFO [org.springframework.kafka.KafkaListenerEndpointContainer#0-0-C-1] o.a.k.c.c.i.ConsumerCoordinator [AbstractCoordinator.java:1016] [Consumer clientId=consumer-community-consumer-group-1, groupId=community-consumer-group] Resetting generation and member id due to: consumer pro-actively leaving the group
2023-04-18 14:30:02,652 INFO [org.springframework.kafka.KafkaListenerEndpointContainer#1-0-C-1] o.a.k.c.c.i.ConsumerCoordinator [AbstractCoordinator.java:1016] [Consumer clientId=consumer-community-consumer-group-2, groupId=community-consumer-group] Resetting generation and member id due to: consumer pro-actively leaving the group
2023-04-18 14:30:02,652 INFO [org.springframework.kafka.KafkaListenerEndpointContainer#0-0-C-1] o.a.k.c.c.i.ConsumerCoordinator [AbstractCoordinator.java:1063] [Consumer clientId=consumer-community-consumer-group-1, groupId=community-consumer-group] Request joining group due to: consumer pro-actively leaving the group
2023-04-18 14:30:02,652 INFO [org.springframework.kafka.KafkaListenerEndpointContainer#1-0-C-1] o.a.k.c.c.i.ConsumerCoordinator [AbstractCoordinator.java:1063] [Consumer clientId=consumer-community-consumer-group-2, groupId=community-consumer-group] Request joining group due to: consumer pro-actively leaving the group
2023-04-18 14:30:02,660 INFO [org.springframework.kafka.KafkaListenerEndpointContainer#1-0-C-1] o.a.k.c.m.Metrics [Metrics.java:693] Metrics scheduler closed
2023-04-18 14:30:02,660 INFO [org.springframework.kafka.KafkaListenerEndpointContainer#0-0-C-1] o.a.k.c.m.Metrics [Metrics.java:693] Metrics scheduler closed
2023-04-18 14:30:02,660 INFO [org.springframework.kafka.KafkaListenerEndpointContainer#1-0-C-1] o.a.k.c.m.Metrics [Metrics.java:697] Closing reporter org.apache.kafka.common.metrics.JmxReporter
2023-04-18 14:30:02,660 INFO [org.springframework.kafka.KafkaListenerEndpointContainer#0-0-C-1] o.a.k.c.m.Metrics [Metrics.java:697] Closing reporter org.apache.kafka.common.metrics.JmxReporter
2023-04-18 14:30:02,661 INFO [org.springframework.kafka.KafkaListenerEndpointContainer#0-0-C-1] o.a.k.c.m.Metrics [Metrics.java:703] Metrics reporters closed
2023-04-18 14:30:02,661 INFO [org.springframework.kafka.KafkaListenerEndpointContainer#1-0-C-1] o.a.k.c.m.Metrics [Metrics.java:703] Metrics reporters closed
2023-04-18 14:30:02,670 INFO [org.springframework.kafka.KafkaListenerEndpointContainer#1-0-C-1] o.a.k.c.u.AppInfoParser [AppInfoParser.java:83] App info kafka.consumer for consumer-community-consumer-group-2 unregistered
2023-04-18 14:30:02,671 INFO [org.springframework.kafka.KafkaListenerEndpointContainer#0-0-C-1] o.a.k.c.u.AppInfoParser [AppInfoParser.java:83] App info kafka.consumer for consumer-community-consumer-group-1 unregistered
2023-04-18 14:30:02,671 INFO [org.springframework.kafka.KafkaListenerEndpointContainer#1-0-C-1] o.s.k.l.KafkaMessageListenerContainer [LogAccessor.java:292] community-consumer-group: Consumer stopped
2023-04-18 14:30:02,671 INFO [org.springframework.kafka.KafkaListenerEndpointContainer#0-0-C-1] o.s.k.l.KafkaMessageListenerContainer [LogAccessor.java:292] community-consumer-group: Consumer stopped
2023-04-18 14:30:06,561 INFO [restartedMain] c.n.c.CommunityApplication [StartupInfoLogger.java:51] Starting CommunityApplication using Java 17.0.4 with PID 86366 (/Users/zhikaixu/Desktop/nowcoder/community/target/classes started by zhikaixu in /Users/zhikaixu/Desktop/nowcoder/community)
2023-04-18 14:30:06,569 INFO [restartedMain] c.n.c.CommunityApplication [SpringApplication.java:630] No active profile set, falling back to 1 default profile: "default"
2023-04-18 14:30:06,696 INFO [restartedMain] o.s.b.d.e.DevToolsPropertyDefaultsPostProcessor [DeferredLog.java:250] Devtools property defaults active! Set 'spring.devtools.add-properties' to 'false' to disable
2023-04-18 14:30:06,700 INFO [restartedMain] o.s.b.d.e.DevToolsPropertyDefaultsPostProcessor [DeferredLog.java:250] For additional web related logging consider setting the 'logging.level.web' property to 'DEBUG'
2023-04-18 14:30:13,150 INFO [restartedMain] o.s.d.r.c.RepositoryConfigurationDelegate [RepositoryConfigurationDelegate.java:291] Multiple Spring Data modules found, entering strict repository configuration mode
2023-04-18 14:30:13,167 INFO [restartedMain] o.s.d.r.c.RepositoryConfigurationDelegate [RepositoryConfigurationDelegate.java:138] Bootstrapping Spring Data Redis repositories in DEFAULT mode.
2023-04-18 14:30:13,389 INFO [restartedMain] o.s.d.r.c.RepositoryConfigurationDelegate [RepositoryConfigurationDelegate.java:208] Finished Spring Data repository scanning in 134 ms. Found 0 Redis repository interfaces.
2023-04-18 14:30:20,623 INFO [restartedMain] o.s.b.w.e.t.TomcatWebServer [TomcatWebServer.java:108] Tomcat initialized with port(s): 8080 (http)
2023-04-18 14:30:20,663 INFO [restartedMain] o.a.c.h.Http11NioProtocol [DirectJDKLog.java:173] Initializing ProtocolHandler ["http-nio-8080"]
2023-04-18 14:30:20,667 INFO [restartedMain] o.a.c.c.StandardService [DirectJDKLog.java:173] Starting service [Tomcat]
2023-04-18 14:30:20,668 INFO [restartedMain] o.a.c.c.StandardEngine [DirectJDKLog.java:173] Starting Servlet engine: [Apache Tomcat/10.1.5]
2023-04-18 14:30:21,046 INFO [restartedMain] o.a.c.c.C.[.[.[/community] [DirectJDKLog.java:173] Initializing Spring embedded WebApplicationContext
2023-04-18 14:30:21,048 INFO [restartedMain] o.s.b.w.s.c.ServletWebServerApplicationContext [ServletWebServerApplicationContext.java:291] Root WebApplicationContext: initialization completed in 14345 ms
2023-04-18 14:30:38,552 INFO [restartedMain] o.s.b.d.a.OptionalLiveReloadServer [OptionalLiveReloadServer.java:59] LiveReload server is running on port 35729
2023-04-18 14:30:39,307 INFO [restartedMain] o.a.c.h.Http11NioProtocol [DirectJDKLog.java:173] Starting ProtocolHandler ["http-nio-8080"]
2023-04-18 14:30:39,366 INFO [restartedMain] o.s.b.w.e.t.TomcatWebServer [TomcatWebServer.java:220] Tomcat started on port(s): 8080 (http) with context path '/community'
2023-04-18 14:30:39,574 INFO [restartedMain] o.a.k.c.c.ConsumerConfig [AbstractConfig.java:376] ConsumerConfig values: 
	allow.auto.create.topics = true
	auto.commit.interval.ms = 3000
	auto.offset.reset = latest
	bootstrap.servers = [localhost:9092]
	check.crcs = true
	client.dns.lookup = use_all_dns_ips
	client.id = consumer-community-consumer-group-1
	client.rack = 
	connections.max.idle.ms = 540000
	default.api.timeout.ms = 60000
	enable.auto.commit = true
	exclude.internal.topics = true
	fetch.max.bytes = 52428800
	fetch.max.wait.ms = 500
	fetch.min.bytes = 1
	group.id = community-consumer-group
	group.instance.id = null
	heartbeat.interval.ms = 3000
	interceptor.classes = []
	internal.leave.group.on.close = true
	internal.throw.on.fetch.stable.offset.unsupported = false
	isolation.level = read_uncommitted
	key.deserializer = class org.apache.kafka.common.serialization.StringDeserializer
	max.partition.fetch.bytes = 1048576
	max.poll.interval.ms = 300000
	max.poll.records = 500
	metadata.max.age.ms = 300000
	metric.reporters = []
	metrics.num.samples = 2
	metrics.recording.level = INFO
	metrics.sample.window.ms = 30000
	partition.assignment.strategy = [class org.apache.kafka.clients.consumer.RangeAssignor, class org.apache.kafka.clients.consumer.CooperativeStickyAssignor]
	receive.buffer.bytes = 65536
	reconnect.backoff.max.ms = 1000
	reconnect.backoff.ms = 50
	request.timeout.ms = 30000
	retry.backoff.ms = 100
	sasl.client.callback.handler.class = null
	sasl.jaas.config = null
	sasl.kerberos.kinit.cmd = /usr/bin/kinit
	sasl.kerberos.min.time.before.relogin = 60000
	sasl.kerberos.service.name = null
	sasl.kerberos.ticket.renew.jitter = 0.05
	sasl.kerberos.ticket.renew.window.factor = 0.8
	sasl.login.callback.handler.class = null
	sasl.login.class = null
	sasl.login.connect.timeout.ms = null
	sasl.login.read.timeout.ms = null
	sasl.login.refresh.buffer.seconds = 300
	sasl.login.refresh.min.period.seconds = 60
	sasl.login.refresh.window.factor = 0.8
	sasl.login.refresh.window.jitter = 0.05
	sasl.login.retry.backoff.max.ms = 10000
	sasl.login.retry.backoff.ms = 100
	sasl.mechanism = GSSAPI
	sasl.oauthbearer.clock.skew.seconds = 30
	sasl.oauthbearer.expected.audience = null
	sasl.oauthbearer.expected.issuer = null
	sasl.oauthbearer.jwks.endpoint.refresh.ms = 3600000
	sasl.oauthbearer.jwks.endpoint.retry.backoff.max.ms = 10000
	sasl.oauthbearer.jwks.endpoint.retry.backoff.ms = 100
	sasl.oauthbearer.jwks.endpoint.url = null
	sasl.oauthbearer.scope.claim.name = scope
	sasl.oauthbearer.sub.claim.name = sub
	sasl.oauthbearer.token.endpoint.url = null
	security.protocol = PLAINTEXT
	security.providers = null
	send.buffer.bytes = 131072
	session.timeout.ms = 45000
	socket.connection.setup.timeout.max.ms = 30000
	socket.connection.setup.timeout.ms = 10000
	ssl.cipher.suites = null
	ssl.enabled.protocols = [TLSv1.2, TLSv1.3]
	ssl.endpoint.identification.algorithm = https
	ssl.engine.factory.class = null
	ssl.key.password = null
	ssl.keymanager.algorithm = SunX509
	ssl.keystore.certificate.chain = null
	ssl.keystore.key = null
	ssl.keystore.location = null
	ssl.keystore.password = null
	ssl.keystore.type = JKS
	ssl.protocol = TLSv1.3
	ssl.provider = null
	ssl.secure.random.implementation = null
	ssl.trustmanager.algorithm = PKIX
	ssl.truststore.certificates = null
	ssl.truststore.location = null
	ssl.truststore.password = null
	ssl.truststore.type = JKS
	value.deserializer = class org.apache.kafka.common.serialization.StringDeserializer

2023-04-18 14:30:40,082 INFO [restartedMain] o.a.k.c.u.AppInfoParser [AppInfoParser.java:119] Kafka version: 3.3.2
2023-04-18 14:30:40,087 INFO [restartedMain] o.a.k.c.u.AppInfoParser [AppInfoParser.java:120] Kafka commitId: b66af662e61082cb
2023-04-18 14:30:40,088 INFO [restartedMain] o.a.k.c.u.AppInfoParser [AppInfoParser.java:121] Kafka startTimeMs: 1681799440070
2023-04-18 14:30:40,099 INFO [restartedMain] o.a.k.c.c.KafkaConsumer [KafkaConsumer.java:973] [Consumer clientId=consumer-community-consumer-group-1, groupId=community-consumer-group] Subscribed to topic(s): comment, like, follow
2023-04-18 14:30:40,286 INFO [restartedMain] c.n.c.CommunityApplication [StartupInfoLogger.java:57] Started CommunityApplication in 35.089 seconds (process running for 36.028)
2023-04-18 14:30:41,832 INFO [org.springframework.kafka.KafkaListenerEndpointContainer#0-0-C-1] o.a.k.c.Metadata [Metadata.java:402] [Consumer clientId=consumer-community-consumer-group-1, groupId=community-consumer-group] Resetting the last seen epoch of partition like-0 to 0 since the associated topicId changed from null to bD5M0i9UQ2i3bWHlnxeUFQ
2023-04-18 14:30:41,834 INFO [org.springframework.kafka.KafkaListenerEndpointContainer#0-0-C-1] o.a.k.c.Metadata [Metadata.java:402] [Consumer clientId=consumer-community-consumer-group-1, groupId=community-consumer-group] Resetting the last seen epoch of partition comment-0 to 0 since the associated topicId changed from null to YPE6Ly5GQCCf_6kp5femLQ
2023-04-18 14:30:41,836 INFO [org.springframework.kafka.KafkaListenerEndpointContainer#0-0-C-1] o.a.k.c.Metadata [Metadata.java:402] [Consumer clientId=consumer-community-consumer-group-1, groupId=community-consumer-group] Resetting the last seen epoch of partition follow-0 to 0 since the associated topicId changed from null to Hbfi65IQQ4WLD7ez-cjWcA
2023-04-18 14:30:41,847 INFO [org.springframework.kafka.KafkaListenerEndpointContainer#0-0-C-1] o.a.k.c.Metadata [Metadata.java:287] [Consumer clientId=consumer-community-consumer-group-1, groupId=community-consumer-group] Cluster ID: WqWVvLVIQQ6icWjoAV-yyQ
2023-04-18 14:30:41,852 INFO [org.springframework.kafka.KafkaListenerEndpointContainer#0-0-C-1] o.a.k.c.c.i.ConsumerCoordinator [AbstractCoordinator.java:897] [Consumer clientId=consumer-community-consumer-group-1, groupId=community-consumer-group] Discovered group coordinator localhost:9092 (id: 2147483647 rack: null)
2023-04-18 14:30:41,879 INFO [org.springframework.kafka.KafkaListenerEndpointContainer#0-0-C-1] o.a.k.c.c.i.ConsumerCoordinator [AbstractCoordinator.java:566] [Consumer clientId=consumer-community-consumer-group-1, groupId=community-consumer-group] (Re-)joining group
2023-04-18 14:30:41,927 INFO [org.springframework.kafka.KafkaListenerEndpointContainer#0-0-C-1] o.a.k.c.c.i.ConsumerCoordinator [AbstractCoordinator.java:1063] [Consumer clientId=consumer-community-consumer-group-1, groupId=community-consumer-group] Request joining group due to: need to re-join with the given member-id: consumer-community-consumer-group-1-5b792493-9ea2-4475-8081-75ec5ecf0f1e
2023-04-18 14:30:41,929 INFO [org.springframework.kafka.KafkaListenerEndpointContainer#0-0-C-1] o.a.k.c.c.i.ConsumerCoordinator [AbstractCoordinator.java:1063] [Consumer clientId=consumer-community-consumer-group-1, groupId=community-consumer-group] Request joining group due to: rebalance failed due to 'The group member needs to have a valid member id before actually entering a consumer group.' (MemberIdRequiredException)
2023-04-18 14:30:41,930 INFO [org.springframework.kafka.KafkaListenerEndpointContainer#0-0-C-1] o.a.k.c.c.i.ConsumerCoordinator [AbstractCoordinator.java:566] [Consumer clientId=consumer-community-consumer-group-1, groupId=community-consumer-group] (Re-)joining group
2023-04-18 14:30:41,936 INFO [org.springframework.kafka.KafkaListenerEndpointContainer#0-0-C-1] o.a.k.c.c.i.ConsumerCoordinator [AbstractCoordinator.java:627] [Consumer clientId=consumer-community-consumer-group-1, groupId=community-consumer-group] Successfully joined group with generation Generation{generationId=16, memberId='consumer-community-consumer-group-1-5b792493-9ea2-4475-8081-75ec5ecf0f1e', protocol='range'}
2023-04-18 14:30:41,947 INFO [org.springframework.kafka.KafkaListenerEndpointContainer#0-0-C-1] o.a.k.c.c.i.ConsumerCoordinator [ConsumerCoordinator.java:705] [Consumer clientId=consumer-community-consumer-group-1, groupId=community-consumer-group] Finished assignment for group at generation 16: {consumer-community-consumer-group-1-5b792493-9ea2-4475-8081-75ec5ecf0f1e=Assignment(partitions=[like-0, comment-0, follow-0])}
2023-04-18 14:30:41,965 INFO [org.springframework.kafka.KafkaListenerEndpointContainer#0-0-C-1] o.a.k.c.c.i.ConsumerCoordinator [AbstractCoordinator.java:802] [Consumer clientId=consumer-community-consumer-group-1, groupId=community-consumer-group] Successfully synced group in generation Generation{generationId=16, memberId='consumer-community-consumer-group-1-5b792493-9ea2-4475-8081-75ec5ecf0f1e', protocol='range'}
2023-04-18 14:30:41,967 INFO [org.springframework.kafka.KafkaListenerEndpointContainer#0-0-C-1] o.a.k.c.c.i.ConsumerCoordinator [ConsumerCoordinator.java:300] [Consumer clientId=consumer-community-consumer-group-1, groupId=community-consumer-group] Notifying assignor about the new Assignment(partitions=[like-0, comment-0, follow-0])
2023-04-18 14:30:41,981 INFO [org.springframework.kafka.KafkaListenerEndpointContainer#0-0-C-1] o.a.k.c.c.i.ConsumerCoordinator [ConsumerCoordinator.java:312] [Consumer clientId=consumer-community-consumer-group-1, groupId=community-consumer-group] Adding newly assigned partitions: comment-0, follow-0, like-0
2023-04-18 14:30:42,030 INFO [org.springframework.kafka.KafkaListenerEndpointContainer#0-0-C-1] o.a.k.c.c.i.ConsumerCoordinator [ConsumerCoordinator.java:968] [Consumer clientId=consumer-community-consumer-group-1, groupId=community-consumer-group] Setting offset for partition comment-0 to the committed offset FetchPosition{offset=2, offsetEpoch=Optional[0], currentLeader=LeaderAndEpoch{leader=Optional[localhost:9092 (id: 0 rack: null)], epoch=0}}
2023-04-18 14:30:42,031 INFO [org.springframework.kafka.KafkaListenerEndpointContainer#0-0-C-1] o.a.k.c.c.i.ConsumerCoordinator [ConsumerCoordinator.java:968] [Consumer clientId=consumer-community-consumer-group-1, groupId=community-consumer-group] Setting offset for partition like-0 to the committed offset FetchPosition{offset=2, offsetEpoch=Optional[0], currentLeader=LeaderAndEpoch{leader=Optional[localhost:9092 (id: 0 rack: null)], epoch=0}}
2023-04-18 14:30:42,033 INFO [org.springframework.kafka.KafkaListenerEndpointContainer#0-0-C-1] o.a.k.c.c.i.ConsumerCoordinator [ConsumerCoordinator.java:968] [Consumer clientId=consumer-community-consumer-group-1, groupId=community-consumer-group] Setting offset for partition follow-0 to the committed offset FetchPosition{offset=1, offsetEpoch=Optional[0], currentLeader=LeaderAndEpoch{leader=Optional[localhost:9092 (id: 0 rack: null)], epoch=0}}
2023-04-18 14:30:42,098 INFO [org.springframework.kafka.KafkaListenerEndpointContainer#0-0-C-1] o.s.k.l.KafkaMessageListenerContainer [LogAccessor.java:292] community-consumer-group: partitions assigned: [comment-0, follow-0, like-0]
2023-04-18 14:30:46,722 INFO [http-nio-8080-exec-1] o.a.c.c.C.[.[.[/community] [DirectJDKLog.java:173] Initializing Spring DispatcherServlet 'dispatcherServlet'
2023-04-18 14:30:46,724 INFO [http-nio-8080-exec-1] o.s.w.s.DispatcherServlet [FrameworkServlet.java:532] Initializing Servlet 'dispatcherServlet'
2023-04-18 14:30:46,758 INFO [http-nio-8080-exec-1] o.s.w.s.DispatcherServlet [FrameworkServlet.java:554] Completed initialization in 32 ms
2023-04-18 14:30:46,969 INFO [http-nio-8080-exec-1] c.n.c.a.ServiceLogAspect [ServiceLogAspect.java:41] [0:0:0:0:0:0:0:1],[2023-04-18 14:30:46],[com.nowcoder.community.service.DiscussPostService.findDiscussPostRows].
2023-04-18 14:30:47,107 INFO [http-nio-8080-exec-1] c.z.h.HikariDataSource [HikariDataSource.java:110] HikariPool-1 - Starting...
2023-04-18 14:30:47,969 INFO [http-nio-8080-exec-1] c.z.h.p.HikariPool [HikariPool.java:565] HikariPool-1 - Added connection com.mysql.cj.jdbc.ConnectionImpl@3811f3db
2023-04-18 14:30:47,978 INFO [http-nio-8080-exec-1] c.z.h.HikariDataSource [HikariDataSource.java:123] HikariPool-1 - Start completed.
2023-04-18 14:30:48,527 INFO [http-nio-8080-exec-1] c.n.c.a.ServiceLogAspect [ServiceLogAspect.java:41] [0:0:0:0:0:0:0:1],[2023-04-18 14:30:48],[com.nowcoder.community.service.DiscussPostService.findDiscussPosts].
2023-04-18 14:30:48,575 INFO [http-nio-8080-exec-1] c.n.c.a.ServiceLogAspect [ServiceLogAspect.java:41] [0:0:0:0:0:0:0:1],[2023-04-18 14:30:48],[com.nowcoder.community.service.UserService.findUserById].
2023-04-18 14:30:53,987 INFO [http-nio-8080-exec-1] c.n.c.a.ServiceLogAspect [ServiceLogAspect.java:41] [0:0:0:0:0:0:0:1],[2023-04-18 14:30:53],[com.nowcoder.community.service.LikeService.findEntityLikeCount].
2023-04-18 14:30:54,008 INFO [http-nio-8080-exec-1] c.n.c.a.ServiceLogAspect [ServiceLogAspect.java:41] [0:0:0:0:0:0:0:1],[2023-04-18 14:30:54],[com.nowcoder.community.service.UserService.findUserById].
2023-04-18 14:30:54,038 INFO [http-nio-8080-exec-1] c.n.c.a.ServiceLogAspect [ServiceLogAspect.java:41] [0:0:0:0:0:0:0:1],[2023-04-18 14:30:54],[com.nowcoder.community.service.LikeService.findEntityLikeCount].
2023-04-18 14:30:54,042 INFO [http-nio-8080-exec-1] c.n.c.a.ServiceLogAspect [ServiceLogAspect.java:41] [0:0:0:0:0:0:0:1],[2023-04-18 14:30:54],[com.nowcoder.community.service.UserService.findUserById].
2023-04-18 14:30:54,062 INFO [http-nio-8080-exec-1] c.n.c.a.ServiceLogAspect [ServiceLogAspect.java:41] [0:0:0:0:0:0:0:1],[2023-04-18 14:30:54],[com.nowcoder.community.service.LikeService.findEntityLikeCount].
2023-04-18 14:30:54,066 INFO [http-nio-8080-exec-1] c.n.c.a.ServiceLogAspect [ServiceLogAspect.java:41] [0:0:0:0:0:0:0:1],[2023-04-18 14:30:54],[com.nowcoder.community.service.UserService.findUserById].
2023-04-18 14:30:54,192 INFO [http-nio-8080-exec-1] c.n.c.a.ServiceLogAspect [ServiceLogAspect.java:41] [0:0:0:0:0:0:0:1],[2023-04-18 14:30:54],[com.nowcoder.community.service.LikeService.findEntityLikeCount].
2023-04-18 14:30:54,196 INFO [http-nio-8080-exec-1] c.n.c.a.ServiceLogAspect [ServiceLogAspect.java:41] [0:0:0:0:0:0:0:1],[2023-04-18 14:30:54],[com.nowcoder.community.service.UserService.findUserById].
2023-04-18 14:30:54,214 INFO [http-nio-8080-exec-1] c.n.c.a.ServiceLogAspect [ServiceLogAspect.java:41] [0:0:0:0:0:0:0:1],[2023-04-18 14:30:54],[com.nowcoder.community.service.LikeService.findEntityLikeCount].
2023-04-18 14:30:54,218 INFO [http-nio-8080-exec-1] c.n.c.a.ServiceLogAspect [ServiceLogAspect.java:41] [0:0:0:0:0:0:0:1],[2023-04-18 14:30:54],[com.nowcoder.community.service.UserService.findUserById].
2023-04-18 14:30:54,224 INFO [http-nio-8080-exec-1] c.n.c.a.ServiceLogAspect [ServiceLogAspect.java:41] [0:0:0:0:0:0:0:1],[2023-04-18 14:30:54],[com.nowcoder.community.service.LikeService.findEntityLikeCount].
2023-04-18 14:30:54,228 INFO [http-nio-8080-exec-1] c.n.c.a.ServiceLogAspect [ServiceLogAspect.java:41] [0:0:0:0:0:0:0:1],[2023-04-18 14:30:54],[com.nowcoder.community.service.UserService.findUserById].
2023-04-18 14:30:54,237 INFO [http-nio-8080-exec-1] c.n.c.a.ServiceLogAspect [ServiceLogAspect.java:41] [0:0:0:0:0:0:0:1],[2023-04-18 14:30:54],[com.nowcoder.community.service.LikeService.findEntityLikeCount].
2023-04-18 14:30:54,241 INFO [http-nio-8080-exec-1] c.n.c.a.ServiceLogAspect [ServiceLogAspect.java:41] [0:0:0:0:0:0:0:1],[2023-04-18 14:30:54],[com.nowcoder.community.service.UserService.findUserById].
2023-04-18 14:30:54,262 INFO [http-nio-8080-exec-1] c.n.c.a.ServiceLogAspect [ServiceLogAspect.java:41] [0:0:0:0:0:0:0:1],[2023-04-18 14:30:54],[com.nowcoder.community.service.LikeService.findEntityLikeCount].
2023-04-18 14:30:54,268 INFO [http-nio-8080-exec-1] c.n.c.a.ServiceLogAspect [ServiceLogAspect.java:41] [0:0:0:0:0:0:0:1],[2023-04-18 14:30:54],[com.nowcoder.community.service.UserService.findUserById].
2023-04-18 14:30:54,290 INFO [http-nio-8080-exec-1] c.n.c.a.ServiceLogAspect [ServiceLogAspect.java:41] [0:0:0:0:0:0:0:1],[2023-04-18 14:30:54],[com.nowcoder.community.service.LikeService.findEntityLikeCount].
2023-04-18 14:30:54,295 INFO [http-nio-8080-exec-1] c.n.c.a.ServiceLogAspect [ServiceLogAspect.java:41] [0:0:0:0:0:0:0:1],[2023-04-18 14:30:54],[com.nowcoder.community.service.UserService.findUserById].
2023-04-18 14:30:54,319 INFO [http-nio-8080-exec-1] c.n.c.a.ServiceLogAspect [ServiceLogAspect.java:41] [0:0:0:0:0:0:0:1],[2023-04-18 14:30:54],[com.nowcoder.community.service.LikeService.findEntityLikeCount].
2023-04-18 14:31:30,711 INFO [http-nio-8080-exec-10] c.n.c.a.ServiceLogAspect [ServiceLogAspect.java:41] [0:0:0:0:0:0:0:1],[2023-04-18 14:31:30],[com.nowcoder.community.service.UserService.login].
2023-04-18 14:31:30,932 INFO [http-nio-8080-exec-2] c.n.c.a.ServiceLogAspect [ServiceLogAspect.java:41] [0:0:0:0:0:0:0:1],[2023-04-18 14:31:30],[com.nowcoder.community.service.UserService.findLoginTicket].
2023-04-18 14:31:30,941 INFO [http-nio-8080-exec-2] c.n.c.a.ServiceLogAspect [ServiceLogAspect.java:41] [0:0:0:0:0:0:0:1],[2023-04-18 14:31:30],[com.nowcoder.community.service.UserService.findUserById].
2023-04-18 14:31:30,949 INFO [http-nio-8080-exec-2] c.n.c.a.ServiceLogAspect [ServiceLogAspect.java:41] [0:0:0:0:0:0:0:1],[2023-04-18 14:31:30],[com.nowcoder.community.service.DiscussPostService.findDiscussPostRows].
2023-04-18 14:31:30,960 INFO [http-nio-8080-exec-2] c.n.c.a.ServiceLogAspect [ServiceLogAspect.java:41] [0:0:0:0:0:0:0:1],[2023-04-18 14:31:30],[com.nowcoder.community.service.DiscussPostService.findDiscussPosts].
2023-04-18 14:31:31,019 INFO [http-nio-8080-exec-2] c.n.c.a.ServiceLogAspect [ServiceLogAspect.java:41] [0:0:0:0:0:0:0:1],[2023-04-18 14:31:31],[com.nowcoder.community.service.UserService.findUserById].
2023-04-18 14:31:31,025 INFO [http-nio-8080-exec-2] c.n.c.a.ServiceLogAspect [ServiceLogAspect.java:41] [0:0:0:0:0:0:0:1],[2023-04-18 14:31:31],[com.nowcoder.community.service.LikeService.findEntityLikeCount].
2023-04-18 14:31:31,029 INFO [http-nio-8080-exec-2] c.n.c.a.ServiceLogAspect [ServiceLogAspect.java:41] [0:0:0:0:0:0:0:1],[2023-04-18 14:31:31],[com.nowcoder.community.service.UserService.findUserById].
2023-04-18 14:31:31,033 INFO [http-nio-8080-exec-2] c.n.c.a.ServiceLogAspect [ServiceLogAspect.java:41] [0:0:0:0:0:0:0:1],[2023-04-18 14:31:31],[com.nowcoder.community.service.LikeService.findEntityLikeCount].
2023-04-18 14:31:31,038 INFO [http-nio-8080-exec-2] c.n.c.a.ServiceLogAspect [ServiceLogAspect.java:41] [0:0:0:0:0:0:0:1],[2023-04-18 14:31:31],[com.nowcoder.community.service.UserService.findUserById].
2023-04-18 14:31:31,043 INFO [http-nio-8080-exec-2] c.n.c.a.ServiceLogAspect [ServiceLogAspect.java:41] [0:0:0:0:0:0:0:1],[2023-04-18 14:31:31],[com.nowcoder.community.service.LikeService.findEntityLikeCount].
2023-04-18 14:31:31,047 INFO [http-nio-8080-exec-2] c.n.c.a.ServiceLogAspect [ServiceLogAspect.java:41] [0:0:0:0:0:0:0:1],[2023-04-18 14:31:31],[com.nowcoder.community.service.UserService.findUserById].
2023-04-18 14:31:31,080 INFO [http-nio-8080-exec-2] c.n.c.a.ServiceLogAspect [ServiceLogAspect.java:41] [0:0:0:0:0:0:0:1],[2023-04-18 14:31:31],[com.nowcoder.community.service.LikeService.findEntityLikeCount].
2023-04-18 14:31:31,084 INFO [http-nio-8080-exec-2] c.n.c.a.ServiceLogAspect [ServiceLogAspect.java:41] [0:0:0:0:0:0:0:1],[2023-04-18 14:31:31],[com.nowcoder.community.service.UserService.findUserById].
2023-04-18 14:31:31,093 INFO [http-nio-8080-exec-2] c.n.c.a.ServiceLogAspect [ServiceLogAspect.java:41] [0:0:0:0:0:0:0:1],[2023-04-18 14:31:31],[com.nowcoder.community.service.LikeService.findEntityLikeCount].
2023-04-18 14:31:31,097 INFO [http-nio-8080-exec-2] c.n.c.a.ServiceLogAspect [ServiceLogAspect.java:41] [0:0:0:0:0:0:0:1],[2023-04-18 14:31:31],[com.nowcoder.community.service.UserService.findUserById].
2023-04-18 14:31:31,101 INFO [http-nio-8080-exec-2] c.n.c.a.ServiceLogAspect [ServiceLogAspect.java:41] [0:0:0:0:0:0:0:1],[2023-04-18 14:31:31],[com.nowcoder.community.service.LikeService.findEntityLikeCount].
2023-04-18 14:31:31,109 INFO [http-nio-8080-exec-2] c.n.c.a.ServiceLogAspect [ServiceLogAspect.java:41] [0:0:0:0:0:0:0:1],[2023-04-18 14:31:31],[com.nowcoder.community.service.UserService.findUserById].
2023-04-18 14:31:31,116 INFO [http-nio-8080-exec-2] c.n.c.a.ServiceLogAspect [ServiceLogAspect.java:41] [0:0:0:0:0:0:0:1],[2023-04-18 14:31:31],[com.nowcoder.community.service.LikeService.findEntityLikeCount].
2023-04-18 14:31:31,121 INFO [http-nio-8080-exec-2] c.n.c.a.ServiceLogAspect [ServiceLogAspect.java:41] [0:0:0:0:0:0:0:1],[2023-04-18 14:31:31],[com.nowcoder.community.service.UserService.findUserById].
2023-04-18 14:31:31,125 INFO [http-nio-8080-exec-2] c.n.c.a.ServiceLogAspect [ServiceLogAspect.java:41] [0:0:0:0:0:0:0:1],[2023-04-18 14:31:31],[com.nowcoder.community.service.LikeService.findEntityLikeCount].
2023-04-18 14:31:31,130 INFO [http-nio-8080-exec-2] c.n.c.a.ServiceLogAspect [ServiceLogAspect.java:41] [0:0:0:0:0:0:0:1],[2023-04-18 14:31:31],[com.nowcoder.community.service.UserService.findUserById].
2023-04-18 14:31:31,135 INFO [http-nio-8080-exec-2] c.n.c.a.ServiceLogAspect [ServiceLogAspect.java:41] [0:0:0:0:0:0:0:1],[2023-04-18 14:31:31],[com.nowcoder.community.service.LikeService.findEntityLikeCount].
2023-04-18 14:31:31,139 INFO [http-nio-8080-exec-2] c.n.c.a.ServiceLogAspect [ServiceLogAspect.java:41] [0:0:0:0:0:0:0:1],[2023-04-18 14:31:31],[com.nowcoder.community.service.UserService.findUserById].
2023-04-18 14:31:31,144 INFO [http-nio-8080-exec-2] c.n.c.a.ServiceLogAspect [ServiceLogAspect.java:41] [0:0:0:0:0:0:0:1],[2023-04-18 14:31:31],[com.nowcoder.community.service.LikeService.findEntityLikeCount].
2023-04-18 14:31:43,005 INFO [http-nio-8080-exec-1] c.n.c.a.ServiceLogAspect [ServiceLogAspect.java:41] [0:0:0:0:0:0:0:1],[2023-04-18 14:31:43],[com.nowcoder.community.service.UserService.findLoginTicket].
2023-04-18 14:31:43,015 INFO [http-nio-8080-exec-1] c.n.c.a.ServiceLogAspect [ServiceLogAspect.java:41] [0:0:0:0:0:0:0:1],[2023-04-18 14:31:43],[com.nowcoder.community.service.UserService.findUserById].
2023-04-18 14:31:43,023 INFO [http-nio-8080-exec-1] c.n.c.a.ServiceLogAspect [ServiceLogAspect.java:41] [0:0:0:0:0:0:0:1],[2023-04-18 14:31:43],[com.nowcoder.community.service.MessageService.findConversationCount].
2023-04-18 14:31:43,049 INFO [http-nio-8080-exec-1] c.n.c.a.ServiceLogAspect [ServiceLogAspect.java:41] [0:0:0:0:0:0:0:1],[2023-04-18 14:31:43],[com.nowcoder.community.service.MessageService.findConversations].
2023-04-18 14:31:43,079 INFO [http-nio-8080-exec-1] c.n.c.a.ServiceLogAspect [ServiceLogAspect.java:41] [0:0:0:0:0:0:0:1],[2023-04-18 14:31:43],[com.nowcoder.community.service.MessageService.findLetterCount].
2023-04-18 14:31:43,093 INFO [http-nio-8080-exec-1] c.n.c.a.ServiceLogAspect [ServiceLogAspect.java:41] [0:0:0:0:0:0:0:1],[2023-04-18 14:31:43],[com.nowcoder.community.service.MessageService.findLetterUnreadCount].
2023-04-18 14:31:43,131 INFO [http-nio-8080-exec-1] c.n.c.a.ServiceLogAspect [ServiceLogAspect.java:41] [0:0:0:0:0:0:0:1],[2023-04-18 14:31:43],[com.nowcoder.community.service.UserService.findUserById].
2023-04-18 14:31:43,150 INFO [http-nio-8080-exec-1] c.n.c.a.ServiceLogAspect [ServiceLogAspect.java:41] [0:0:0:0:0:0:0:1],[2023-04-18 14:31:43],[com.nowcoder.community.service.MessageService.findLetterCount].
2023-04-18 14:31:43,161 INFO [http-nio-8080-exec-1] c.n.c.a.ServiceLogAspect [ServiceLogAspect.java:41] [0:0:0:0:0:0:0:1],[2023-04-18 14:31:43],[com.nowcoder.community.service.MessageService.findLetterUnreadCount].
2023-04-18 14:31:43,174 INFO [http-nio-8080-exec-1] c.n.c.a.ServiceLogAspect [ServiceLogAspect.java:41] [0:0:0:0:0:0:0:1],[2023-04-18 14:31:43],[com.nowcoder.community.service.UserService.findUserById].
2023-04-18 14:31:43,193 INFO [http-nio-8080-exec-1] c.n.c.a.ServiceLogAspect [ServiceLogAspect.java:41] [0:0:0:0:0:0:0:1],[2023-04-18 14:31:43],[com.nowcoder.community.service.MessageService.findLetterCount].
2023-04-18 14:31:43,203 INFO [http-nio-8080-exec-1] c.n.c.a.ServiceLogAspect [ServiceLogAspect.java:41] [0:0:0:0:0:0:0:1],[2023-04-18 14:31:43],[com.nowcoder.community.service.MessageService.findLetterUnreadCount].
2023-04-18 14:31:43,216 INFO [http-nio-8080-exec-1] c.n.c.a.ServiceLogAspect [ServiceLogAspect.java:41] [0:0:0:0:0:0:0:1],[2023-04-18 14:31:43],[com.nowcoder.community.service.UserService.findUserById].
2023-04-18 14:31:43,220 INFO [http-nio-8080-exec-1] c.n.c.a.ServiceLogAspect [ServiceLogAspect.java:41] [0:0:0:0:0:0:0:1],[2023-04-18 14:31:43],[com.nowcoder.community.service.MessageService.findLetterCount].
2023-04-18 14:31:43,231 INFO [http-nio-8080-exec-1] c.n.c.a.ServiceLogAspect [ServiceLogAspect.java:41] [0:0:0:0:0:0:0:1],[2023-04-18 14:31:43],[com.nowcoder.community.service.MessageService.findLetterUnreadCount].
2023-04-18 14:31:43,242 INFO [http-nio-8080-exec-1] c.n.c.a.ServiceLogAspect [ServiceLogAspect.java:41] [0:0:0:0:0:0:0:1],[2023-04-18 14:31:43],[com.nowcoder.community.service.UserService.findUserById].
2023-04-18 14:31:43,247 INFO [http-nio-8080-exec-1] c.n.c.a.ServiceLogAspect [ServiceLogAspect.java:41] [0:0:0:0:0:0:0:1],[2023-04-18 14:31:43],[com.nowcoder.community.service.MessageService.findLetterCount].
2023-04-18 14:31:43,258 INFO [http-nio-8080-exec-1] c.n.c.a.ServiceLogAspect [ServiceLogAspect.java:41] [0:0:0:0:0:0:0:1],[2023-04-18 14:31:43],[com.nowcoder.community.service.MessageService.findLetterUnreadCount].
2023-04-18 14:31:43,269 INFO [http-nio-8080-exec-1] c.n.c.a.ServiceLogAspect [ServiceLogAspect.java:41] [0:0:0:0:0:0:0:1],[2023-04-18 14:31:43],[com.nowcoder.community.service.UserService.findUserById].
2023-04-18 14:31:43,274 INFO [http-nio-8080-exec-1] c.n.c.a.ServiceLogAspect [ServiceLogAspect.java:41] [0:0:0:0:0:0:0:1],[2023-04-18 14:31:43],[com.nowcoder.community.service.MessageService.findLetterUnreadCount].
2023-04-18 14:31:43,284 INFO [http-nio-8080-exec-1] c.n.c.a.ServiceLogAspect [ServiceLogAspect.java:41] [0:0:0:0:0:0:0:1],[2023-04-18 14:31:43],[com.nowcoder.community.service.MessageService.findNoticeUnreadCount].
2023-04-18 14:31:49,971 INFO [http-nio-8080-exec-8] c.n.c.a.ServiceLogAspect [ServiceLogAspect.java:41] [0:0:0:0:0:0:0:1],[2023-04-18 14:31:49],[com.nowcoder.community.service.UserService.findLoginTicket].
2023-04-18 14:31:49,977 INFO [http-nio-8080-exec-8] c.n.c.a.ServiceLogAspect [ServiceLogAspect.java:41] [0:0:0:0:0:0:0:1],[2023-04-18 14:31:49],[com.nowcoder.community.service.UserService.findUserById].
2023-04-18 14:31:49,983 INFO [http-nio-8080-exec-8] c.n.c.a.ServiceLogAspect [ServiceLogAspect.java:41] [0:0:0:0:0:0:0:1],[2023-04-18 14:31:49],[com.nowcoder.community.service.MessageService.findLatestNotice].
2023-04-18 14:31:50,618 INFO [http-nio-8080-exec-8] c.n.c.a.ServiceLogAspect [ServiceLogAspect.java:41] [0:0:0:0:0:0:0:1],[2023-04-18 14:31:50],[com.nowcoder.community.service.UserService.findUserById].
2023-04-18 14:31:50,622 INFO [http-nio-8080-exec-8] c.n.c.a.ServiceLogAspect [ServiceLogAspect.java:41] [0:0:0:0:0:0:0:1],[2023-04-18 14:31:50],[com.nowcoder.community.service.MessageService.findNoticeCount].
2023-04-18 14:31:50,635 INFO [http-nio-8080-exec-8] c.n.c.a.ServiceLogAspect [ServiceLogAspect.java:41] [0:0:0:0:0:0:0:1],[2023-04-18 14:31:50],[com.nowcoder.community.service.MessageService.findNoticeUnreadCount].
2023-04-18 14:31:50,646 INFO [http-nio-8080-exec-8] c.n.c.a.ServiceLogAspect [ServiceLogAspect.java:41] [0:0:0:0:0:0:0:1],[2023-04-18 14:31:50],[com.nowcoder.community.service.MessageService.findLatestNotice].
2023-04-18 14:31:50,662 INFO [http-nio-8080-exec-8] c.n.c.a.ServiceLogAspect [ServiceLogAspect.java:41] [0:0:0:0:0:0:0:1],[2023-04-18 14:31:50],[com.nowcoder.community.service.UserService.findUserById].
2023-04-18 14:31:50,667 INFO [http-nio-8080-exec-8] c.n.c.a.ServiceLogAspect [ServiceLogAspect.java:41] [0:0:0:0:0:0:0:1],[2023-04-18 14:31:50],[com.nowcoder.community.service.MessageService.findNoticeCount].
2023-04-18 14:31:50,680 INFO [http-nio-8080-exec-8] c.n.c.a.ServiceLogAspect [ServiceLogAspect.java:41] [0:0:0:0:0:0:0:1],[2023-04-18 14:31:50],[com.nowcoder.community.service.MessageService.findNoticeUnreadCount].
2023-04-18 14:31:50,692 INFO [http-nio-8080-exec-8] c.n.c.a.ServiceLogAspect [ServiceLogAspect.java:41] [0:0:0:0:0:0:0:1],[2023-04-18 14:31:50],[com.nowcoder.community.service.MessageService.findLatestNotice].
2023-04-18 14:31:50,710 INFO [http-nio-8080-exec-8] c.n.c.a.ServiceLogAspect [ServiceLogAspect.java:41] [0:0:0:0:0:0:0:1],[2023-04-18 14:31:50],[com.nowcoder.community.service.UserService.findUserById].
2023-04-18 14:31:50,714 INFO [http-nio-8080-exec-8] c.n.c.a.ServiceLogAspect [ServiceLogAspect.java:41] [0:0:0:0:0:0:0:1],[2023-04-18 14:31:50],[com.nowcoder.community.service.MessageService.findNoticeCount].
2023-04-18 14:31:50,725 INFO [http-nio-8080-exec-8] c.n.c.a.ServiceLogAspect [ServiceLogAspect.java:41] [0:0:0:0:0:0:0:1],[2023-04-18 14:31:50],[com.nowcoder.community.service.MessageService.findNoticeUnreadCount].
2023-04-18 14:31:50,737 INFO [http-nio-8080-exec-8] c.n.c.a.ServiceLogAspect [ServiceLogAspect.java:41] [0:0:0:0:0:0:0:1],[2023-04-18 14:31:50],[com.nowcoder.community.service.MessageService.findLetterUnreadCount].
2023-04-18 14:31:50,747 INFO [http-nio-8080-exec-8] c.n.c.a.ServiceLogAspect [ServiceLogAspect.java:41] [0:0:0:0:0:0:0:1],[2023-04-18 14:31:50],[com.nowcoder.community.service.MessageService.findNoticeUnreadCount].
2023-04-18 14:39:41,930 INFO [org.springframework.kafka.KafkaListenerEndpointContainer#0-0-C-1] o.a.k.c.NetworkClient [NetworkClient.java:937] [Consumer clientId=consumer-community-consumer-group-1, groupId=community-consumer-group] Node -1 disconnected.
2023-04-18 21:20:50,348 INFO [org.springframework.kafka.KafkaListenerEndpointContainer#0-0-C-1] o.a.k.c.NetworkClient [NetworkClient.java:797] [Consumer clientId=consumer-community-consumer-group-1, groupId=community-consumer-group] Disconnecting from node 0 due to request timeout.
2023-04-18 21:20:50,691 INFO [org.springframework.kafka.KafkaListenerEndpointContainer#0-0-C-1] o.a.k.c.NetworkClient [NetworkClient.java:341] [Consumer clientId=consumer-community-consumer-group-1, groupId=community-consumer-group] Cancelled in-flight FETCH request with correlation id 14681 due to node 0 being disconnected (elapsed time since creation: 19043462ms, elapsed time since send: 19043461ms, request timeout: 30000ms)
2023-04-18 21:20:50,714 INFO [kafka-coordinator-heartbeat-thread | community-consumer-group] o.a.k.c.c.i.ConsumerCoordinator [AbstractCoordinator.java:960] [Consumer clientId=consumer-community-consumer-group-1, groupId=community-consumer-group] Group coordinator localhost:9092 (id: 2147483647 rack: null) is unavailable or invalid due to cause: session timed out without receiving a heartbeat response. isDisconnected: false. Rediscovery will be attempted.
2023-04-18 21:20:50,766 INFO [kafka-coordinator-heartbeat-thread | community-consumer-group] o.a.k.c.c.i.ConsumerCoordinator [AbstractCoordinator.java:973] [Consumer clientId=consumer-community-consumer-group-1, groupId=community-consumer-group] Requesting disconnect from last known coordinator localhost:9092 (id: 2147483647 rack: null)
2023-04-18 21:20:50,782 INFO [kafka-coordinator-heartbeat-thread | community-consumer-group] o.a.k.c.NetworkClient [NetworkClient.java:324] [Consumer clientId=consumer-community-consumer-group-1, groupId=community-consumer-group] Client requested disconnect from node 2147483647
2023-04-18 21:20:50,708 INFO [org.springframework.kafka.KafkaListenerEndpointContainer#0-0-C-1] o.a.k.c.FetchSessionHandler [FetchSessionHandler.java:602] [Consumer clientId=consumer-community-consumer-group-1, groupId=community-consumer-group] Error sending fetch request (sessionId=272257062, epoch=10948) to node 0:
org.apache.kafka.common.errors.DisconnectException: null
2023-04-18 21:20:50,824 INFO [org.springframework.kafka.KafkaListenerEndpointContainer#0-0-C-1] o.a.k.c.c.i.ConsumerCoordinator [AbstractCoordinator.java:897] [Consumer clientId=consumer-community-consumer-group-1, groupId=community-consumer-group] Discovered group coordinator localhost:9092 (id: 2147483647 rack: null)
2023-04-18 21:20:50,826 INFO [org.springframework.kafka.KafkaListenerEndpointContainer#0-0-C-1] o.a.k.c.c.i.ConsumerCoordinator [AbstractCoordinator.java:960] [Consumer clientId=consumer-community-consumer-group-1, groupId=community-consumer-group] Group coordinator localhost:9092 (id: 2147483647 rack: null) is unavailable or invalid due to cause: coordinator unavailable. isDisconnected: false. Rediscovery will be attempted.
2023-04-18 21:20:50,829 INFO [org.springframework.kafka.KafkaListenerEndpointContainer#0-0-C-1] o.a.k.c.c.i.ConsumerCoordinator [AbstractCoordinator.java:973] [Consumer clientId=consumer-community-consumer-group-1, groupId=community-consumer-group] Requesting disconnect from last known coordinator localhost:9092 (id: 2147483647 rack: null)
2023-04-18 21:20:50,998 INFO [org.springframework.kafka.KafkaListenerEndpointContainer#0-0-C-1] o.a.k.c.c.i.ConsumerCoordinator [AbstractCoordinator.java:897] [Consumer clientId=consumer-community-consumer-group-1, groupId=community-consumer-group] Discovered group coordinator localhost:9092 (id: 2147483647 rack: null)
2023-04-18 20:04:34,255 INFO [org.springframework.kafka.KafkaListenerEndpointContainer#0-0-C-1] o.a.k.c.NetworkClient [NetworkClient.java:937] [Consumer clientId=consumer-community-consumer-group-1, groupId=community-consumer-group] Node 2147483647 disconnected.
2023-04-18 20:04:34,262 INFO [kafka-coordinator-heartbeat-thread | community-consumer-group] o.a.k.c.c.i.ConsumerCoordinator [AbstractCoordinator.java:960] [Consumer clientId=consumer-community-consumer-group-1, groupId=community-consumer-group] Group coordinator localhost:9092 (id: 2147483647 rack: null) is unavailable or invalid due to cause: coordinator unavailable. isDisconnected: true. Rediscovery will be attempted.
2023-04-18 20:04:34,275 INFO [org.springframework.kafka.KafkaListenerEndpointContainer#0-0-C-1] o.a.k.c.c.i.ConsumerCoordinator [AbstractCoordinator.java:897] [Consumer clientId=consumer-community-consumer-group-1, groupId=community-consumer-group] Discovered group coordinator localhost:9092 (id: 2147483647 rack: null)
2023-04-18 20:04:34,277 INFO [org.springframework.kafka.KafkaListenerEndpointContainer#0-0-C-1] o.a.k.c.c.i.ConsumerCoordinator [AbstractCoordinator.java:960] [Consumer clientId=consumer-community-consumer-group-1, groupId=community-consumer-group] Group coordinator localhost:9092 (id: 2147483647 rack: null) is unavailable or invalid due to cause: coordinator unavailable. isDisconnected: false. Rediscovery will be attempted.
2023-04-18 20:04:34,279 INFO [org.springframework.kafka.KafkaListenerEndpointContainer#0-0-C-1] o.a.k.c.c.i.ConsumerCoordinator [AbstractCoordinator.java:973] [Consumer clientId=consumer-community-consumer-group-1, groupId=community-consumer-group] Requesting disconnect from last known coordinator localhost:9092 (id: 2147483647 rack: null)
2023-04-18 20:04:34,396 INFO [org.springframework.kafka.KafkaListenerEndpointContainer#0-0-C-1] o.a.k.c.c.i.ConsumerCoordinator [AbstractCoordinator.java:897] [Consumer clientId=consumer-community-consumer-group-1, groupId=community-consumer-group] Discovered group coordinator localhost:9092 (id: 2147483647 rack: null)
2023-04-18 20:08:01,947 INFO [org.springframework.kafka.KafkaListenerEndpointContainer#0-0-C-1] o.a.k.c.c.i.ConsumerCoordinator [ConsumerCoordinator.java:331] [Consumer clientId=consumer-community-consumer-group-1, groupId=community-consumer-group] Revoke previously assigned partitions comment-0, follow-0, like-0
2023-04-18 20:08:01,953 INFO [org.springframework.kafka.KafkaListenerEndpointContainer#0-0-C-1] o.s.k.l.KafkaMessageListenerContainer [LogAccessor.java:292] community-consumer-group: partitions revoked: [comment-0, follow-0, like-0]
2023-04-18 20:08:01,955 INFO [org.springframework.kafka.KafkaListenerEndpointContainer#0-0-C-1] o.a.k.c.c.i.ConsumerCoordinator [AbstractCoordinator.java:1124] [Consumer clientId=consumer-community-consumer-group-1, groupId=community-consumer-group] Member consumer-community-consumer-group-1-5b792493-9ea2-4475-8081-75ec5ecf0f1e sending LeaveGroup request to coordinator localhost:9092 (id: 2147483647 rack: null) due to the consumer unsubscribed from all topics
2023-04-18 20:08:01,957 INFO [org.springframework.kafka.KafkaListenerEndpointContainer#0-0-C-1] o.a.k.c.c.i.ConsumerCoordinator [AbstractCoordinator.java:1016] [Consumer clientId=consumer-community-consumer-group-1, groupId=community-consumer-group] Resetting generation and member id due to: consumer pro-actively leaving the group
2023-04-18 20:08:01,958 INFO [org.springframework.kafka.KafkaListenerEndpointContainer#0-0-C-1] o.a.k.c.c.i.ConsumerCoordinator [AbstractCoordinator.java:1063] [Consumer clientId=consumer-community-consumer-group-1, groupId=community-consumer-group] Request joining group due to: consumer pro-actively leaving the group
2023-04-18 20:08:01,958 INFO [org.springframework.kafka.KafkaListenerEndpointContainer#0-0-C-1] o.a.k.c.c.KafkaConsumer [KafkaConsumer.java:1082] [Consumer clientId=consumer-community-consumer-group-1, groupId=community-consumer-group] Unsubscribed all topics or patterns and assigned partitions
2023-04-18 20:08:01,960 INFO [org.springframework.kafka.KafkaListenerEndpointContainer#0-0-C-1] o.a.k.c.c.i.ConsumerCoordinator [AbstractCoordinator.java:1016] [Consumer clientId=consumer-community-consumer-group-1, groupId=community-consumer-group] Resetting generation and member id due to: consumer pro-actively leaving the group
2023-04-18 20:08:01,960 INFO [org.springframework.kafka.KafkaListenerEndpointContainer#0-0-C-1] o.a.k.c.c.i.ConsumerCoordinator [AbstractCoordinator.java:1063] [Consumer clientId=consumer-community-consumer-group-1, groupId=community-consumer-group] Request joining group due to: consumer pro-actively leaving the group
2023-04-18 20:08:01,974 INFO [org.springframework.kafka.KafkaListenerEndpointContainer#0-0-C-1] o.a.k.c.m.Metrics [Metrics.java:693] Metrics scheduler closed
2023-04-18 20:08:01,974 INFO [org.springframework.kafka.KafkaListenerEndpointContainer#0-0-C-1] o.a.k.c.m.Metrics [Metrics.java:697] Closing reporter org.apache.kafka.common.metrics.JmxReporter
2023-04-18 20:08:01,975 INFO [org.springframework.kafka.KafkaListenerEndpointContainer#0-0-C-1] o.a.k.c.m.Metrics [Metrics.java:703] Metrics reporters closed
2023-04-18 20:08:01,986 INFO [org.springframework.kafka.KafkaListenerEndpointContainer#0-0-C-1] o.a.k.c.u.AppInfoParser [AppInfoParser.java:83] App info kafka.consumer for consumer-community-consumer-group-1 unregistered
2023-04-18 20:08:01,987 INFO [org.springframework.kafka.KafkaListenerEndpointContainer#0-0-C-1] o.s.k.l.KafkaMessageListenerContainer [LogAccessor.java:292] community-consumer-group: Consumer stopped
2023-04-18 20:08:02,178 INFO [SpringApplicationShutdownHook] c.z.h.HikariDataSource [HikariDataSource.java:350] HikariPool-1 - Shutdown initiated...
2023-04-18 20:08:02,185 INFO [SpringApplicationShutdownHook] c.z.h.HikariDataSource [HikariDataSource.java:352] HikariPool-1 - Shutdown completed.
