2023-03-13 15:16:02,707 INFO [main] c.n.c.CommunityApplicationTests [StartupInfoLogger.java:51] Starting CommunityApplicationTests using Java 17.0.4 with PID 50036 (started by zhikaixu in /Users/zhikaixu/Desktop/nowcoder/community)
2023-03-13 15:16:02,712 INFO [main] c.n.c.CommunityApplicationTests [SpringApplication.java:630] No active profile set, falling back to 1 default profile: "default"
2023-03-13 15:16:04,350 INFO [main] o.s.b.a.w.s.WelcomePageHandlerMapping [WelcomePageHandlerMapping.java:56] Adding welcome page template: index
2023-03-13 15:16:04,534 INFO [main] c.n.c.CommunityApplicationTests [StartupInfoLogger.java:57] Started CommunityApplicationTests in 2.327 seconds (process running for 3.326)
2023-03-13 15:16:08,465 INFO [restartedMain] c.n.c.CommunityApplication [StartupInfoLogger.java:51] Starting CommunityApplication using Java 17.0.4 with PID 50050 (/Users/zhikaixu/Desktop/nowcoder/community/target/classes started by zhikaixu in /Users/zhikaixu/Desktop/nowcoder/community)
2023-03-13 15:16:08,470 INFO [restartedMain] c.n.c.CommunityApplication [SpringApplication.java:630] No active profile set, falling back to 1 default profile: "default"
2023-03-13 15:16:08,642 INFO [restartedMain] o.s.b.d.e.DevToolsPropertyDefaultsPostProcessor [DeferredLog.java:250] Devtools property defaults active! Set 'spring.devtools.add-properties' to 'false' to disable
2023-03-13 15:16:08,643 INFO [restartedMain] o.s.b.d.e.DevToolsPropertyDefaultsPostProcessor [DeferredLog.java:250] For additional web related logging consider setting the 'logging.level.web' property to 'DEBUG'
2023-03-13 15:16:10,447 INFO [restartedMain] o.s.b.w.e.t.TomcatWebServer [TomcatWebServer.java:108] Tomcat initialized with port(s): 8080 (http)
2023-03-13 15:16:10,456 INFO [restartedMain] o.a.c.h.Http11NioProtocol [DirectJDKLog.java:173] Initializing ProtocolHandler ["http-nio-8080"]
2023-03-13 15:16:10,458 INFO [restartedMain] o.a.c.c.StandardService [DirectJDKLog.java:173] Starting service [Tomcat]
2023-03-13 15:16:10,459 INFO [restartedMain] o.a.c.c.StandardEngine [DirectJDKLog.java:173] Starting Servlet engine: [Apache Tomcat/10.1.5]
2023-03-13 15:16:10,505 INFO [restartedMain] o.a.c.c.C.[.[.[/community] [DirectJDKLog.java:173] Initializing Spring embedded WebApplicationContext
2023-03-13 15:16:10,506 INFO [restartedMain] o.s.b.w.s.c.ServletWebServerApplicationContext [ServletWebServerApplicationContext.java:291] Root WebApplicationContext: initialization completed in 1860 ms
2023-03-13 15:16:11,101 INFO [restartedMain] o.s.b.a.w.s.WelcomePageHandlerMapping [WelcomePageHandlerMapping.java:56] Adding welcome page template: index
2023-03-13 15:16:11,278 INFO [restartedMain] o.s.b.d.a.OptionalLiveReloadServer [OptionalLiveReloadServer.java:59] LiveReload server is running on port 35729
2023-03-13 15:16:11,295 INFO [restartedMain] o.a.c.h.Http11NioProtocol [DirectJDKLog.java:173] Starting ProtocolHandler ["http-nio-8080"]
2023-03-13 15:16:11,325 INFO [restartedMain] o.s.b.w.e.t.TomcatWebServer [TomcatWebServer.java:220] Tomcat started on port(s): 8080 (http) with context path '/community'
2023-03-13 15:16:11,339 INFO [restartedMain] c.n.c.CommunityApplication [StartupInfoLogger.java:57] Started CommunityApplication in 3.99 seconds (process running for 4.827)
2023-03-13 15:16:17,511 INFO [http-nio-8080-exec-1] o.a.c.c.C.[.[.[/community] [DirectJDKLog.java:173] Initializing Spring DispatcherServlet 'dispatcherServlet'
2023-03-13 15:16:17,511 INFO [http-nio-8080-exec-1] o.s.w.s.DispatcherServlet [FrameworkServlet.java:532] Initializing Servlet 'dispatcherServlet'
2023-03-13 15:16:17,513 INFO [http-nio-8080-exec-1] o.s.w.s.DispatcherServlet [FrameworkServlet.java:554] Completed initialization in 1 ms
2023-03-13 19:42:14,018 INFO [main] c.n.c.CommunityApplicationTests [StartupInfoLogger.java:51] Starting CommunityApplicationTests using Java 17.0.4 with PID 53732 (started by zhikaixu in /Users/zhikaixu/Desktop/nowcoder/community)
2023-03-13 19:42:14,021 INFO [main] c.n.c.CommunityApplicationTests [SpringApplication.java:630] No active profile set, falling back to 1 default profile: "default"
2023-03-13 19:42:15,819 INFO [main] o.s.b.a.w.s.WelcomePageHandlerMapping [WelcomePageHandlerMapping.java:56] Adding welcome page template: index
2023-03-13 19:42:16,126 INFO [main] c.n.c.CommunityApplicationTests [StartupInfoLogger.java:57] Started CommunityApplicationTests in 2.666 seconds (process running for 3.631)
2023-03-13 19:42:19,957 INFO [restartedMain] c.n.c.CommunityApplication [StartupInfoLogger.java:51] Starting CommunityApplication using Java 17.0.4 with PID 53748 (/Users/zhikaixu/Desktop/nowcoder/community/target/classes started by zhikaixu in /Users/zhikaixu/Desktop/nowcoder/community)
2023-03-13 19:42:19,960 INFO [restartedMain] c.n.c.CommunityApplication [SpringApplication.java:630] No active profile set, falling back to 1 default profile: "default"
2023-03-13 19:42:20,005 INFO [restartedMain] o.s.b.d.e.DevToolsPropertyDefaultsPostProcessor [DeferredLog.java:250] Devtools property defaults active! Set 'spring.devtools.add-properties' to 'false' to disable
2023-03-13 19:42:20,006 INFO [restartedMain] o.s.b.d.e.DevToolsPropertyDefaultsPostProcessor [DeferredLog.java:250] For additional web related logging consider setting the 'logging.level.web' property to 'DEBUG'
2023-03-13 19:42:20,970 INFO [restartedMain] o.s.b.w.e.t.TomcatWebServer [TomcatWebServer.java:108] Tomcat initialized with port(s): 8080 (http)
2023-03-13 19:42:20,980 INFO [restartedMain] o.a.c.h.Http11NioProtocol [DirectJDKLog.java:173] Initializing ProtocolHandler ["http-nio-8080"]
2023-03-13 19:42:20,982 INFO [restartedMain] o.a.c.c.StandardService [DirectJDKLog.java:173] Starting service [Tomcat]
2023-03-13 19:42:20,982 INFO [restartedMain] o.a.c.c.StandardEngine [DirectJDKLog.java:173] Starting Servlet engine: [Apache Tomcat/10.1.5]
2023-03-13 19:42:21,023 INFO [restartedMain] o.a.c.c.C.[.[.[/community] [DirectJDKLog.java:173] Initializing Spring embedded WebApplicationContext
2023-03-13 19:42:21,024 INFO [restartedMain] o.s.b.w.s.c.ServletWebServerApplicationContext [ServletWebServerApplicationContext.java:291] Root WebApplicationContext: initialization completed in 1016 ms
2023-03-13 19:42:21,458 INFO [restartedMain] o.s.b.a.w.s.WelcomePageHandlerMapping [WelcomePageHandlerMapping.java:56] Adding welcome page template: index
2023-03-13 19:42:21,598 INFO [restartedMain] o.s.b.d.a.OptionalLiveReloadServer [OptionalLiveReloadServer.java:59] LiveReload server is running on port 35729
2023-03-13 19:42:21,614 INFO [restartedMain] o.a.c.h.Http11NioProtocol [DirectJDKLog.java:173] Starting ProtocolHandler ["http-nio-8080"]
2023-03-13 19:42:21,629 INFO [restartedMain] o.s.b.w.e.t.TomcatWebServer [TomcatWebServer.java:220] Tomcat started on port(s): 8080 (http) with context path '/community'
2023-03-13 19:42:21,638 INFO [restartedMain] c.n.c.CommunityApplication [StartupInfoLogger.java:57] Started CommunityApplication in 2.336 seconds (process running for 3.083)
2023-03-13 19:44:02,338 INFO [main] c.n.c.CommunityApplicationTests [StartupInfoLogger.java:51] Starting CommunityApplicationTests using Java 17.0.4 with PID 53803 (started by zhikaixu in /Users/zhikaixu/Desktop/nowcoder/community)
2023-03-13 19:44:02,342 INFO [main] c.n.c.CommunityApplicationTests [SpringApplication.java:630] No active profile set, falling back to 1 default profile: "default"
2023-03-13 19:44:04,069 INFO [main] o.s.b.a.w.s.WelcomePageHandlerMapping [WelcomePageHandlerMapping.java:56] Adding welcome page template: index
2023-03-13 19:44:04,280 INFO [main] c.n.c.CommunityApplicationTests [StartupInfoLogger.java:57] Started CommunityApplicationTests in 2.458 seconds (process running for 3.515)
2023-03-13 19:44:07,351 INFO [restartedMain] c.n.c.CommunityApplication [StartupInfoLogger.java:51] Starting CommunityApplication using Java 17.0.4 with PID 53817 (/Users/zhikaixu/Desktop/nowcoder/community/target/classes started by zhikaixu in /Users/zhikaixu/Desktop/nowcoder/community)
2023-03-13 19:44:07,355 INFO [restartedMain] c.n.c.CommunityApplication [SpringApplication.java:630] No active profile set, falling back to 1 default profile: "default"
2023-03-13 19:44:07,413 INFO [restartedMain] o.s.b.d.e.DevToolsPropertyDefaultsPostProcessor [DeferredLog.java:250] Devtools property defaults active! Set 'spring.devtools.add-properties' to 'false' to disable
2023-03-13 19:44:07,414 INFO [restartedMain] o.s.b.d.e.DevToolsPropertyDefaultsPostProcessor [DeferredLog.java:250] For additional web related logging consider setting the 'logging.level.web' property to 'DEBUG'
2023-03-13 19:44:08,373 INFO [restartedMain] o.s.b.w.e.t.TomcatWebServer [TomcatWebServer.java:108] Tomcat initialized with port(s): 8080 (http)
2023-03-13 19:44:08,380 INFO [restartedMain] o.a.c.h.Http11NioProtocol [DirectJDKLog.java:173] Initializing ProtocolHandler ["http-nio-8080"]
2023-03-13 19:44:08,381 INFO [restartedMain] o.a.c.c.StandardService [DirectJDKLog.java:173] Starting service [Tomcat]
2023-03-13 19:44:08,382 INFO [restartedMain] o.a.c.c.StandardEngine [DirectJDKLog.java:173] Starting Servlet engine: [Apache Tomcat/10.1.5]
2023-03-13 19:44:08,423 INFO [restartedMain] o.a.c.c.C.[.[.[/community] [DirectJDKLog.java:173] Initializing Spring embedded WebApplicationContext
2023-03-13 19:44:08,423 INFO [restartedMain] o.s.b.w.s.c.ServletWebServerApplicationContext [ServletWebServerApplicationContext.java:291] Root WebApplicationContext: initialization completed in 1008 ms
2023-03-13 19:44:08,850 INFO [restartedMain] o.s.b.a.w.s.WelcomePageHandlerMapping [WelcomePageHandlerMapping.java:56] Adding welcome page template: index
2023-03-13 19:44:08,989 INFO [restartedMain] o.s.b.d.a.OptionalLiveReloadServer [OptionalLiveReloadServer.java:59] LiveReload server is running on port 35729
2023-03-13 19:44:09,005 INFO [restartedMain] o.a.c.h.Http11NioProtocol [DirectJDKLog.java:173] Starting ProtocolHandler ["http-nio-8080"]
2023-03-13 19:44:09,019 INFO [restartedMain] o.s.b.w.e.t.TomcatWebServer [TomcatWebServer.java:220] Tomcat started on port(s): 8080 (http) with context path '/community'
2023-03-13 19:44:09,029 INFO [restartedMain] c.n.c.CommunityApplication [StartupInfoLogger.java:57] Started CommunityApplication in 2.356 seconds (process running for 2.87)
2023-03-13 19:45:08,977 INFO [main] c.n.c.CommunityApplicationTests [StartupInfoLogger.java:51] Starting CommunityApplicationTests using Java 17.0.4 with PID 53872 (started by zhikaixu in /Users/zhikaixu/Desktop/nowcoder/community)
2023-03-13 19:45:08,981 INFO [main] c.n.c.CommunityApplicationTests [SpringApplication.java:630] No active profile set, falling back to 1 default profile: "default"
2023-03-13 19:45:10,705 INFO [main] o.s.b.a.w.s.WelcomePageHandlerMapping [WelcomePageHandlerMapping.java:56] Adding welcome page template: index
2023-03-13 19:45:10,918 INFO [main] c.n.c.CommunityApplicationTests [StartupInfoLogger.java:57] Started CommunityApplicationTests in 2.366 seconds (process running for 3.224)
2023-03-13 19:45:14,545 INFO [restartedMain] c.n.c.CommunityApplication [StartupInfoLogger.java:51] Starting CommunityApplication using Java 17.0.4 with PID 53885 (/Users/zhikaixu/Desktop/nowcoder/community/target/classes started by zhikaixu in /Users/zhikaixu/Desktop/nowcoder/community)
2023-03-13 19:45:14,549 INFO [restartedMain] c.n.c.CommunityApplication [SpringApplication.java:630] No active profile set, falling back to 1 default profile: "default"
2023-03-13 19:45:14,588 INFO [restartedMain] o.s.b.d.e.DevToolsPropertyDefaultsPostProcessor [DeferredLog.java:250] Devtools property defaults active! Set 'spring.devtools.add-properties' to 'false' to disable
2023-03-13 19:45:14,589 INFO [restartedMain] o.s.b.d.e.DevToolsPropertyDefaultsPostProcessor [DeferredLog.java:250] For additional web related logging consider setting the 'logging.level.web' property to 'DEBUG'
2023-03-13 19:45:15,617 INFO [restartedMain] o.s.b.w.e.t.TomcatWebServer [TomcatWebServer.java:108] Tomcat initialized with port(s): 8080 (http)
2023-03-13 19:45:15,624 INFO [restartedMain] o.a.c.h.Http11NioProtocol [DirectJDKLog.java:173] Initializing ProtocolHandler ["http-nio-8080"]
2023-03-13 19:45:15,625 INFO [restartedMain] o.a.c.c.StandardService [DirectJDKLog.java:173] Starting service [Tomcat]
2023-03-13 19:45:15,625 INFO [restartedMain] o.a.c.c.StandardEngine [DirectJDKLog.java:173] Starting Servlet engine: [Apache Tomcat/10.1.5]
2023-03-13 19:45:15,668 INFO [restartedMain] o.a.c.c.C.[.[.[/community] [DirectJDKLog.java:173] Initializing Spring embedded WebApplicationContext
2023-03-13 19:45:15,668 INFO [restartedMain] o.s.b.w.s.c.ServletWebServerApplicationContext [ServletWebServerApplicationContext.java:291] Root WebApplicationContext: initialization completed in 1079 ms
2023-03-13 19:45:16,132 INFO [restartedMain] o.s.b.a.w.s.WelcomePageHandlerMapping [WelcomePageHandlerMapping.java:56] Adding welcome page template: index
2023-03-13 19:45:16,281 INFO [restartedMain] o.s.b.d.a.OptionalLiveReloadServer [OptionalLiveReloadServer.java:59] LiveReload server is running on port 35729
2023-03-13 19:45:16,299 INFO [restartedMain] o.a.c.h.Http11NioProtocol [DirectJDKLog.java:173] Starting ProtocolHandler ["http-nio-8080"]
2023-03-13 19:45:16,315 INFO [restartedMain] o.s.b.w.e.t.TomcatWebServer [TomcatWebServer.java:220] Tomcat started on port(s): 8080 (http) with context path '/community'
2023-03-13 19:45:16,325 INFO [restartedMain] c.n.c.CommunityApplication [StartupInfoLogger.java:57] Started CommunityApplication in 2.634 seconds (process running for 3.793)
2023-03-13 19:45:23,717 INFO [http-nio-8080-exec-1] o.a.c.c.C.[.[.[/community] [DirectJDKLog.java:173] Initializing Spring DispatcherServlet 'dispatcherServlet'
2023-03-13 19:45:23,717 INFO [http-nio-8080-exec-1] o.s.w.s.DispatcherServlet [FrameworkServlet.java:532] Initializing Servlet 'dispatcherServlet'
2023-03-13 19:45:23,719 INFO [http-nio-8080-exec-1] o.s.w.s.DispatcherServlet [FrameworkServlet.java:554] Completed initialization in 2 ms
2023-03-13 19:48:01,291 INFO [main] c.n.c.CommunityApplicationTests [StartupInfoLogger.java:51] Starting CommunityApplicationTests using Java 17.0.4 with PID 54016 (started by zhikaixu in /Users/zhikaixu/Desktop/nowcoder/community)
2023-03-13 19:48:01,295 INFO [main] c.n.c.CommunityApplicationTests [SpringApplication.java:630] No active profile set, falling back to 1 default profile: "default"
2023-03-13 19:48:03,270 INFO [main] o.s.b.a.w.s.WelcomePageHandlerMapping [WelcomePageHandlerMapping.java:56] Adding welcome page template: index
2023-03-13 19:48:03,516 INFO [main] c.n.c.CommunityApplicationTests [StartupInfoLogger.java:57] Started CommunityApplicationTests in 2.728 seconds (process running for 3.796)
2023-03-13 19:48:07,081 INFO [restartedMain] c.n.c.CommunityApplication [StartupInfoLogger.java:51] Starting CommunityApplication using Java 17.0.4 with PID 54026 (/Users/zhikaixu/Desktop/nowcoder/community/target/classes started by zhikaixu in /Users/zhikaixu/Desktop/nowcoder/community)
2023-03-13 19:48:07,083 INFO [restartedMain] c.n.c.CommunityApplication [SpringApplication.java:630] No active profile set, falling back to 1 default profile: "default"
2023-03-13 19:48:07,130 INFO [restartedMain] o.s.b.d.e.DevToolsPropertyDefaultsPostProcessor [DeferredLog.java:250] Devtools property defaults active! Set 'spring.devtools.add-properties' to 'false' to disable
2023-03-13 19:48:07,130 INFO [restartedMain] o.s.b.d.e.DevToolsPropertyDefaultsPostProcessor [DeferredLog.java:250] For additional web related logging consider setting the 'logging.level.web' property to 'DEBUG'
2023-03-13 19:48:08,203 INFO [restartedMain] o.s.b.w.e.t.TomcatWebServer [TomcatWebServer.java:108] Tomcat initialized with port(s): 8080 (http)
2023-03-13 19:48:08,211 INFO [restartedMain] o.a.c.h.Http11NioProtocol [DirectJDKLog.java:173] Initializing ProtocolHandler ["http-nio-8080"]
2023-03-13 19:48:08,212 INFO [restartedMain] o.a.c.c.StandardService [DirectJDKLog.java:173] Starting service [Tomcat]
2023-03-13 19:48:08,212 INFO [restartedMain] o.a.c.c.StandardEngine [DirectJDKLog.java:173] Starting Servlet engine: [Apache Tomcat/10.1.5]
2023-03-13 19:48:08,260 INFO [restartedMain] o.a.c.c.C.[.[.[/community] [DirectJDKLog.java:173] Initializing Spring embedded WebApplicationContext
2023-03-13 19:48:08,260 INFO [restartedMain] o.s.b.w.s.c.ServletWebServerApplicationContext [ServletWebServerApplicationContext.java:291] Root WebApplicationContext: initialization completed in 1129 ms
2023-03-13 19:48:08,734 INFO [restartedMain] o.s.b.a.w.s.WelcomePageHandlerMapping [WelcomePageHandlerMapping.java:56] Adding welcome page template: index
2023-03-13 19:48:08,898 INFO [restartedMain] o.s.b.d.a.OptionalLiveReloadServer [OptionalLiveReloadServer.java:59] LiveReload server is running on port 35729
2023-03-13 19:48:08,914 INFO [restartedMain] o.a.c.h.Http11NioProtocol [DirectJDKLog.java:173] Starting ProtocolHandler ["http-nio-8080"]
2023-03-13 19:48:08,930 INFO [restartedMain] o.s.b.w.e.t.TomcatWebServer [TomcatWebServer.java:220] Tomcat started on port(s): 8080 (http) with context path '/community'
2023-03-13 19:48:08,942 INFO [restartedMain] c.n.c.CommunityApplication [StartupInfoLogger.java:57] Started CommunityApplication in 2.55 seconds (process running for 3.209)
2023-03-13 19:48:13,822 INFO [http-nio-8080-exec-1] o.a.c.c.C.[.[.[/community] [DirectJDKLog.java:173] Initializing Spring DispatcherServlet 'dispatcherServlet'
2023-03-13 19:48:13,823 INFO [http-nio-8080-exec-1] o.s.w.s.DispatcherServlet [FrameworkServlet.java:532] Initializing Servlet 'dispatcherServlet'
2023-03-13 19:48:13,824 INFO [http-nio-8080-exec-1] o.s.w.s.DispatcherServlet [FrameworkServlet.java:554] Completed initialization in 1 ms
2023-03-13 19:52:02,151 INFO [main] c.n.c.CommunityApplicationTests [StartupInfoLogger.java:51] Starting CommunityApplicationTests using Java 17.0.4 with PID 54171 (started by zhikaixu in /Users/zhikaixu/Desktop/nowcoder/community)
2023-03-13 19:52:02,155 INFO [main] c.n.c.CommunityApplicationTests [SpringApplication.java:630] No active profile set, falling back to 1 default profile: "default"
2023-03-13 19:52:03,878 INFO [main] o.s.b.a.w.s.WelcomePageHandlerMapping [WelcomePageHandlerMapping.java:56] Adding welcome page template: index
2023-03-13 19:52:04,095 INFO [main] c.n.c.CommunityApplicationTests [StartupInfoLogger.java:57] Started CommunityApplicationTests in 2.502 seconds (process running for 3.429)
2023-03-13 19:52:07,632 INFO [restartedMain] c.n.c.CommunityApplication [StartupInfoLogger.java:51] Starting CommunityApplication using Java 17.0.4 with PID 54183 (/Users/zhikaixu/Desktop/nowcoder/community/target/classes started by zhikaixu in /Users/zhikaixu/Desktop/nowcoder/community)
2023-03-13 19:52:07,634 INFO [restartedMain] c.n.c.CommunityApplication [SpringApplication.java:630] No active profile set, falling back to 1 default profile: "default"
2023-03-13 19:52:07,673 INFO [restartedMain] o.s.b.d.e.DevToolsPropertyDefaultsPostProcessor [DeferredLog.java:250] Devtools property defaults active! Set 'spring.devtools.add-properties' to 'false' to disable
2023-03-13 19:52:07,673 INFO [restartedMain] o.s.b.d.e.DevToolsPropertyDefaultsPostProcessor [DeferredLog.java:250] For additional web related logging consider setting the 'logging.level.web' property to 'DEBUG'
2023-03-13 19:52:08,651 INFO [restartedMain] o.s.b.w.e.t.TomcatWebServer [TomcatWebServer.java:108] Tomcat initialized with port(s): 8080 (http)
2023-03-13 19:52:08,659 INFO [restartedMain] o.a.c.h.Http11NioProtocol [DirectJDKLog.java:173] Initializing ProtocolHandler ["http-nio-8080"]
2023-03-13 19:52:08,660 INFO [restartedMain] o.a.c.c.StandardService [DirectJDKLog.java:173] Starting service [Tomcat]
2023-03-13 19:52:08,660 INFO [restartedMain] o.a.c.c.StandardEngine [DirectJDKLog.java:173] Starting Servlet engine: [Apache Tomcat/10.1.5]
2023-03-13 19:52:08,702 INFO [restartedMain] o.a.c.c.C.[.[.[/community] [DirectJDKLog.java:173] Initializing Spring embedded WebApplicationContext
2023-03-13 19:52:08,703 INFO [restartedMain] o.s.b.w.s.c.ServletWebServerApplicationContext [ServletWebServerApplicationContext.java:291] Root WebApplicationContext: initialization completed in 1029 ms
2023-03-13 19:52:09,152 INFO [restartedMain] o.s.b.a.w.s.WelcomePageHandlerMapping [WelcomePageHandlerMapping.java:56] Adding welcome page template: index
2023-03-13 19:52:09,299 INFO [restartedMain] o.s.b.d.a.OptionalLiveReloadServer [OptionalLiveReloadServer.java:59] LiveReload server is running on port 35729
2023-03-13 19:52:09,316 INFO [restartedMain] o.a.c.h.Http11NioProtocol [DirectJDKLog.java:173] Starting ProtocolHandler ["http-nio-8080"]
2023-03-13 19:52:09,331 INFO [restartedMain] o.s.b.w.e.t.TomcatWebServer [TomcatWebServer.java:220] Tomcat started on port(s): 8080 (http) with context path '/community'
2023-03-13 19:52:09,342 INFO [restartedMain] c.n.c.CommunityApplication [StartupInfoLogger.java:57] Started CommunityApplication in 2.276 seconds (process running for 3.006)
2023-03-13 19:52:12,400 INFO [http-nio-8080-exec-1] o.a.c.c.C.[.[.[/community] [DirectJDKLog.java:173] Initializing Spring DispatcherServlet 'dispatcherServlet'
2023-03-13 19:52:12,400 INFO [http-nio-8080-exec-1] o.s.w.s.DispatcherServlet [FrameworkServlet.java:532] Initializing Servlet 'dispatcherServlet'
2023-03-13 19:52:12,403 INFO [http-nio-8080-exec-1] o.s.w.s.DispatcherServlet [FrameworkServlet.java:554] Completed initialization in 2 ms
2023-03-13 19:52:12,460 INFO [http-nio-8080-exec-1] c.z.h.HikariDataSource [HikariDataSource.java:110] HikariPool-1 - Starting...
2023-03-13 19:52:12,624 INFO [http-nio-8080-exec-1] c.z.h.p.HikariPool [HikariPool.java:565] HikariPool-1 - Added connection com.mysql.cj.jdbc.ConnectionImpl@5ca5541a
2023-03-13 19:52:12,629 INFO [http-nio-8080-exec-1] c.z.h.HikariDataSource [HikariDataSource.java:123] HikariPool-1 - Start completed.
2023-03-13 19:53:43,639 INFO [SpringApplicationShutdownHook] c.z.h.HikariDataSource [HikariDataSource.java:350] HikariPool-1 - Shutdown initiated...
2023-03-13 19:53:43,653 INFO [SpringApplicationShutdownHook] c.z.h.HikariDataSource [HikariDataSource.java:352] HikariPool-1 - Shutdown completed.
2023-03-13 19:53:48,714 INFO [main] c.n.c.CommunityApplicationTests [StartupInfoLogger.java:51] Starting CommunityApplicationTests using Java 17.0.4 with PID 54242 (started by zhikaixu in /Users/zhikaixu/Desktop/nowcoder/community)
2023-03-13 19:53:48,718 INFO [main] c.n.c.CommunityApplicationTests [SpringApplication.java:630] No active profile set, falling back to 1 default profile: "default"
2023-03-13 19:53:50,271 INFO [main] o.s.b.a.w.s.WelcomePageHandlerMapping [WelcomePageHandlerMapping.java:56] Adding welcome page template: index
2023-03-13 19:53:50,455 INFO [main] c.n.c.CommunityApplicationTests [StartupInfoLogger.java:57] Started CommunityApplicationTests in 2.221 seconds (process running for 3.053)
2023-03-13 19:53:54,182 INFO [restartedMain] c.n.c.CommunityApplication [StartupInfoLogger.java:51] Starting CommunityApplication using Java 17.0.4 with PID 54253 (/Users/zhikaixu/Desktop/nowcoder/community/target/classes started by zhikaixu in /Users/zhikaixu/Desktop/nowcoder/community)
2023-03-13 19:53:54,187 INFO [restartedMain] c.n.c.CommunityApplication [SpringApplication.java:630] No active profile set, falling back to 1 default profile: "default"
2023-03-13 19:53:54,250 INFO [restartedMain] o.s.b.d.e.DevToolsPropertyDefaultsPostProcessor [DeferredLog.java:250] Devtools property defaults active! Set 'spring.devtools.add-properties' to 'false' to disable
2023-03-13 19:53:54,250 INFO [restartedMain] o.s.b.d.e.DevToolsPropertyDefaultsPostProcessor [DeferredLog.java:250] For additional web related logging consider setting the 'logging.level.web' property to 'DEBUG'
2023-03-13 19:53:55,494 INFO [restartedMain] o.s.b.w.e.t.TomcatWebServer [TomcatWebServer.java:108] Tomcat initialized with port(s): 8080 (http)
2023-03-13 19:53:55,505 INFO [restartedMain] o.a.c.h.Http11NioProtocol [DirectJDKLog.java:173] Initializing ProtocolHandler ["http-nio-8080"]
2023-03-13 19:53:55,506 INFO [restartedMain] o.a.c.c.StandardService [DirectJDKLog.java:173] Starting service [Tomcat]
2023-03-13 19:53:55,506 INFO [restartedMain] o.a.c.c.StandardEngine [DirectJDKLog.java:173] Starting Servlet engine: [Apache Tomcat/10.1.5]
2023-03-13 19:53:55,563 INFO [restartedMain] o.a.c.c.C.[.[.[/community] [DirectJDKLog.java:173] Initializing Spring embedded WebApplicationContext
2023-03-13 19:53:55,564 INFO [restartedMain] o.s.b.w.s.c.ServletWebServerApplicationContext [ServletWebServerApplicationContext.java:291] Root WebApplicationContext: initialization completed in 1313 ms
2023-03-13 19:53:56,144 INFO [restartedMain] o.s.b.a.w.s.WelcomePageHandlerMapping [WelcomePageHandlerMapping.java:56] Adding welcome page template: index
2023-03-13 19:53:56,321 INFO [restartedMain] o.s.b.d.a.OptionalLiveReloadServer [OptionalLiveReloadServer.java:59] LiveReload server is running on port 35729
2023-03-13 19:53:56,338 INFO [restartedMain] o.a.c.h.Http11NioProtocol [DirectJDKLog.java:173] Starting ProtocolHandler ["http-nio-8080"]
2023-03-13 19:53:56,359 INFO [restartedMain] o.s.b.w.e.t.TomcatWebServer [TomcatWebServer.java:220] Tomcat started on port(s): 8080 (http) with context path '/community'
2023-03-13 19:53:56,377 INFO [restartedMain] c.n.c.CommunityApplication [StartupInfoLogger.java:57] Started CommunityApplication in 2.812 seconds (process running for 4.458)
2023-03-13 19:54:10,433 INFO [main] c.n.c.CommunityApplicationTests [StartupInfoLogger.java:51] Starting CommunityApplicationTests using Java 17.0.4 with PID 54267 (started by zhikaixu in /Users/zhikaixu/Desktop/nowcoder/community)
2023-03-13 19:54:10,439 INFO [main] c.n.c.CommunityApplicationTests [SpringApplication.java:630] No active profile set, falling back to 1 default profile: "default"
2023-03-13 19:54:12,061 INFO [main] o.s.b.a.w.s.WelcomePageHandlerMapping [WelcomePageHandlerMapping.java:56] Adding welcome page template: index
2023-03-13 19:54:12,247 INFO [main] c.n.c.CommunityApplicationTests [StartupInfoLogger.java:57] Started CommunityApplicationTests in 2.272 seconds (process running for 3.154)
2023-03-13 19:54:15,475 INFO [restartedMain] c.n.c.CommunityApplication [StartupInfoLogger.java:51] Starting CommunityApplication using Java 17.0.4 with PID 54272 (/Users/zhikaixu/Desktop/nowcoder/community/target/classes started by zhikaixu in /Users/zhikaixu/Desktop/nowcoder/community)
2023-03-13 19:54:15,479 INFO [restartedMain] c.n.c.CommunityApplication [SpringApplication.java:630] No active profile set, falling back to 1 default profile: "default"
2023-03-13 19:54:15,540 INFO [restartedMain] o.s.b.d.e.DevToolsPropertyDefaultsPostProcessor [DeferredLog.java:250] Devtools property defaults active! Set 'spring.devtools.add-properties' to 'false' to disable
2023-03-13 19:54:15,540 INFO [restartedMain] o.s.b.d.e.DevToolsPropertyDefaultsPostProcessor [DeferredLog.java:250] For additional web related logging consider setting the 'logging.level.web' property to 'DEBUG'
2023-03-13 19:54:16,747 INFO [restartedMain] o.s.b.w.e.t.TomcatWebServer [TomcatWebServer.java:108] Tomcat initialized with port(s): 8080 (http)
2023-03-13 19:54:16,758 INFO [restartedMain] o.a.c.h.Http11NioProtocol [DirectJDKLog.java:173] Initializing ProtocolHandler ["http-nio-8080"]
2023-03-13 19:54:16,759 INFO [restartedMain] o.a.c.c.StandardService [DirectJDKLog.java:173] Starting service [Tomcat]
2023-03-13 19:54:16,759 INFO [restartedMain] o.a.c.c.StandardEngine [DirectJDKLog.java:173] Starting Servlet engine: [Apache Tomcat/10.1.5]
2023-03-13 19:54:16,812 INFO [restartedMain] o.a.c.c.C.[.[.[/community] [DirectJDKLog.java:173] Initializing Spring embedded WebApplicationContext
2023-03-13 19:54:16,812 INFO [restartedMain] o.s.b.w.s.c.ServletWebServerApplicationContext [ServletWebServerApplicationContext.java:291] Root WebApplicationContext: initialization completed in 1271 ms
2023-03-13 19:54:17,351 INFO [restartedMain] o.s.b.a.w.s.WelcomePageHandlerMapping [WelcomePageHandlerMapping.java:56] Adding welcome page template: index
2023-03-13 19:54:17,508 INFO [restartedMain] o.s.b.d.a.OptionalLiveReloadServer [OptionalLiveReloadServer.java:59] LiveReload server is running on port 35729
2023-03-13 19:54:17,525 INFO [restartedMain] o.a.c.h.Http11NioProtocol [DirectJDKLog.java:173] Starting ProtocolHandler ["http-nio-8080"]
2023-03-13 19:54:17,541 INFO [restartedMain] o.s.b.w.e.t.TomcatWebServer [TomcatWebServer.java:220] Tomcat started on port(s): 8080 (http) with context path '/community'
2023-03-13 19:54:17,551 INFO [restartedMain] c.n.c.CommunityApplication [StartupInfoLogger.java:57] Started CommunityApplication in 2.797 seconds (process running for 3.753)
2023-03-13 19:54:23,735 INFO [http-nio-8080-exec-1] o.a.c.c.C.[.[.[/community] [DirectJDKLog.java:173] Initializing Spring DispatcherServlet 'dispatcherServlet'
2023-03-13 19:54:23,735 INFO [http-nio-8080-exec-1] o.s.w.s.DispatcherServlet [FrameworkServlet.java:532] Initializing Servlet 'dispatcherServlet'
2023-03-13 19:54:23,736 INFO [http-nio-8080-exec-1] o.s.w.s.DispatcherServlet [FrameworkServlet.java:554] Completed initialization in 1 ms
2023-03-13 19:56:22,670 INFO [main] c.n.c.CommunityApplicationTests [StartupInfoLogger.java:51] Starting CommunityApplicationTests using Java 17.0.4 with PID 54351 (started by zhikaixu in /Users/zhikaixu/Desktop/nowcoder/community)
2023-03-13 19:56:22,674 INFO [main] c.n.c.CommunityApplicationTests [SpringApplication.java:630] No active profile set, falling back to 1 default profile: "default"
2023-03-13 19:56:24,234 INFO [main] o.s.b.a.w.s.WelcomePageHandlerMapping [WelcomePageHandlerMapping.java:56] Adding welcome page template: index
2023-03-13 19:56:24,408 INFO [main] c.n.c.CommunityApplicationTests [StartupInfoLogger.java:57] Started CommunityApplicationTests in 2.182 seconds (process running for 3.031)
2023-03-13 19:56:27,817 INFO [restartedMain] c.n.c.CommunityApplication [StartupInfoLogger.java:51] Starting CommunityApplication using Java 17.0.4 with PID 54366 (/Users/zhikaixu/Desktop/nowcoder/community/target/classes started by zhikaixu in /Users/zhikaixu/Desktop/nowcoder/community)
2023-03-13 19:56:27,819 INFO [restartedMain] c.n.c.CommunityApplication [SpringApplication.java:630] No active profile set, falling back to 1 default profile: "default"
2023-03-13 19:56:27,877 INFO [restartedMain] o.s.b.d.e.DevToolsPropertyDefaultsPostProcessor [DeferredLog.java:250] Devtools property defaults active! Set 'spring.devtools.add-properties' to 'false' to disable
2023-03-13 19:56:27,877 INFO [restartedMain] o.s.b.d.e.DevToolsPropertyDefaultsPostProcessor [DeferredLog.java:250] For additional web related logging consider setting the 'logging.level.web' property to 'DEBUG'
2023-03-13 19:56:29,009 INFO [restartedMain] o.s.b.w.e.t.TomcatWebServer [TomcatWebServer.java:108] Tomcat initialized with port(s): 8080 (http)
2023-03-13 19:56:29,018 INFO [restartedMain] o.a.c.h.Http11NioProtocol [DirectJDKLog.java:173] Initializing ProtocolHandler ["http-nio-8080"]
2023-03-13 19:56:29,019 INFO [restartedMain] o.a.c.c.StandardService [DirectJDKLog.java:173] Starting service [Tomcat]
2023-03-13 19:56:29,019 INFO [restartedMain] o.a.c.c.StandardEngine [DirectJDKLog.java:173] Starting Servlet engine: [Apache Tomcat/10.1.5]
2023-03-13 19:56:29,069 INFO [restartedMain] o.a.c.c.C.[.[.[/community] [DirectJDKLog.java:173] Initializing Spring embedded WebApplicationContext
2023-03-13 19:56:29,070 INFO [restartedMain] o.s.b.w.s.c.ServletWebServerApplicationContext [ServletWebServerApplicationContext.java:291] Root WebApplicationContext: initialization completed in 1191 ms
2023-03-13 19:56:29,600 INFO [restartedMain] o.s.b.a.w.s.WelcomePageHandlerMapping [WelcomePageHandlerMapping.java:56] Adding welcome page template: index
2023-03-13 19:56:29,750 INFO [restartedMain] o.s.b.d.a.OptionalLiveReloadServer [OptionalLiveReloadServer.java:59] LiveReload server is running on port 35729
2023-03-13 19:56:29,767 INFO [restartedMain] o.a.c.h.Http11NioProtocol [DirectJDKLog.java:173] Starting ProtocolHandler ["http-nio-8080"]
2023-03-13 19:56:29,782 INFO [restartedMain] o.s.b.w.e.t.TomcatWebServer [TomcatWebServer.java:220] Tomcat started on port(s): 8080 (http) with context path '/community'
2023-03-13 19:56:29,792 INFO [restartedMain] c.n.c.CommunityApplication [StartupInfoLogger.java:57] Started CommunityApplication in 2.533 seconds (process running for 3.477)
2023-03-13 19:56:33,305 INFO [http-nio-8080-exec-1] o.a.c.c.C.[.[.[/community] [DirectJDKLog.java:173] Initializing Spring DispatcherServlet 'dispatcherServlet'
2023-03-13 19:56:33,305 INFO [http-nio-8080-exec-1] o.s.w.s.DispatcherServlet [FrameworkServlet.java:532] Initializing Servlet 'dispatcherServlet'
2023-03-13 19:56:33,307 INFO [http-nio-8080-exec-1] o.s.w.s.DispatcherServlet [FrameworkServlet.java:554] Completed initialization in 1 ms
2023-03-13 19:56:46,743 INFO [main] c.n.c.CommunityApplicationTests [StartupInfoLogger.java:51] Starting CommunityApplicationTests using Java 17.0.4 with PID 54383 (started by zhikaixu in /Users/zhikaixu/Desktop/nowcoder/community)
2023-03-13 19:56:46,745 INFO [main] c.n.c.CommunityApplicationTests [SpringApplication.java:630] No active profile set, falling back to 1 default profile: "default"
2023-03-13 19:56:48,352 INFO [main] o.s.b.a.w.s.WelcomePageHandlerMapping [WelcomePageHandlerMapping.java:56] Adding welcome page template: index
2023-03-13 19:56:48,548 INFO [main] c.n.c.CommunityApplicationTests [StartupInfoLogger.java:57] Started CommunityApplicationTests in 2.226 seconds (process running for 3.087)
2023-03-13 19:56:51,527 INFO [restartedMain] c.n.c.CommunityApplication [StartupInfoLogger.java:51] Starting CommunityApplication using Java 17.0.4 with PID 54389 (/Users/zhikaixu/Desktop/nowcoder/community/target/classes started by zhikaixu in /Users/zhikaixu/Desktop/nowcoder/community)
2023-03-13 19:56:51,529 INFO [restartedMain] c.n.c.CommunityApplication [SpringApplication.java:630] No active profile set, falling back to 1 default profile: "default"
2023-03-13 19:56:51,571 INFO [restartedMain] o.s.b.d.e.DevToolsPropertyDefaultsPostProcessor [DeferredLog.java:250] Devtools property defaults active! Set 'spring.devtools.add-properties' to 'false' to disable
2023-03-13 19:56:51,572 INFO [restartedMain] o.s.b.d.e.DevToolsPropertyDefaultsPostProcessor [DeferredLog.java:250] For additional web related logging consider setting the 'logging.level.web' property to 'DEBUG'
2023-03-13 19:56:52,664 INFO [restartedMain] o.s.b.w.e.t.TomcatWebServer [TomcatWebServer.java:108] Tomcat initialized with port(s): 8080 (http)
2023-03-13 19:56:52,672 INFO [restartedMain] o.a.c.h.Http11NioProtocol [DirectJDKLog.java:173] Initializing ProtocolHandler ["http-nio-8080"]
2023-03-13 19:56:52,674 INFO [restartedMain] o.a.c.c.StandardService [DirectJDKLog.java:173] Starting service [Tomcat]
2023-03-13 19:56:52,674 INFO [restartedMain] o.a.c.c.StandardEngine [DirectJDKLog.java:173] Starting Servlet engine: [Apache Tomcat/10.1.5]
2023-03-13 19:56:52,722 INFO [restartedMain] o.a.c.c.C.[.[.[/community] [DirectJDKLog.java:173] Initializing Spring embedded WebApplicationContext
2023-03-13 19:56:52,723 INFO [restartedMain] o.s.b.w.s.c.ServletWebServerApplicationContext [ServletWebServerApplicationContext.java:291] Root WebApplicationContext: initialization completed in 1151 ms
2023-03-13 19:56:53,243 INFO [restartedMain] o.s.b.a.w.s.WelcomePageHandlerMapping [WelcomePageHandlerMapping.java:56] Adding welcome page template: index
2023-03-13 19:56:53,409 INFO [restartedMain] o.s.b.d.a.OptionalLiveReloadServer [OptionalLiveReloadServer.java:59] LiveReload server is running on port 35729
2023-03-13 19:56:53,426 INFO [restartedMain] o.a.c.h.Http11NioProtocol [DirectJDKLog.java:173] Starting ProtocolHandler ["http-nio-8080"]
2023-03-13 19:56:53,445 INFO [restartedMain] o.s.b.w.e.t.TomcatWebServer [TomcatWebServer.java:220] Tomcat started on port(s): 8080 (http) with context path '/community'
2023-03-13 19:56:53,460 INFO [restartedMain] c.n.c.CommunityApplication [StartupInfoLogger.java:57] Started CommunityApplication in 2.688 seconds (process running for 3.538)
2023-03-13 19:57:09,502 INFO [http-nio-8080-exec-1] o.a.c.c.C.[.[.[/community] [DirectJDKLog.java:173] Initializing Spring DispatcherServlet 'dispatcherServlet'
2023-03-13 19:57:09,504 INFO [http-nio-8080-exec-1] o.s.w.s.DispatcherServlet [FrameworkServlet.java:532] Initializing Servlet 'dispatcherServlet'
2023-03-13 19:57:09,505 INFO [http-nio-8080-exec-1] o.s.w.s.DispatcherServlet [FrameworkServlet.java:554] Completed initialization in 1 ms
2023-03-13 20:01:59,694 INFO [main] c.n.c.CommunityApplicationTests [StartupInfoLogger.java:51] Starting CommunityApplicationTests using Java 17.0.4 with PID 54537 (started by zhikaixu in /Users/zhikaixu/Desktop/nowcoder/community)
2023-03-13 20:01:59,699 INFO [main] c.n.c.CommunityApplicationTests [SpringApplication.java:630] No active profile set, falling back to 1 default profile: "default"
2023-03-13 20:02:01,367 INFO [main] o.s.b.a.w.s.WelcomePageHandlerMapping [WelcomePageHandlerMapping.java:56] Adding welcome page template: index
2023-03-13 20:02:01,557 INFO [main] c.n.c.CommunityApplicationTests [StartupInfoLogger.java:57] Started CommunityApplicationTests in 2.335 seconds (process running for 3.245)
2023-03-13 20:02:05,057 INFO [restartedMain] c.n.c.CommunityApplication [StartupInfoLogger.java:51] Starting CommunityApplication using Java 17.0.4 with PID 54551 (/Users/zhikaixu/Desktop/nowcoder/community/target/classes started by zhikaixu in /Users/zhikaixu/Desktop/nowcoder/community)
2023-03-13 20:02:05,061 INFO [restartedMain] c.n.c.CommunityApplication [SpringApplication.java:630] No active profile set, falling back to 1 default profile: "default"
2023-03-13 20:02:05,103 INFO [restartedMain] o.s.b.d.e.DevToolsPropertyDefaultsPostProcessor [DeferredLog.java:250] Devtools property defaults active! Set 'spring.devtools.add-properties' to 'false' to disable
2023-03-13 20:02:05,104 INFO [restartedMain] o.s.b.d.e.DevToolsPropertyDefaultsPostProcessor [DeferredLog.java:250] For additional web related logging consider setting the 'logging.level.web' property to 'DEBUG'
2023-03-13 20:02:06,254 INFO [restartedMain] o.s.b.w.e.t.TomcatWebServer [TomcatWebServer.java:108] Tomcat initialized with port(s): 8080 (http)
2023-03-13 20:02:06,265 INFO [restartedMain] o.a.c.h.Http11NioProtocol [DirectJDKLog.java:173] Initializing ProtocolHandler ["http-nio-8080"]
2023-03-13 20:02:06,266 INFO [restartedMain] o.a.c.c.StandardService [DirectJDKLog.java:173] Starting service [Tomcat]
2023-03-13 20:02:06,266 INFO [restartedMain] o.a.c.c.StandardEngine [DirectJDKLog.java:173] Starting Servlet engine: [Apache Tomcat/10.1.5]
2023-03-13 20:02:06,316 INFO [restartedMain] o.a.c.c.C.[.[.[/community] [DirectJDKLog.java:173] Initializing Spring embedded WebApplicationContext
2023-03-13 20:02:06,317 INFO [restartedMain] o.s.b.w.s.c.ServletWebServerApplicationContext [ServletWebServerApplicationContext.java:291] Root WebApplicationContext: initialization completed in 1213 ms
2023-03-13 20:02:06,823 INFO [restartedMain] o.s.b.a.w.s.WelcomePageHandlerMapping [WelcomePageHandlerMapping.java:56] Adding welcome page template: index
2023-03-13 20:02:06,982 INFO [restartedMain] o.s.b.d.a.OptionalLiveReloadServer [OptionalLiveReloadServer.java:59] LiveReload server is running on port 35729
2023-03-13 20:02:07,002 INFO [restartedMain] o.a.c.h.Http11NioProtocol [DirectJDKLog.java:173] Starting ProtocolHandler ["http-nio-8080"]
2023-03-13 20:02:07,018 INFO [restartedMain] o.s.b.w.e.t.TomcatWebServer [TomcatWebServer.java:220] Tomcat started on port(s): 8080 (http) with context path '/community'
2023-03-13 20:02:07,029 INFO [restartedMain] c.n.c.CommunityApplication [StartupInfoLogger.java:57] Started CommunityApplication in 2.659 seconds (process running for 3.519)
2023-03-13 20:02:15,185 INFO [http-nio-8080-exec-1] o.a.c.c.C.[.[.[/community] [DirectJDKLog.java:173] Initializing Spring DispatcherServlet 'dispatcherServlet'
2023-03-13 20:02:15,185 INFO [http-nio-8080-exec-1] o.s.w.s.DispatcherServlet [FrameworkServlet.java:532] Initializing Servlet 'dispatcherServlet'
2023-03-13 20:02:15,186 INFO [http-nio-8080-exec-1] o.s.w.s.DispatcherServlet [FrameworkServlet.java:554] Completed initialization in 1 ms
2023-03-13 20:02:15,257 INFO [http-nio-8080-exec-1] c.z.h.HikariDataSource [HikariDataSource.java:110] HikariPool-1 - Starting...
2023-03-13 20:02:15,411 INFO [http-nio-8080-exec-1] c.z.h.p.HikariPool [HikariPool.java:565] HikariPool-1 - Added connection com.mysql.cj.jdbc.ConnectionImpl@275a688e
2023-03-13 20:02:15,414 INFO [http-nio-8080-exec-1] c.z.h.HikariDataSource [HikariDataSource.java:123] HikariPool-1 - Start completed.
2023-03-13 20:03:11,875 INFO [SpringApplicationShutdownHook] c.z.h.HikariDataSource [HikariDataSource.java:350] HikariPool-1 - Shutdown initiated...
2023-03-13 20:03:11,882 INFO [SpringApplicationShutdownHook] c.z.h.HikariDataSource [HikariDataSource.java:352] HikariPool-1 - Shutdown completed.
2023-03-13 20:03:17,084 INFO [main] c.n.c.CommunityApplicationTests [StartupInfoLogger.java:51] Starting CommunityApplicationTests using Java 17.0.4 with PID 54598 (started by zhikaixu in /Users/zhikaixu/Desktop/nowcoder/community)
2023-03-13 20:03:17,086 INFO [main] c.n.c.CommunityApplicationTests [SpringApplication.java:630] No active profile set, falling back to 1 default profile: "default"
2023-03-13 20:03:18,726 INFO [main] o.s.b.a.w.s.WelcomePageHandlerMapping [WelcomePageHandlerMapping.java:56] Adding welcome page template: index
2023-03-13 20:03:18,924 INFO [main] c.n.c.CommunityApplicationTests [StartupInfoLogger.java:57] Started CommunityApplicationTests in 2.343 seconds (process running for 3.203)
2023-03-13 20:03:22,358 INFO [restartedMain] c.n.c.CommunityApplication [StartupInfoLogger.java:51] Starting CommunityApplication using Java 17.0.4 with PID 54607 (/Users/zhikaixu/Desktop/nowcoder/community/target/classes started by zhikaixu in /Users/zhikaixu/Desktop/nowcoder/community)
2023-03-13 20:03:22,362 INFO [restartedMain] c.n.c.CommunityApplication [SpringApplication.java:630] No active profile set, falling back to 1 default profile: "default"
2023-03-13 20:03:22,405 INFO [restartedMain] o.s.b.d.e.DevToolsPropertyDefaultsPostProcessor [DeferredLog.java:250] Devtools property defaults active! Set 'spring.devtools.add-properties' to 'false' to disable
2023-03-13 20:03:22,406 INFO [restartedMain] o.s.b.d.e.DevToolsPropertyDefaultsPostProcessor [DeferredLog.java:250] For additional web related logging consider setting the 'logging.level.web' property to 'DEBUG'
2023-03-13 20:03:23,534 INFO [restartedMain] o.s.b.w.e.t.TomcatWebServer [TomcatWebServer.java:108] Tomcat initialized with port(s): 8080 (http)
2023-03-13 20:03:23,543 INFO [restartedMain] o.a.c.h.Http11NioProtocol [DirectJDKLog.java:173] Initializing ProtocolHandler ["http-nio-8080"]
2023-03-13 20:03:23,545 INFO [restartedMain] o.a.c.c.StandardService [DirectJDKLog.java:173] Starting service [Tomcat]
2023-03-13 20:03:23,546 INFO [restartedMain] o.a.c.c.StandardEngine [DirectJDKLog.java:173] Starting Servlet engine: [Apache Tomcat/10.1.5]
2023-03-13 20:03:23,598 INFO [restartedMain] o.a.c.c.C.[.[.[/community] [DirectJDKLog.java:173] Initializing Spring embedded WebApplicationContext
2023-03-13 20:03:23,599 INFO [restartedMain] o.s.b.w.s.c.ServletWebServerApplicationContext [ServletWebServerApplicationContext.java:291] Root WebApplicationContext: initialization completed in 1193 ms
2023-03-13 20:03:24,164 INFO [restartedMain] o.s.b.a.w.s.WelcomePageHandlerMapping [WelcomePageHandlerMapping.java:56] Adding welcome page template: index
2023-03-13 20:03:24,352 INFO [restartedMain] o.s.b.d.a.OptionalLiveReloadServer [OptionalLiveReloadServer.java:59] LiveReload server is running on port 35729
2023-03-13 20:03:24,371 INFO [restartedMain] o.a.c.h.Http11NioProtocol [DirectJDKLog.java:173] Starting ProtocolHandler ["http-nio-8080"]
2023-03-13 20:03:24,399 INFO [restartedMain] o.s.b.w.e.t.TomcatWebServer [TomcatWebServer.java:220] Tomcat started on port(s): 8080 (http) with context path '/community'
2023-03-13 20:03:24,410 INFO [restartedMain] c.n.c.CommunityApplication [StartupInfoLogger.java:57] Started CommunityApplication in 2.907 seconds (process running for 3.691)
2023-03-13 20:03:28,209 INFO [http-nio-8080-exec-1] o.a.c.c.C.[.[.[/community] [DirectJDKLog.java:173] Initializing Spring DispatcherServlet 'dispatcherServlet'
2023-03-13 20:03:28,211 INFO [http-nio-8080-exec-1] o.s.w.s.DispatcherServlet [FrameworkServlet.java:532] Initializing Servlet 'dispatcherServlet'
2023-03-13 20:03:28,212 INFO [http-nio-8080-exec-1] o.s.w.s.DispatcherServlet [FrameworkServlet.java:554] Completed initialization in 1 ms
